"AddressSpacePrototyping";Information;1637887218;;"Address Space Prototyping (asp.exe) Version 6.4.6.30717";;;;"2021-08-10T21:22:49.5911776Z";;
"AddressSpacePrototyping";Information;1637887219;;"Copyright(c) 2021 Mariusz Postol";;;;"2021-08-10T21:22:49.5921780Z";;
"AddressSpacePrototyping";Verbose;6710129;;"Creating Address Space populated using Standard Model. It will take a while ...";;;;"2021-08-10T21:22:49.7001834Z";;
"UANodeSetValidation";Verbose;43988162;;"Trace: Verbose, Error Focus: Diagnostic, Identifier: P0-0003010000 Description: It is diagnostic information Entering AddressSpaceContext creator - starting creation the OPC UA Address Space.";;;;"2021-08-10T21:22:49.7071844Z";;
"UANodeSetValidation";Verbose;43988162;;"Trace: Verbose, Error Focus: Diagnostic, Identifier: P0-0003010000 Description: It is diagnostic information Address Space - the OPC UA defined has been uploaded.";;;;"2021-08-10T21:22:49.9321770Z";;
"UANodeSetValidation";Verbose;43988162;;"Trace: Verbose, Error Focus: Diagnostic, Identifier: P0-0003010000 Description: It is diagnostic information Finished import UANodeSet for http://opcfoundation.org/UA/; Imported 3909 nodes.";;;;"2021-08-10T21:23:19.2138160Z";;
"UANodeSetValidation";Verbose;43988162;;"Trace: Verbose, Error Focus: Diagnostic, Identifier: P0-0003010000 Description: It is diagnostic information Address Space - has bee created successfully.";;;;"2021-08-10T21:23:19.2138160Z";;
"AddressSpacePrototyping";Verbose;1637887216;;"Importing UANodeSet document from file C:\VS.git\UAOOI\OPCF\mpostol.UA-Nodeset\DI\Opc.Ua.Di.NodeSet2.xml";;;;"2021-08-10T21:23:19.2294770Z";;
"UANodeSetValidation";Information;190380256;;"Starting model import form file Opc.Ua.Di.NodeSet2.xml";;;;"2021-08-10T21:23:19.2294770Z";;
"UANodeSetValidation";Verbose;43988162;;"Trace: Verbose, Error Focus: Diagnostic, Identifier: P0-0003010000 Description: It is diagnostic information Finished import UANodeSet for http://opcfoundation.org/UA/DI/; Imported 373 nodes.";;;;"2021-08-10T21:23:25.9193964Z";;
"AddressSpacePrototyping";Verbose;1637887216;;"Importing UANodeSet document from file C:\VS.git\UAOOI\OPCF\mpostol.UA-Nodeset\FDT\Opc.Ua.FDT.NodeSet2.xml";;;;"2021-08-10T21:23:25.9193964Z";;
"UANodeSetValidation";Information;190380256;;"Starting model import form file Opc.Ua.FDT.NodeSet2.xml";;;;"2021-08-10T21:23:25.9193964Z";;
"UANodeSetValidation";Warning;43988162;;"Trace: Warning, Error Focus: Diagnostic, Identifier: P0-0001010000 Description: The XML attribute or element is not supported and neglected. Extensions are omitted during the import";;;;"2021-08-10T21:23:25.9334814Z";;
"UANodeSetValidation";Warning;43988162;;"Trace: Warning, Error Focus: XML, Identifier: P0-0001030000 Description: Models element cannot be null or empty Added default model http://opcfoundation.org/UA/schemas/FDT/1.0/";;;;"2021-08-10T21:23:25.9344759Z";;
"UANodeSetValidation";Verbose;43988162;;"Trace: Verbose, Error Focus: Diagnostic, Identifier: P0-0003010000 Description: It is diagnostic information Finished import UANodeSet for http://opcfoundation.org/UA/schemas/FDT/1.0/; Imported 74 nodes.";;;;"2021-08-10T21:23:27.1151838Z";;
"AddressSpacePrototyping";Verbose;1637887217;;"Validating and exporting a model from namespace http://opcfoundation.org/UA/schemas/FDT/1.0/";;;;"2021-08-10T21:23:27.1151838Z";;
"UANodeSetValidation";Information;856488909;;"Entering IAddressSpaceContext.ValidateAndExportModel - starting for the http://opcfoundation.org/UA/schemas/FDT/1.0/ namespace.";;;;"2021-08-10T21:23:27.1161859Z";;
"UANodeSetValidation";Verbose;938023414;;"Selected 23 types to be validated.";;;;"2021-08-10T21:23:27.1251848Z";;
"UANodeSetValidation";Verbose;863907859;;"Selected 0 instances referenced by the ObjectsFolder to be validated.";;;;"2021-08-10T21:23:27.1271885Z";;
"UANodeSetValidation";Verbose;43988162;;"Trace: Verbose, Error Focus: Diagnostic, Identifier: P0-0003010000 Description: It is diagnostic information Removed the graph of nodes at http://opcfoundation.org/UA/:HasEncoding from the model";;;;"2021-08-10T21:23:27.1621878Z";;
"UANodeSetValidation";Warning;226242104;;"Finishing Validator.ValidateExportModel - the model contains 23 nodes and 1 errors reported.";;;;"2021-08-10T21:23:27.1922222Z";;
"AddressSpacePrototyping";Verbose;1637887217;;"Writing model to XML file Opc.Ua.FDT.Model.xml";;;;"2021-08-10T21:23:27.1931865Z";;
"UAModelDesignExport";Information;279330276;;"The ModelDesign XML has been saved to file Opc.Ua.FDT.Model.xml and decorated with the stylesheet XMLstylesheet";;;;"2021-08-10T21:23:27.3501854Z";;
"AddressSpacePrototyping";Verbose;918215642;;"Execution time = 38s";;;;"2021-08-10T21:23:27.9692216Z";;
