"AddressSpacePrototyping";Information;1637887218;;"Address Space Prototyping (asp.exe) Version 6.4.5.17837";;;;"2021-08-09T08:01:06.8255275Z";;
"AddressSpacePrototyping";Information;1637887219;;"Copyright(c) 2021 Mariusz Postol";;;;"2021-08-09T08:01:06.8255275Z";;
"UANodeSetValidation";Information;190380256;;"Starting model import form file Opc.Ua.Di.NodeSet2.xml";;;;"2021-08-09T08:01:39.9590898Z";;
"UANodeSetValidation";Information;190380256;;"Starting model import form file Opc.Ua.PLCopen.NodeSet2_V1.02.xml";;;;"2021-08-09T08:01:47.0423629Z";;
"UANodeSetValidation";Information;856488909;;"Entering IAddressSpaceContext.ValidateAndExportModel - starting for the http://plcopen.org/OpcUa/IEC61131-3/ namespace.";;;;"2021-08-09T08:01:48.1733704Z";;
"UANodeSetValidation";Warning;43988162;;"Trace: Warning, Error Focus: NonCategorized, Identifier: P0-0002010000 Description: General processing error see trace for details. Error caught while processing the node ns=2;i=1001. The message: Object reference not set to an instance of an object. at    at UAOOI.SemanticData.UANodeSetValidation.Extensions.GetObject[type](XmlElement xmlElement) in C:\VS.git\UAOOI\OPC-UA-OOI\SemanticData\UANodeSetValidation\Extensions.cs:line 340
   at UAOOI.SemanticData.UANodeSetValidation.Extensions.GetParameters(XmlElement xmlElement) in C:\VS.git\UAOOI\OPC-UA-OOI\SemanticData\UANodeSetValidation\Extensions.cs:line 220
   at UAOOI.SemanticData.UANodeSetValidation.Validator.GetParameters(XmlElement arguments) in C:\VS.git\UAOOI\OPC-UA-OOI\SemanticData\UANodeSetValidation\Validator.cs:line 324
   at UAOOI.SemanticData.UANodeSetValidation.Validator.<Update>b__11_0(XmlElement x) in C:\VS.git\UAOOI\OPC-UA-OOI\SemanticData\UANodeSetValidation\Validator.cs:line 208
   at UAOOI.SemanticData.UAModelDesignExport.MethodInstanceFactoryBase.RemoveArguments(String parameterKind, Func`2 getParameters) in C:\VS.git\UAOOI\OPC-UA-OOI\SemanticData\UAModelDesignExport\MethodInstanceFactoryBase.cs:line 151
   at UAOOI.SemanticData.UAModelDesignExport.MethodInstanceFactoryBase.AddInputArguments(Func`2 argument) in C:\VS.git\UAOOI\OPC-UA-OOI\SemanticData\UAModelDesignExport\MethodInstanceFactoryBase.cs:line 72
   at UAOOI.SemanticData.UANodeSetValidation.Validator.Update(IMethodInstanceFactory nodeDesign, UAMethod nodeSet, UAReferenceContext parentReference) in C:\VS.git\UAOOI\OPC-UA-OOI\SemanticData\UANodeSetValidation\Validator.cs:line 208
   at UAOOI.SemanticData.UANodeSetValidation.Validator.<>c__DisplayClass2_0.<ValidateExportNode>b__1(IMethodInstanceFactory x, UAMethod y) in C:\VS.git\UAOOI\OPC-UA-OOI\SemanticData\UANodeSetValidation\Validator.cs:line 78
   at UAOOI.SemanticData.UANodeSetValidation.Validator.CreateNode[FactoryType,NodeSetType](Func`1 createNode, IUANodeBase nodeContext, Action`2 updateNode, Action`3 updateBase) in C:\VS.git\UAOOI\OPC-UA-OOI\SemanticData\UANodeSetValidation\Validator.cs:line 278
   at UAOOI.SemanticData.UANodeSetValidation.Validator.ValidateExportNode(IUANodeBase nodeContext, INodeContainer exportFactory, UAReferenceContext parentReference) in C:\VS.git\UAOOI\OPC-UA-OOI\SemanticData\UANodeSetValidation\Validator.cs:line 78
   at UAOOI.SemanticData.UANodeSetValidation.UANodeContext.UAOOI.SemanticData.UANodeSetValidation.IUANodeBase.CalculateNodeReferences(INodeFactory nodeFactory, IValidator validator) in C:\VS.git\UAOOI\OPC-UA-OOI\SemanticData\UANodeSetValidation\UANodeContext.cs:line 210
   at UAOOI.SemanticData.UANodeSetValidation.Validator.CreateNode[FactoryType,NodeSetType](Func`1 createNode, IUANodeBase nodeContext, Action`2 updateNode, Action`3 updateBase) in C:\VS.git\UAOOI\OPC-UA-OOI\SemanticData\UANodeSetValidation\Validator.cs:line 254
   at UAOOI.SemanticData.UANodeSetValidation.Validator.ValidateExportNode(IUANodeBase nodeContext, INodeContainer exportFactory, UAReferenceContext parentReference) in C:\VS.git\UAOOI\OPC-UA-OOI\SemanticData\UANodeSetValidation\Validator.cs:line 82
   at UAOOI.SemanticData.UANodeSetValidation.UANodeContext.UAOOI.SemanticData.UANodeSetValidation.IUANodeBase.CalculateNodeReferences(INodeFactory nodeFactory, IValidator validator) in C:\VS.git\UAOOI\OPC-UA-OOI\SemanticData\UANodeSetValidation\UANodeContext.cs:line 210
   at UAOOI.SemanticData.UANodeSetValidation.Validator.CreateNode[FactoryType,NodeSetType](Func`1 createNode, IUANodeBase nodeContext, Action`2 updateNode, Action`3 updateBase) in C:\VS.git\UAOOI\OPC-UA-OOI\SemanticData\UANodeSetValidation\Validator.cs:line 254
   at UAOOI.SemanticData.UANodeSetValidation.Validator.ValidateExportNode(IUANodeBase nodeContext, INodeContainer exportFactory, UAReferenceContext parentReference) in C:\VS.git\UAOOI\OPC-UA-OOI\SemanticData\UANodeSetValidation\Validator.cs:line 86
   at UAOOI.SemanticData.UANodeSetValidation.Validator.ValidateExportNode(IUANodeBase nodeContext, INodeContainer exportFactory) in C:\VS.git\UAOOI\OPC-UA-OOI\SemanticData\UANodeSetValidation\Validator.cs:line 43
   at UAOOI.SemanticData.UANodeSetValidation.AddressSpaceContext.ValidateAndExportModel(Int32 nameSpaceIndex) in C:\VS.git\UAOOI\OPC-UA-OOI\SemanticData\UANodeSetValidation\AddressSpaceContext.cs:line 323.";;;;"2021-08-09T08:01:48.2553612Z";;
"UANodeSetValidation";Warning;226242104;;"Finishing Validator.ValidateExportModel - the model contains 28 nodes and 1 errors reported.";;;;"2021-08-09T08:01:48.3293639Z";;
"UAModelDesignExport";Warning;39445735;;"Trace: Warning, Error Focus: NonCategorized, Identifier: P0-0002010000 Description: General processing error see trace for details. Error caught while processing the node . The message: Object reference not set to an instance of an object. at    at UAOOI.SemanticData.UAModelDesignExport.NodeFactoryBase.UpdateNode(NodeDesign nodeDesign, List`1 path, Action`2 createInstanceType) in C:\VS.git\UAOOI\OPC-UA-OOI\SemanticData\UAModelDesignExport\NodeFactoryBase.cs:line 136
   at UAOOI.SemanticData.UAModelDesignExport.TypeFactoryBase.Update(TypeDesign nodeDesign, List`1 path, Action`2 createInstanceType) in C:\VS.git\UAOOI\OPC-UA-OOI\SemanticData\UAModelDesignExport\TypeFactoryBase.cs:line 65
   at UAOOI.SemanticData.UAModelDesignExport.ObjectTypeFactoryBase.Export(List`1 path, Action`2 createInstanceType) in C:\VS.git\UAOOI\OPC-UA-OOI\SemanticData\UAModelDesignExport\ObjectTypeFactoryBase.cs:line 36
   at UAOOI.SemanticData.UAModelDesignExport.NodesContainer.ExportNodes(List`1 members, List`1 path, Action`2 createInstanceType) in C:\VS.git\UAOOI\OPC-UA-OOI\SemanticData\UAModelDesignExport\NodesContainer.cs:line 78.";;;;"2021-08-09T08:01:48.3433624Z";;
"UAModelDesignExport";Information;279330276;;"The ModelDesign XML has been saved to file Opc.Ua.PLCopen.Model.xml and decorated with the stylesheet XMLstylesheet";;;;"2021-08-09T08:01:48.6243611Z";;
