"AddressSpacePrototyping";Information;1637887218;;"Address Space Prototyping (asp.exe) Version 6.3.2.23344";;;;"2021-05-26T14:57:16.6809547Z";;
"AddressSpacePrototyping";Information;1637887219;;"Copyright(c) 2021 Mariusz Postol";;;;"2021-05-26T14:57:16.6809547Z";;
"AddressSpacePrototyping";Verbose;6710129;;"Creating Address Space populated using Standard Model. It will take a while ...";;;;"2021-05-26T14:57:16.7979526Z";;
"UANodeSetValidation";Verbose;43988162;;"Trace: Verbose, Error Focus: Diagnostic, Identifier: P0-0003010000 Description: It is diagnostic information Entering AddressSpaceContext creator - starting creation the OPC UA Address Space.";;;;"2021-05-26T14:57:16.8129526Z";;
"UANodeSetValidation";Verbose;43988162;;"Trace: Verbose, Error Focus: Diagnostic, Identifier: P0-0003010000 Description: It is diagnostic information Address Space - the OPC UA defined has been uploaded.";;;;"2021-05-26T14:57:17.1250388Z";;
"UANodeSetValidation";Verbose;43988162;;"Trace: Verbose, Error Focus: Diagnostic, Identifier: P0-0003010000 Description: It is diagnostic information Finished import UANodeSet for http://opcfoundation.org/UA/; Imported 3909 nodes.";;;;"2021-05-26T14:58:21.3810073Z";;
"UANodeSetValidation";Verbose;43988162;;"Trace: Verbose, Error Focus: Diagnostic, Identifier: P0-0003010000 Description: It is diagnostic information Address Space - has bee created successfully.";;;;"2021-05-26T14:58:21.3810073Z";;
"AddressSpacePrototyping";Verbose;1637887216;;"Importing UANodeSet document from file C:\VS.git\UAOOI\OPCF\mpostol.UA-Nodeset\AML\Opc.Ua.AMLBaseTypes.NodeSet2.xml";;;;"2021-05-26T14:58:21.3890097Z";;
"UANodeSetValidation";Information;190380256;;"Starting model import form file Opc.Ua.AMLBaseTypes.NodeSet2.xml";;;;"2021-05-26T14:58:21.3890097Z";;
"UANodeSetValidation";Verbose;43988162;;"Trace: Verbose, Error Focus: Diagnostic, Identifier: P0-0003010000 Description: It is diagnostic information Finished import UANodeSet for http://opcfoundation.org/UA/AML/; Imported 28 nodes.";;;;"2021-05-26T14:58:22.2416028Z";;
"AddressSpacePrototyping";Verbose;1637887217;;"Validating and exporting a model from namespace http://opcfoundation.org/UA/AML/";;;;"2021-05-26T14:58:22.2416028Z";;
"UANodeSetValidation";Information;856488909;;"Entering IAddressSpaceContext.ValidateAndExportModel - starting for the http://opcfoundation.org/UA/AML/ namespace.";;;;"2021-05-26T14:58:22.2426028Z";;
"UANodeSetValidation";Verbose;938023414;;"Selected 10 types to be validated.";;;;"2021-05-26T14:58:22.2536010Z";;
"UANodeSetValidation";Verbose;863907859;;"Selected 3 instances referenced by the ObjectsFolder to be validated.";;;;"2021-05-26T14:58:22.2556014Z";;
"UANodeSetValidation";Verbose;43988162;;"Trace: Verbose, Error Focus: Diagnostic, Identifier: P0-0003010000 Description: It is diagnostic information Documentation is not supported. You must fix it manually.";;;;"2021-05-26T14:58:22.2796030Z";;
"UANodeSetValidation";Verbose;43988162;;"Trace: Verbose, Error Focus: Diagnostic, Identifier: P0-0003010000 Description: It is diagnostic information Documentation is not supported. You must fix it manually.";;;;"2021-05-26T14:58:22.2846042Z";;
"UANodeSetValidation";Verbose;43988162;;"Trace: Verbose, Error Focus: Diagnostic, Identifier: P0-0003010000 Description: It is diagnostic information Documentation is not supported. You must fix it manually.";;;;"2021-05-26T14:58:22.2856030Z";;
"UANodeSetValidation";Verbose;43988162;;"Trace: Verbose, Error Focus: Diagnostic, Identifier: P0-0003010000 Description: It is diagnostic information Documentation is not supported. You must fix it manually.";;;;"2021-05-26T14:58:22.2916035Z";;
"UANodeSetValidation";Verbose;43988162;;"Trace: Verbose, Error Focus: Diagnostic, Identifier: P0-0003010000 Description: It is diagnostic information Documentation is not supported. You must fix it manually.";;;;"2021-05-26T14:58:22.2926030Z";;
"UANodeSetValidation";Verbose;43988162;;"Trace: Verbose, Error Focus: Diagnostic, Identifier: P0-0003010000 Description: It is diagnostic information Documentation is not supported. You must fix it manually.";;;;"2021-05-26T14:58:22.2936029Z";;
"UANodeSetValidation";Verbose;43988162;;"Trace: Verbose, Error Focus: Diagnostic, Identifier: P0-0003010000 Description: It is diagnostic information Documentation is not supported. You must fix it manually.";;;;"2021-05-26T14:58:22.2956029Z";;
"UANodeSetValidation";Verbose;43988162;;"Trace: Verbose, Error Focus: Diagnostic, Identifier: P0-0003010000 Description: It is diagnostic information Documentation is not supported. You must fix it manually.";;;;"2021-05-26T14:58:22.2966029Z";;
"UANodeSetValidation";Verbose;43988162;;"Trace: Verbose, Error Focus: Diagnostic, Identifier: P0-0003010000 Description: It is diagnostic information Documentation is not supported. You must fix it manually.";;;;"2021-05-26T14:58:22.2986030Z";;
"UANodeSetValidation";Warning;43988162;;"Trace: Warning, Error Focus: NodeClass, Identifier: P3-0503020000 Description: Unexpected value of the InverseName. If ReferenceType 1:HasAMLInternalLink is symmetric the InverseName :HasAMLInternalLink shall be omitted.";;;;"2021-05-26T14:58:22.2996032Z";;
"UANodeSetValidation";Warning;226242104;;"Finishing Validator.ValidateExportModel - the model contains 13 nodes and 1 errors reported.";;;;"2021-05-26T14:58:22.3026033Z";;
"AddressSpacePrototyping";Verbose;1637887217;;"Writing model to XML file Opc.Ua.AMLBaseTypes.Model.xml";;;;"2021-05-26T14:58:22.3036055Z";;
"UAModelDesignExport";Information;279330276;;"The ModelDesign XML has been saved to file Opc.Ua.AMLBaseTypes.Model.xml and decorated with the stylesheet XMLstylesheet";;;;"2021-05-26T14:58:22.4946031Z";;
"AddressSpacePrototyping";Verbose;918215642;;"Execution time = 66s";;;;"2021-05-26T14:58:23.3496028Z";;
