"AddressSpacePrototyping";Information;1637887218;;"Address Space Prototyping (asp.exe) Version 6.4.6.40504";;;;"2022-03-07T09:58:13.6069810Z";;
"AddressSpacePrototyping";Information;1637887219;;"Copyright(c) 2021 Mariusz Postol";;;;"2022-03-07T09:58:13.6079819Z";;
"AddressSpacePrototyping";Verbose;6710129;;"Creating Address Space populated using Standard Model. It will take a while ...";;;;"2022-03-07T09:58:13.7088500Z";;
"UANodeSetValidation";Verbose;43988162;;"Trace: Verbose, Error Focus: Diagnostic, Identifier: P0-0003010000 Description: It is diagnostic information Entering AddressSpaceContext creator - starting creation the OPC UA Address Space.";;;;"2022-03-07T09:58:13.7148364Z";;
"UANodeSetValidation";Verbose;43988162;;"Trace: Verbose, Error Focus: Diagnostic, Identifier: P0-0003010000 Description: It is diagnostic information Address Space - the OPC UA defined has been uploaded.";;;;"2022-03-07T09:58:13.9093175Z";;
"UANodeSetValidation";Verbose;43988162;;"Trace: Verbose, Error Focus: Diagnostic, Identifier: P0-0003010000 Description: It is diagnostic information Finished import UANodeSet for http://opcfoundation.org/UA/; Imported 3909 nodes.";;;;"2022-03-07T09:58:39.4311201Z";;
"UANodeSetValidation";Verbose;43988162;;"Trace: Verbose, Error Focus: Diagnostic, Identifier: P0-0003010000 Description: It is diagnostic information Address Space - has bee created successfully.";;;;"2022-03-07T09:58:39.4311201Z";;
"AddressSpacePrototyping";Verbose;1637887216;;"Importing UANodeSet document from file C:\Users\merta\Desktop\UA-NODE\UA-Nodeset\AML\Opc.Ua.AMLBaseTypes.NodeSet2.xml";;;;"2022-03-07T09:58:39.4350784Z";;
"UANodeSetValidation";Information;190380256;;"Entering ImportNodeSet and starting model import form file Opc.Ua.AMLBaseTypes.NodeSet2.xml";;;;"2022-03-07T09:58:39.4361085Z";;
"UANodeSetValidation";Verbose;43988162;;"Trace: Verbose, Error Focus: Diagnostic, Identifier: P0-0003010000 Description: It is diagnostic information Finished import UANodeSet for http://opcfoundation.org/UA/AML/; Imported 28 nodes.";;;;"2022-03-07T09:58:39.7312864Z";;
"AddressSpacePrototyping";Verbose;1637887216;;"Importing UANodeSet document from file C:\Users\merta\Desktop\UA-NODE\UA-Nodeset\AML\Opc.Ua.AMLLibraries.NodeSet2.xml";;;;"2022-03-07T09:58:39.7312864Z";;
"UANodeSetValidation";Information;190380256;;"Entering ImportNodeSet and starting model import form file Opc.Ua.AMLLibraries.NodeSet2.xml";;;;"2022-03-07T09:58:39.7312864Z";;
"UANodeSetValidation";Verbose;43988162;;"Trace: Verbose, Error Focus: Diagnostic, Identifier: P0-0003010000 Description: It is diagnostic information Finished import UANodeSet for http://opcfoundation.org/UA/AML/; Imported 345 nodes.";;;;"2022-03-07T09:58:42.4420578Z";;
"AddressSpacePrototyping";Verbose;1637887217;;"Validating and exporting a model from namespace http://opcfoundation.org/UA/AMLLibs/";;;;"2022-03-07T09:58:42.4420578Z";;
"UANodeSetValidation";Information;856488909;;"Entering IAddressSpaceContext.ValidateAndExportModel - starting for the http://opcfoundation.org/UA/AMLLibs/ namespace.";;;;"2022-03-07T09:58:42.4430551Z";;
"UANodeSetValidation";Verbose;938023414;;"Selected 95 types to be validated.";;;;"2022-03-07T09:58:42.4515934Z";;
"UANodeSetValidation";Verbose;863907859;;"Selected 0 instances referenced by the ObjectsFolder to be validated.";;;;"2022-03-07T09:58:42.4535883Z";;
"UANodeSetValidation";Information;711552454;;"Finishing Validator.ValidateExportModel - the model contains 95 nodes and no errors/warnings reported";;;;"2022-03-07T09:58:42.6032250Z";;
"AddressSpacePrototyping";Verbose;1637887217;;"Writing model to XML file Opc.Ua.AMLLibraries.Model.xml";;;;"2022-03-07T09:58:42.6032250Z";;
"UAModelDesignExport";Information;279330276;;"The ModelDesign XML has been saved to file Opc.Ua.AMLLibraries.Model.xml and decorated with the stylesheet XMLstylesheet";;;;"2022-03-07T09:58:42.7158871Z";;
"AddressSpacePrototyping";Verbose;918215642;;"Execution time = 29s";;;;"2022-03-07T09:58:42.8576107Z";;
