"AddressSpacePrototyping";Information;1637887218;;"Address Space Prototyping (asp.exe) Version 6.4.6.40504";;;;"2022-03-08T21:36:40.0018952Z";;
"AddressSpacePrototyping";Information;1637887219;;"Copyright(c) 2021 Mariusz Postol";;;;"2022-03-08T21:36:40.0028923Z";;
"AddressSpacePrototyping";Verbose;6710129;;"Creating Address Space populated using Standard Model. It will take a while ...";;;;"2022-03-08T21:36:40.1145938Z";;
"UANodeSetValidation";Verbose;43988162;;"Trace: Verbose, Error Focus: Diagnostic, Identifier: P0-0003010000 Description: It is diagnostic information Entering AddressSpaceContext creator - starting creation the OPC UA Address Space.";;;;"2022-03-08T21:36:40.1245659Z";;
"UANodeSetValidation";Verbose;43988162;;"Trace: Verbose, Error Focus: Diagnostic, Identifier: P0-0003010000 Description: It is diagnostic information Address Space - the OPC UA defined has been uploaded.";;;;"2022-03-08T21:36:40.3379962Z";;
"UANodeSetValidation";Verbose;43988162;;"Trace: Verbose, Error Focus: Diagnostic, Identifier: P0-0003010000 Description: It is diagnostic information Finished import UANodeSet for http://opcfoundation.org/UA/; Imported 3909 nodes.";;;;"2022-03-08T21:37:05.8355602Z";;
"UANodeSetValidation";Verbose;43988162;;"Trace: Verbose, Error Focus: Diagnostic, Identifier: P0-0003010000 Description: It is diagnostic information Address Space - has bee created successfully.";;;;"2022-03-08T21:37:05.8355602Z";;
"AddressSpacePrototyping";Verbose;1637887216;;"Importing UANodeSet document from file C:\Users\merta\Desktop\UA-NODE\UA-Nodeset\DI\Opc.Ua.Di.NodeSet2.xml";;;;"2022-03-08T21:37:05.8455564Z";;
"UANodeSetValidation";Information;190380256;;"Entering ImportNodeSet and starting model import form file Opc.Ua.Di.NodeSet2.xml";;;;"2022-03-08T21:37:05.8455564Z";;
"UANodeSetValidation";Verbose;43988162;;"Trace: Verbose, Error Focus: Diagnostic, Identifier: P0-0003010000 Description: It is diagnostic information Finished import UANodeSet for http://opcfoundation.org/UA/DI/; Imported 373 nodes.";;;;"2022-03-08T21:37:11.9004027Z";;
"AddressSpacePrototyping";Verbose;1637887216;;"Importing UANodeSet document from file C:\Users\merta\Desktop\UA-NODE\UA-Nodeset\POWERLINK\Opc.Ua.POWERLINK.NodeSet2.xml";;;;"2022-03-08T21:37:11.9004027Z";;
"UANodeSetValidation";Information;190380256;;"Entering ImportNodeSet and starting model import form file Opc.Ua.POWERLINK.NodeSet2.xml";;;;"2022-03-08T21:37:11.9004027Z";;
"UANodeSetValidation";Warning;43988162;;"Trace: Warning, Error Focus: Diagnostic, Identifier: P0-0001010000 Description: The XML attribute or element is not supported and neglected. Extensions are omitted during the import";;;;"2022-03-08T21:37:11.9730928Z";;
"UANodeSetValidation";Verbose;43988162;;"Trace: Verbose, Error Focus: Diagnostic, Identifier: P0-0003010000 Description: It is diagnostic information Finished import UANodeSet for http://opcfoundation.org/UA/POWERLINK/; Imported 3313 nodes.";;;;"2022-03-08T21:38:51.6985318Z";;
"AddressSpacePrototyping";Verbose;1637887217;;"Validating and exporting a model from namespace http://opcfoundation.org/UA/POWERLINK/";;;;"2022-03-08T21:38:51.6985318Z";;
"UANodeSetValidation";Information;856488909;;"Entering IAddressSpaceContext.ValidateAndExportModel - starting for the http://opcfoundation.org/UA/POWERLINK/ namespace.";;;;"2022-03-08T21:38:51.7125842Z";;
"UANodeSetValidation";Verbose;938023414;;"Selected 30 types to be validated.";;;;"2022-03-08T21:38:51.7245845Z";;
"UANodeSetValidation";Verbose;863907859;;"Selected 0 instances referenced by the ObjectsFolder to be validated.";;;;"2022-03-08T21:38:51.7265789Z";;
"UANodeSetValidation";Verbose;43988162;;"Trace: Verbose, Error Focus: Diagnostic, Identifier: P0-0003010000 Description: It is diagnostic information Documentation is not supported. You must fix it manually.";;;;"2022-03-08T21:38:51.7635183Z";;
"UANodeSetValidation";Verbose;43988162;;"Trace: Verbose, Error Focus: Diagnostic, Identifier: P0-0003010000 Description: It is diagnostic information Documentation is not supported. You must fix it manually.";;;;"2022-03-08T21:38:51.7685023Z";;
"UANodeSetValidation";Verbose;43988162;;"Trace: Verbose, Error Focus: Diagnostic, Identifier: P0-0003010000 Description: It is diagnostic information Removed the graph of nodes at http://opcfoundation.org/UA/:HasEncoding from the model";;;;"2022-03-08T21:38:51.7695939Z";;
"UANodeSetValidation";Verbose;43988162;;"Trace: Verbose, Error Focus: Diagnostic, Identifier: P0-0003010000 Description: It is diagnostic information Documentation is not supported. You must fix it manually.";;;;"2022-03-08T21:38:51.7695939Z";;
"UANodeSetValidation";Verbose;43988162;;"Trace: Verbose, Error Focus: Diagnostic, Identifier: P0-0003010000 Description: It is diagnostic information Removed the graph of nodes at http://opcfoundation.org/UA/:HasEncoding from the model";;;;"2022-03-08T21:38:51.7695939Z";;
"UANodeSetValidation";Verbose;43988162;;"Trace: Verbose, Error Focus: Diagnostic, Identifier: P0-0003010000 Description: It is diagnostic information Removed the graph of nodes at http://opcfoundation.org/UA/:HasEncoding from the model";;;;"2022-03-08T21:38:51.7695939Z";;
"UANodeSetValidation";Verbose;43988162;;"Trace: Verbose, Error Focus: Diagnostic, Identifier: P0-0003010000 Description: It is diagnostic information Documentation is not supported. You must fix it manually.";;;;"2022-03-08T21:38:51.7695939Z";;
"UANodeSetValidation";Verbose;43988162;;"Trace: Verbose, Error Focus: Diagnostic, Identifier: P0-0003010000 Description: It is diagnostic information Removed the graph of nodes at http://opcfoundation.org/UA/:HasEncoding from the model";;;;"2022-03-08T21:38:51.7704988Z";;
"UANodeSetValidation";Verbose;43988162;;"Trace: Verbose, Error Focus: Diagnostic, Identifier: P0-0003010000 Description: It is diagnostic information Documentation is not supported. You must fix it manually.";;;;"2022-03-08T21:38:51.7704988Z";;
"UANodeSetValidation";Verbose;43988162;;"Trace: Verbose, Error Focus: Diagnostic, Identifier: P0-0003010000 Description: It is diagnostic information Removed the graph of nodes at http://opcfoundation.org/UA/:HasEncoding from the model";;;;"2022-03-08T21:38:51.7704988Z";;
"UANodeSetValidation";Verbose;43988162;;"Trace: Verbose, Error Focus: Diagnostic, Identifier: P0-0003010000 Description: It is diagnostic information Documentation is not supported. You must fix it manually.";;;;"2022-03-08T21:38:51.7704988Z";;
"UANodeSetValidation";Verbose;43988162;;"Trace: Verbose, Error Focus: Diagnostic, Identifier: P0-0003010000 Description: It is diagnostic information Documentation is not supported. You must fix it manually.";;;;"2022-03-08T21:38:51.7754838Z";;
"UANodeSetValidation";Verbose;43988162;;"Trace: Verbose, Error Focus: Diagnostic, Identifier: P0-0003010000 Description: It is diagnostic information Documentation is not supported. You must fix it manually.";;;;"2022-03-08T21:38:51.7764818Z";;
"UANodeSetValidation";Verbose;43988162;;"Trace: Verbose, Error Focus: Diagnostic, Identifier: P0-0003010000 Description: It is diagnostic information Documentation is not supported. You must fix it manually.";;;;"2022-03-08T21:38:51.7804708Z";;
"UANodeSetValidation";Verbose;43988162;;"Trace: Verbose, Error Focus: Diagnostic, Identifier: P0-0003010000 Description: It is diagnostic information Documentation is not supported. You must fix it manually.";;;;"2022-03-08T21:38:51.8104240Z";;
"UANodeSetValidation";Verbose;43988162;;"Trace: Verbose, Error Focus: Diagnostic, Identifier: P0-0003010000 Description: It is diagnostic information Documentation is not supported. You must fix it manually.";;;;"2022-03-08T21:38:51.8144168Z";;
"UANodeSetValidation";Verbose;43988162;;"Trace: Verbose, Error Focus: Diagnostic, Identifier: P0-0003010000 Description: It is diagnostic information Documentation is not supported. You must fix it manually.";;;;"2022-03-08T21:38:51.8163746Z";;
"UANodeSetValidation";Verbose;43988162;;"Trace: Verbose, Error Focus: Diagnostic, Identifier: P0-0003010000 Description: It is diagnostic information Documentation is not supported. You must fix it manually.";;;;"2022-03-08T21:38:51.8423386Z";;
"UANodeSetValidation";Verbose;43988162;;"Trace: Verbose, Error Focus: Diagnostic, Identifier: P0-0003010000 Description: It is diagnostic information Documentation is not supported. You must fix it manually.";;;;"2022-03-08T21:38:51.8523107Z";;
"UANodeSetValidation";Verbose;43988162;;"Trace: Verbose, Error Focus: Diagnostic, Identifier: P0-0003010000 Description: It is diagnostic information Documentation is not supported. You must fix it manually.";;;;"2022-03-08T21:38:51.8612881Z";;
"UANodeSetValidation";Verbose;43988162;;"Trace: Verbose, Error Focus: Diagnostic, Identifier: P0-0003010000 Description: It is diagnostic information Documentation is not supported. You must fix it manually.";;;;"2022-03-08T21:38:51.8672717Z";;
"UANodeSetValidation";Verbose;43988162;;"Trace: Verbose, Error Focus: Diagnostic, Identifier: P0-0003010000 Description: It is diagnostic information Documentation is not supported. You must fix it manually.";;;;"2022-03-08T21:38:51.9041410Z";;
"UANodeSetValidation";Verbose;43988162;;"Trace: Verbose, Error Focus: Diagnostic, Identifier: P0-0003010000 Description: It is diagnostic information Documentation is not supported. You must fix it manually.";;;;"2022-03-08T21:38:51.9410438Z";;
"UANodeSetValidation";Verbose;43988162;;"Trace: Verbose, Error Focus: Diagnostic, Identifier: P0-0003010000 Description: It is diagnostic information Documentation is not supported. You must fix it manually.";;;;"2022-03-08T21:38:51.9500525Z";;
"UANodeSetValidation";Verbose;43988162;;"Trace: Verbose, Error Focus: Diagnostic, Identifier: P0-0003010000 Description: It is diagnostic information Documentation is not supported. You must fix it manually.";;;;"2022-03-08T21:38:51.9759491Z";;
"UANodeSetValidation";Verbose;43988162;;"Trace: Verbose, Error Focus: Diagnostic, Identifier: P0-0003010000 Description: It is diagnostic information Documentation is not supported. You must fix it manually.";;;;"2022-03-08T21:38:51.9889475Z";;
"UANodeSetValidation";Verbose;43988162;;"Trace: Verbose, Error Focus: Diagnostic, Identifier: P0-0003010000 Description: It is diagnostic information Documentation is not supported. You must fix it manually.";;;;"2022-03-08T21:38:51.9979253Z";;
"UANodeSetValidation";Verbose;43988162;;"Trace: Verbose, Error Focus: Diagnostic, Identifier: P0-0003010000 Description: It is diagnostic information Documentation is not supported. You must fix it manually.";;;;"2022-03-08T21:38:52.0098903Z";;
"UANodeSetValidation";Verbose;43988162;;"Trace: Verbose, Error Focus: Diagnostic, Identifier: P0-0003010000 Description: It is diagnostic information Documentation is not supported. You must fix it manually.";;;;"2022-03-08T21:38:52.0218262Z";;
"UANodeSetValidation";Verbose;43988162;;"Trace: Verbose, Error Focus: Diagnostic, Identifier: P0-0003010000 Description: It is diagnostic information Documentation is not supported. You must fix it manually.";;;;"2022-03-08T21:38:52.0268126Z";;
"UANodeSetValidation";Warning;43988162;;"Trace: Warning, Error Focus: NonCategorized, Identifier: P0-0002010000 Description: General processing error see trace for details. Error caught while processing the node ns=1;i=3. The message: Belirtilen bağımsız değişken geçerli değerler aralığında değildi.
Parametre adı: the HierarchicalReferences is not handled at    konum: UAOOI.SemanticData.UANodeSetValidation.UANodeContext.UAOOI.SemanticData.UANodeSetValidation.IUANodeBase.CalculateNodeReferences(INodeFactory nodeFactory, IValidator validator) C:\VS.git\github.mpostol\OPC-UA-OOI\SemanticData\UANodeSetValidation\UANodeContext.cs içinde: satır 194
   konum: UAOOI.SemanticData.UANodeSetValidation.Validator.CreateNode[FactoryType,NodeSetType](Func`1 createNode, IUANodeBase nodeContext, Action`2 updateNode, Action`3 updateBase) C:\VS.git\github.mpostol\OPC-UA-OOI\SemanticData\UANodeSetValidation\Validator.cs içinde: satır 254
   konum: UAOOI.SemanticData.UANodeSetValidation.Validator.ValidateExportNode(IUANodeBase nodeContext, INodeContainer exportFactory, UAReferenceContext parentReference) C:\VS.git\github.mpostol\OPC-UA-OOI\SemanticData\UANodeSetValidation\Validator.cs içinde: satır 81
   konum: UAOOI.SemanticData.UANodeSetValidation.UANodeContext.UAOOI.SemanticData.UANodeSetValidation.IUANodeBase.CalculateNodeReferences(INodeFactory nodeFactory, IValidator validator) C:\VS.git\github.mpostol\OPC-UA-OOI\SemanticData\UANodeSetValidation\UANodeContext.cs içinde: satır 213
   konum: UAOOI.SemanticData.UANodeSetValidation.Validator.CreateNode[FactoryType,NodeSetType](Func`1 createNode, IUANodeBase nodeContext, Action`2 updateNode, Action`3 updateBase) C:\VS.git\github.mpostol\OPC-UA-OOI\SemanticData\UANodeSetValidation\Validator.cs içinde: satır 254
   konum: UAOOI.SemanticData.UANodeSetValidation.Validator.ValidateExportNode(IUANodeBase nodeContext, INodeContainer exportFactory, UAReferenceContext parentReference) C:\VS.git\github.mpostol\OPC-UA-OOI\SemanticData\UANodeSetValidation\Validator.cs içinde: satır 85
   konum: UAOOI.SemanticData.UANodeSetValidation.Validator.ValidateExportNode(IUANodeBase nodeContext, INodeContainer exportFactory) C:\VS.git\github.mpostol\OPC-UA-OOI\SemanticData\UANodeSetValidation\Validator.cs içinde: satır 43
   konum: UAOOI.SemanticData.UANodeSetValidation.AddressSpaceContext.ValidateAndExportModel(Int32 nameSpaceIndex) C:\VS.git\github.mpostol\OPC-UA-OOI\SemanticData\UANodeSetValidation\AddressSpaceContext.cs içinde: satır 339.";;;;"2022-03-08T21:38:52.2702986Z";;
"UANodeSetValidation";Verbose;43988162;;"Trace: Verbose, Error Focus: Diagnostic, Identifier: P0-0003010000 Description: It is diagnostic information Documentation is not supported. You must fix it manually.";;;;"2022-03-08T21:38:52.2812715Z";;
"UANodeSetValidation";Verbose;43988162;;"Trace: Verbose, Error Focus: Diagnostic, Identifier: P0-0003010000 Description: It is diagnostic information Documentation is not supported. You must fix it manually.";;;;"2022-03-08T21:38:52.2842639Z";;
"UANodeSetValidation";Verbose;43988162;;"Trace: Verbose, Error Focus: Diagnostic, Identifier: P0-0003010000 Description: It is diagnostic information Documentation is not supported. You must fix it manually.";;;;"2022-03-08T21:38:52.2872876Z";;
"UANodeSetValidation";Verbose;43988162;;"Trace: Verbose, Error Focus: Diagnostic, Identifier: P0-0003010000 Description: It is diagnostic information Documentation is not supported. You must fix it manually.";;;;"2022-03-08T21:38:52.2982258Z";;
"UANodeSetValidation";Warning;226242104;;"Finishing Validator.ValidateExportModel - the model contains 30 nodes and 1 errors reported.";;;;"2022-03-08T21:38:52.2992212Z";;
"AddressSpacePrototyping";Verbose;1637887217;;"Writing model to XML file Opc.Ua.POWERLINK.Model.xml";;;;"2022-03-08T21:38:52.3002225Z";;
"UAModelDesignExport";Warning;39445735;;"Trace: Warning, Error Focus: NonCategorized, Identifier: P0-0002010000 Description: General processing error see trace for details. Error caught while processing the node . The message: Nesne başvurusu bir nesnenin örneğine ayarlanmadı. at    konum: UAOOI.SemanticData.UAModelDesignExport.NodeFactoryBase.UpdateNode(NodeDesign nodeDesign, List`1 path, Action`2 createInstanceType) C:\VS.git\github.mpostol\OPC-UA-OOI\SemanticData\UAModelDesignExport\NodeFactoryBase.cs içinde: satır 136
   konum: UAOOI.SemanticData.UAModelDesignExport.TypeFactoryBase.Update(TypeDesign nodeDesign, List`1 path, Action`2 createInstanceType) C:\VS.git\github.mpostol\OPC-UA-OOI\SemanticData\UAModelDesignExport\TypeFactoryBase.cs içinde: satır 65
   konum: UAOOI.SemanticData.UAModelDesignExport.ObjectTypeFactoryBase.Export(List`1 path, Action`2 createInstanceType) C:\VS.git\github.mpostol\OPC-UA-OOI\SemanticData\UAModelDesignExport\ObjectTypeFactoryBase.cs içinde: satır 36
   konum: UAOOI.SemanticData.UAModelDesignExport.NodesContainer.ExportNodes(List`1 members, List`1 path, Action`2 createInstanceType) C:\VS.git\github.mpostol\OPC-UA-OOI\SemanticData\UAModelDesignExport\NodesContainer.cs içinde: satır 78.";;;;"2022-03-08T21:38:52.4859916Z";;
"UAModelDesignExport";Information;279330276;;"The ModelDesign XML has been saved to file Opc.Ua.POWERLINK.Model.xml and decorated with the stylesheet XMLstylesheet";;;;"2022-03-08T21:38:52.6571527Z";;
"AddressSpacePrototyping";Verbose;918215642;;"Execution time = 132s";;;;"2022-03-08T21:38:53.1992015Z";;
