"AddressSpacePrototyping";Information;1637887218;;"Address Space Prototyping (asp.exe) Version 6.3.2.23344";;;;"2021-05-20T12:43:17.1662905Z";;
"AddressSpacePrototyping";Information;1637887219;;"Copyright(c) 2021 Mariusz Postol";;;;"2021-05-20T12:43:17.1672920Z";;
"UANodeSetValidation";Information;190380256;;"Starting model import form file Opc.Ua.Di.NodeSet2.xml";;;;"2021-05-20T12:44:25.2307956Z";;
"UANodeSetValidation";Information;190380256;;"Starting model import form file Opc.Ua.IOLink.NodeSet2.xml";;;;"2021-05-20T12:44:41.2711635Z";;
"UANodeSetValidation";Information;856488909;;"Entering IAddressSpaceContext.ValidateAndExportModel - starting for the http://opcfoundation.org/UA/IOLink/ namespace.";;;;"2021-05-20T12:45:01.5511254Z";;
"UANodeSetValidation";Warning;43988162;;"Trace: Warning, Error Focus: NonCategorized, Identifier: P0-0002010000 Description: General processing error see trace for details. Error caught while processing the node ns=1;i=1002. The message: There is an error in XML document (1, 2). at    at System.Xml.Serialization.XmlSerializer.Deserialize(XmlReader xmlReader, String encodingStyle, XmlDeserializationEvents events)
   at System.Xml.Serialization.XmlSerializer.Deserialize(XmlReader xmlReader)
   at UAOOI.Common.Infrastructure.Serializers.XmlFile.ReadXmlFile[type](Stream reader) in C:\VS.git\UAOOI\OPC-UA-OOI\Common\Infrastructure\Serializers\XmlFile.cs:line 101
   at UAOOI.SemanticData.UANodeSetValidation.Extensions.GetObject[type](XmlElement xmlElement) in C:\VS.git\UAOOI\OPC-UA-OOI\SemanticData\UANodeSetValidation\Extensions.cs:line 342
   at UAOOI.SemanticData.UANodeSetValidation.Extensions.GetParameters(XmlElement xmlElement) in C:\VS.git\UAOOI\OPC-UA-OOI\SemanticData\UANodeSetValidation\Extensions.cs:line 219
   at UAOOI.SemanticData.UANodeSetValidation.Validator.GetParameters(XmlElement arguments) in C:\VS.git\UAOOI\OPC-UA-OOI\SemanticData\UANodeSetValidation\Validator.cs:line 324
   at UAOOI.SemanticData.UANodeSetValidation.Validator.<Update>b__11_1(XmlElement x) in C:\VS.git\UAOOI\OPC-UA-OOI\SemanticData\UANodeSetValidation\Validator.cs:line 209
   at UAOOI.SemanticData.UAModelDesignExport.MethodInstanceFactoryBase.RemoveArguments(String parameterKind, Func`2 getParameters) in C:\VS.git\UAOOI\OPC-UA-OOI\SemanticData\UAModelDesignExport\MethodInstanceFactoryBase.cs:line 152
   at UAOOI.SemanticData.UAModelDesignExport.MethodInstanceFactoryBase.AddOutputArguments(Func`2 argument) in C:\VS.git\UAOOI\OPC-UA-OOI\SemanticData\UAModelDesignExport\MethodInstanceFactoryBase.cs:line 81
   at UAOOI.SemanticData.UANodeSetValidation.Validator.Update(IMethodInstanceFactory nodeDesign, UAMethod nodeSet, UAReferenceContext parentReference) in C:\VS.git\UAOOI\OPC-UA-OOI\SemanticData\UANodeSetValidation\Validator.cs:line 209
   at UAOOI.SemanticData.UANodeSetValidation.Validator.<>c__DisplayClass2_0.<ValidateExportNode>b__1(IMethodInstanceFactory x, UAMethod y) in C:\VS.git\UAOOI\OPC-UA-OOI\SemanticData\UANodeSetValidation\Validator.cs:line 78
   at UAOOI.SemanticData.UANodeSetValidation.Validator.CreateNode[FactoryType,NodeSetType](Func`1 createNode, IUANodeBase nodeContext, Action`2 updateNode, Action`3 updateBase) in C:\VS.git\UAOOI\OPC-UA-OOI\SemanticData\UANodeSetValidation\Validator.cs:line 278
   at UAOOI.SemanticData.UANodeSetValidation.Validator.ValidateExportNode(IUANodeBase nodeContext, INodeContainer exportFactory, UAReferenceContext parentReference) in C:\VS.git\UAOOI\OPC-UA-OOI\SemanticData\UANodeSetValidation\Validator.cs:line 78
   at UAOOI.SemanticData.UANodeSetValidation.UANodeContext.UAOOI.SemanticData.UANodeSetValidation.IUANodeBase.CalculateNodeReferences(INodeFactory nodeFactory, IValidator validator) in C:\VS.git\UAOOI\OPC-UA-OOI\SemanticData\UANodeSetValidation\UANodeContext.cs:line 210
   at UAOOI.SemanticData.UANodeSetValidation.Validator.CreateNode[FactoryType,NodeSetType](Func`1 createNode, IUANodeBase nodeContext, Action`2 updateNode, Action`3 updateBase) in C:\VS.git\UAOOI\OPC-UA-OOI\SemanticData\UANodeSetValidation\Validator.cs:line 254
   at UAOOI.SemanticData.UANodeSetValidation.Validator.ValidateExportNode(IUANodeBase nodeContext, INodeContainer exportFactory, UAReferenceContext parentReference) in C:\VS.git\UAOOI\OPC-UA-OOI\SemanticData\UANodeSetValidation\Validator.cs:line 82
   at UAOOI.SemanticData.UANodeSetValidation.UANodeContext.UAOOI.SemanticData.UANodeSetValidation.IUANodeBase.CalculateNodeReferences(INodeFactory nodeFactory, IValidator validator) in C:\VS.git\UAOOI\OPC-UA-OOI\SemanticData\UANodeSetValidation\UANodeContext.cs:line 210
   at UAOOI.SemanticData.UANodeSetValidation.Validator.CreateNode[FactoryType,NodeSetType](Func`1 createNode, IUANodeBase nodeContext, Action`2 updateNode, Action`3 updateBase) in C:\VS.git\UAOOI\OPC-UA-OOI\SemanticData\UANodeSetValidation\Validator.cs:line 254
   at UAOOI.SemanticData.UANodeSetValidation.Validator.ValidateExportNode(IUANodeBase nodeContext, INodeContainer exportFactory, UAReferenceContext parentReference) in C:\VS.git\UAOOI\OPC-UA-OOI\SemanticData\UANodeSetValidation\Validator.cs:line 86
   at UAOOI.SemanticData.UANodeSetValidation.Validator.ValidateExportNode(IUANodeBase nodeContext, INodeContainer exportFactory) in C:\VS.git\UAOOI\OPC-UA-OOI\SemanticData\UANodeSetValidation\Validator.cs:line 43
   at UAOOI.SemanticData.UANodeSetValidation.AddressSpaceContext.ValidateAndExportModel(Int32 nameSpaceIndex) in C:\VS.git\UAOOI\OPC-UA-OOI\SemanticData\UANodeSetValidation\AddressSpaceContext.cs:line 327.";;;;"2021-05-20T12:45:01.6571998Z";;
"UANodeSetValidation";Warning;43988162;;"Trace: Warning, Error Focus: NonCategorized, Identifier: P0-0002010000 Description: General processing error see trace for details. Error caught while processing the node ns=1;i=1014. The message: There is an error in XML document (1, 2). at    at System.Xml.Serialization.XmlSerializer.Deserialize(XmlReader xmlReader, String encodingStyle, XmlDeserializationEvents events)
   at System.Xml.Serialization.XmlSerializer.Deserialize(XmlReader xmlReader)
   at UAOOI.Common.Infrastructure.Serializers.XmlFile.ReadXmlFile[type](Stream reader) in C:\VS.git\UAOOI\OPC-UA-OOI\Common\Infrastructure\Serializers\XmlFile.cs:line 101
   at UAOOI.SemanticData.UANodeSetValidation.Extensions.GetObject[type](XmlElement xmlElement) in C:\VS.git\UAOOI\OPC-UA-OOI\SemanticData\UANodeSetValidation\Extensions.cs:line 342
   at UAOOI.SemanticData.UANodeSetValidation.Extensions.GetParameters(XmlElement xmlElement) in C:\VS.git\UAOOI\OPC-UA-OOI\SemanticData\UANodeSetValidation\Extensions.cs:line 219
   at UAOOI.SemanticData.UANodeSetValidation.Validator.GetParameters(XmlElement arguments) in C:\VS.git\UAOOI\OPC-UA-OOI\SemanticData\UANodeSetValidation\Validator.cs:line 324
   at UAOOI.SemanticData.UANodeSetValidation.Validator.<Update>b__11_0(XmlElement x) in C:\VS.git\UAOOI\OPC-UA-OOI\SemanticData\UANodeSetValidation\Validator.cs:line 208
   at UAOOI.SemanticData.UAModelDesignExport.MethodInstanceFactoryBase.RemoveArguments(String parameterKind, Func`2 getParameters) in C:\VS.git\UAOOI\OPC-UA-OOI\SemanticData\UAModelDesignExport\MethodInstanceFactoryBase.cs:line 152
   at UAOOI.SemanticData.UAModelDesignExport.MethodInstanceFactoryBase.AddInputArguments(Func`2 argument) in C:\VS.git\UAOOI\OPC-UA-OOI\SemanticData\UAModelDesignExport\MethodInstanceFactoryBase.cs:line 72
   at UAOOI.SemanticData.UANodeSetValidation.Validator.Update(IMethodInstanceFactory nodeDesign, UAMethod nodeSet, UAReferenceContext parentReference) in C:\VS.git\UAOOI\OPC-UA-OOI\SemanticData\UANodeSetValidation\Validator.cs:line 208
   at UAOOI.SemanticData.UANodeSetValidation.Validator.<>c__DisplayClass2_0.<ValidateExportNode>b__1(IMethodInstanceFactory x, UAMethod y) in C:\VS.git\UAOOI\OPC-UA-OOI\SemanticData\UANodeSetValidation\Validator.cs:line 78
   at UAOOI.SemanticData.UANodeSetValidation.Validator.CreateNode[FactoryType,NodeSetType](Func`1 createNode, IUANodeBase nodeContext, Action`2 updateNode, Action`3 updateBase) in C:\VS.git\UAOOI\OPC-UA-OOI\SemanticData\UANodeSetValidation\Validator.cs:line 278
   at UAOOI.SemanticData.UANodeSetValidation.Validator.ValidateExportNode(IUANodeBase nodeContext, INodeContainer exportFactory, UAReferenceContext parentReference) in C:\VS.git\UAOOI\OPC-UA-OOI\SemanticData\UANodeSetValidation\Validator.cs:line 78
   at UAOOI.SemanticData.UANodeSetValidation.UANodeContext.UAOOI.SemanticData.UANodeSetValidation.IUANodeBase.CalculateNodeReferences(INodeFactory nodeFactory, IValidator validator) in C:\VS.git\UAOOI\OPC-UA-OOI\SemanticData\UANodeSetValidation\UANodeContext.cs:line 210
   at UAOOI.SemanticData.UANodeSetValidation.Validator.CreateNode[FactoryType,NodeSetType](Func`1 createNode, IUANodeBase nodeContext, Action`2 updateNode, Action`3 updateBase) in C:\VS.git\UAOOI\OPC-UA-OOI\SemanticData\UANodeSetValidation\Validator.cs:line 254
   at UAOOI.SemanticData.UANodeSetValidation.Validator.ValidateExportNode(IUANodeBase nodeContext, INodeContainer exportFactory, UAReferenceContext parentReference) in C:\VS.git\UAOOI\OPC-UA-OOI\SemanticData\UANodeSetValidation\Validator.cs:line 82
   at UAOOI.SemanticData.UANodeSetValidation.UANodeContext.UAOOI.SemanticData.UANodeSetValidation.IUANodeBase.CalculateNodeReferences(INodeFactory nodeFactory, IValidator validator) in C:\VS.git\UAOOI\OPC-UA-OOI\SemanticData\UANodeSetValidation\UANodeContext.cs:line 210
   at UAOOI.SemanticData.UANodeSetValidation.Validator.CreateNode[FactoryType,NodeSetType](Func`1 createNode, IUANodeBase nodeContext, Action`2 updateNode, Action`3 updateBase) in C:\VS.git\UAOOI\OPC-UA-OOI\SemanticData\UANodeSetValidation\Validator.cs:line 254
   at UAOOI.SemanticData.UANodeSetValidation.Validator.ValidateExportNode(IUANodeBase nodeContext, INodeContainer exportFactory, UAReferenceContext parentReference) in C:\VS.git\UAOOI\OPC-UA-OOI\SemanticData\UANodeSetValidation\Validator.cs:line 86
   at UAOOI.SemanticData.UANodeSetValidation.Validator.ValidateExportNode(IUANodeBase nodeContext, INodeContainer exportFactory) in C:\VS.git\UAOOI\OPC-UA-OOI\SemanticData\UANodeSetValidation\Validator.cs:line 43
   at UAOOI.SemanticData.UANodeSetValidation.AddressSpaceContext.ValidateAndExportModel(Int32 nameSpaceIndex) in C:\VS.git\UAOOI\OPC-UA-OOI\SemanticData\UANodeSetValidation\AddressSpaceContext.cs:line 327.";;;;"2021-05-20T12:45:01.6852375Z";;
"UANodeSetValidation";Warning;43988162;;"Trace: Warning, Error Focus: NonCategorized, Identifier: P0-0002010000 Description: General processing error see trace for details. Error caught while processing the node ns=1;i=1015. The message: There is an error in XML document (1, 2). at    at System.Xml.Serialization.XmlSerializer.Deserialize(XmlReader xmlReader, String encodingStyle, XmlDeserializationEvents events)
   at System.Xml.Serialization.XmlSerializer.Deserialize(XmlReader xmlReader)
   at UAOOI.Common.Infrastructure.Serializers.XmlFile.ReadXmlFile[type](Stream reader) in C:\VS.git\UAOOI\OPC-UA-OOI\Common\Infrastructure\Serializers\XmlFile.cs:line 101
   at UAOOI.SemanticData.UANodeSetValidation.Extensions.GetObject[type](XmlElement xmlElement) in C:\VS.git\UAOOI\OPC-UA-OOI\SemanticData\UANodeSetValidation\Extensions.cs:line 342
   at UAOOI.SemanticData.UANodeSetValidation.Extensions.GetParameters(XmlElement xmlElement) in C:\VS.git\UAOOI\OPC-UA-OOI\SemanticData\UANodeSetValidation\Extensions.cs:line 219
   at UAOOI.SemanticData.UANodeSetValidation.Validator.GetParameters(XmlElement arguments) in C:\VS.git\UAOOI\OPC-UA-OOI\SemanticData\UANodeSetValidation\Validator.cs:line 324
   at UAOOI.SemanticData.UANodeSetValidation.Validator.<Update>b__11_1(XmlElement x) in C:\VS.git\UAOOI\OPC-UA-OOI\SemanticData\UANodeSetValidation\Validator.cs:line 209
   at UAOOI.SemanticData.UAModelDesignExport.MethodInstanceFactoryBase.RemoveArguments(String parameterKind, Func`2 getParameters) in C:\VS.git\UAOOI\OPC-UA-OOI\SemanticData\UAModelDesignExport\MethodInstanceFactoryBase.cs:line 152
   at UAOOI.SemanticData.UAModelDesignExport.MethodInstanceFactoryBase.AddOutputArguments(Func`2 argument) in C:\VS.git\UAOOI\OPC-UA-OOI\SemanticData\UAModelDesignExport\MethodInstanceFactoryBase.cs:line 81
   at UAOOI.SemanticData.UANodeSetValidation.Validator.Update(IMethodInstanceFactory nodeDesign, UAMethod nodeSet, UAReferenceContext parentReference) in C:\VS.git\UAOOI\OPC-UA-OOI\SemanticData\UANodeSetValidation\Validator.cs:line 209
   at UAOOI.SemanticData.UANodeSetValidation.Validator.<>c__DisplayClass2_0.<ValidateExportNode>b__1(IMethodInstanceFactory x, UAMethod y) in C:\VS.git\UAOOI\OPC-UA-OOI\SemanticData\UANodeSetValidation\Validator.cs:line 78
   at UAOOI.SemanticData.UANodeSetValidation.Validator.CreateNode[FactoryType,NodeSetType](Func`1 createNode, IUANodeBase nodeContext, Action`2 updateNode, Action`3 updateBase) in C:\VS.git\UAOOI\OPC-UA-OOI\SemanticData\UANodeSetValidation\Validator.cs:line 278
   at UAOOI.SemanticData.UANodeSetValidation.Validator.ValidateExportNode(IUANodeBase nodeContext, INodeContainer exportFactory, UAReferenceContext parentReference) in C:\VS.git\UAOOI\OPC-UA-OOI\SemanticData\UANodeSetValidation\Validator.cs:line 78
   at UAOOI.SemanticData.UANodeSetValidation.UANodeContext.UAOOI.SemanticData.UANodeSetValidation.IUANodeBase.CalculateNodeReferences(INodeFactory nodeFactory, IValidator validator) in C:\VS.git\UAOOI\OPC-UA-OOI\SemanticData\UANodeSetValidation\UANodeContext.cs:line 210
   at UAOOI.SemanticData.UANodeSetValidation.Validator.CreateNode[FactoryType,NodeSetType](Func`1 createNode, IUANodeBase nodeContext, Action`2 updateNode, Action`3 updateBase) in C:\VS.git\UAOOI\OPC-UA-OOI\SemanticData\UANodeSetValidation\Validator.cs:line 254
   at UAOOI.SemanticData.UANodeSetValidation.Validator.ValidateExportNode(IUANodeBase nodeContext, INodeContainer exportFactory, UAReferenceContext parentReference) in C:\VS.git\UAOOI\OPC-UA-OOI\SemanticData\UANodeSetValidation\Validator.cs:line 82
   at UAOOI.SemanticData.UANodeSetValidation.UANodeContext.UAOOI.SemanticData.UANodeSetValidation.IUANodeBase.CalculateNodeReferences(INodeFactory nodeFactory, IValidator validator) in C:\VS.git\UAOOI\OPC-UA-OOI\SemanticData\UANodeSetValidation\UANodeContext.cs:line 210
   at UAOOI.SemanticData.UANodeSetValidation.Validator.CreateNode[FactoryType,NodeSetType](Func`1 createNode, IUANodeBase nodeContext, Action`2 updateNode, Action`3 updateBase) in C:\VS.git\UAOOI\OPC-UA-OOI\SemanticData\UANodeSetValidation\Validator.cs:line 254
   at UAOOI.SemanticData.UANodeSetValidation.Validator.ValidateExportNode(IUANodeBase nodeContext, INodeContainer exportFactory, UAReferenceContext parentReference) in C:\VS.git\UAOOI\OPC-UA-OOI\SemanticData\UANodeSetValidation\Validator.cs:line 82
   at UAOOI.SemanticData.UANodeSetValidation.UANodeContext.UAOOI.SemanticData.UANodeSetValidation.IUANodeBase.CalculateNodeReferences(INodeFactory nodeFactory, IValidator validator) in C:\VS.git\UAOOI\OPC-UA-OOI\SemanticData\UANodeSetValidation\UANodeContext.cs:line 210
   at UAOOI.SemanticData.UANodeSetValidation.Validator.CreateNode[FactoryType,NodeSetType](Func`1 createNode, IUANodeBase nodeContext, Action`2 updateNode, Action`3 updateBase) in C:\VS.git\UAOOI\OPC-UA-OOI\SemanticData\UANodeSetValidation\Validator.cs:line 254
   at UAOOI.SemanticData.UANodeSetValidation.Validator.ValidateExportNode(IUANodeBase nodeContext, INodeContainer exportFactory, UAReferenceContext parentReference) in C:\VS.git\UAOOI\OPC-UA-OOI\SemanticData\UANodeSetValidation\Validator.cs:line 86
   at UAOOI.SemanticData.UANodeSetValidation.Validator.ValidateExportNode(IUANodeBase nodeContext, INodeContainer exportFactory) in C:\VS.git\UAOOI\OPC-UA-OOI\SemanticData\UANodeSetValidation\Validator.cs:line 43
   at UAOOI.SemanticData.UANodeSetValidation.AddressSpaceContext.ValidateAndExportModel(Int32 nameSpaceIndex) in C:\VS.git\UAOOI\OPC-UA-OOI\SemanticData\UANodeSetValidation\AddressSpaceContext.cs:line 327.";;;;"2021-05-20T12:45:01.7081992Z";;
"UANodeSetValidation";Warning;43988162;;"Trace: Warning, Error Focus: NonCategorized, Identifier: P0-0002010000 Description: General processing error see trace for details. Error caught while processing the node ns=1;i=10000. The message: There is an error in XML document (1, 2). at    at System.Xml.Serialization.XmlSerializer.Deserialize(XmlReader xmlReader, String encodingStyle, XmlDeserializationEvents events)
   at System.Xml.Serialization.XmlSerializer.Deserialize(XmlReader xmlReader)
   at UAOOI.Common.Infrastructure.Serializers.XmlFile.ReadXmlFile[type](Stream reader) in C:\VS.git\UAOOI\OPC-UA-OOI\Common\Infrastructure\Serializers\XmlFile.cs:line 101
   at UAOOI.SemanticData.UANodeSetValidation.Extensions.GetObject[type](XmlElement xmlElement) in C:\VS.git\UAOOI\OPC-UA-OOI\SemanticData\UANodeSetValidation\Extensions.cs:line 342
   at UAOOI.SemanticData.UANodeSetValidation.Extensions.GetParameters(XmlElement xmlElement) in C:\VS.git\UAOOI\OPC-UA-OOI\SemanticData\UANodeSetValidation\Extensions.cs:line 219
   at UAOOI.SemanticData.UANodeSetValidation.Validator.GetParameters(XmlElement arguments) in C:\VS.git\UAOOI\OPC-UA-OOI\SemanticData\UANodeSetValidation\Validator.cs:line 324
   at UAOOI.SemanticData.UANodeSetValidation.Validator.<Update>b__11_0(XmlElement x) in C:\VS.git\UAOOI\OPC-UA-OOI\SemanticData\UANodeSetValidation\Validator.cs:line 208
   at UAOOI.SemanticData.UAModelDesignExport.MethodInstanceFactoryBase.RemoveArguments(String parameterKind, Func`2 getParameters) in C:\VS.git\UAOOI\OPC-UA-OOI\SemanticData\UAModelDesignExport\MethodInstanceFactoryBase.cs:line 152
   at UAOOI.SemanticData.UAModelDesignExport.MethodInstanceFactoryBase.AddInputArguments(Func`2 argument) in C:\VS.git\UAOOI\OPC-UA-OOI\SemanticData\UAModelDesignExport\MethodInstanceFactoryBase.cs:line 72
   at UAOOI.SemanticData.UANodeSetValidation.Validator.Update(IMethodInstanceFactory nodeDesign, UAMethod nodeSet, UAReferenceContext parentReference) in C:\VS.git\UAOOI\OPC-UA-OOI\SemanticData\UANodeSetValidation\Validator.cs:line 208
   at UAOOI.SemanticData.UANodeSetValidation.Validator.<>c__DisplayClass2_0.<ValidateExportNode>b__1(IMethodInstanceFactory x, UAMethod y) in C:\VS.git\UAOOI\OPC-UA-OOI\SemanticData\UANodeSetValidation\Validator.cs:line 78
   at UAOOI.SemanticData.UANodeSetValidation.Validator.CreateNode[FactoryType,NodeSetType](Func`1 createNode, IUANodeBase nodeContext, Action`2 updateNode, Action`3 updateBase) in C:\VS.git\UAOOI\OPC-UA-OOI\SemanticData\UANodeSetValidation\Validator.cs:line 278
   at UAOOI.SemanticData.UANodeSetValidation.Validator.ValidateExportNode(IUANodeBase nodeContext, INodeContainer exportFactory, UAReferenceContext parentReference) in C:\VS.git\UAOOI\OPC-UA-OOI\SemanticData\UANodeSetValidation\Validator.cs:line 78
   at UAOOI.SemanticData.UANodeSetValidation.UANodeContext.UAOOI.SemanticData.UANodeSetValidation.IUANodeBase.CalculateNodeReferences(INodeFactory nodeFactory, IValidator validator) in C:\VS.git\UAOOI\OPC-UA-OOI\SemanticData\UANodeSetValidation\UANodeContext.cs:line 210
   at UAOOI.SemanticData.UANodeSetValidation.Validator.CreateNode[FactoryType,NodeSetType](Func`1 createNode, IUANodeBase nodeContext, Action`2 updateNode, Action`3 updateBase) in C:\VS.git\UAOOI\OPC-UA-OOI\SemanticData\UANodeSetValidation\Validator.cs:line 254
   at UAOOI.SemanticData.UANodeSetValidation.Validator.ValidateExportNode(IUANodeBase nodeContext, INodeContainer exportFactory, UAReferenceContext parentReference) in C:\VS.git\UAOOI\OPC-UA-OOI\SemanticData\UANodeSetValidation\Validator.cs:line 82
   at UAOOI.SemanticData.UANodeSetValidation.Validator.ValidateExportNode(IUANodeBase nodeContext, INodeContainer exportFactory) in C:\VS.git\UAOOI\OPC-UA-OOI\SemanticData\UANodeSetValidation\Validator.cs:line 43
   at UAOOI.SemanticData.UANodeSetValidation.AddressSpaceContext.ValidateAndExportModel(Int32 nameSpaceIndex) in C:\VS.git\UAOOI\OPC-UA-OOI\SemanticData\UANodeSetValidation\AddressSpaceContext.cs:line 327.";;;;"2021-05-20T12:45:01.7481983Z";;
"UANodeSetValidation";Warning;226242104;;"Finishing Validator.ValidateExportModel - the model contains 22 nodes and 4 errors reported.";;;;"2021-05-20T12:45:01.7571982Z";;
"UAModelDesignExport";Warning;39445735;;"Trace: Warning, Error Focus: NonCategorized, Identifier: P0-0002010000 Description: General processing error see trace for details. Error caught while processing the node . The message: Object reference not set to an instance of an object. at    at UAOOI.SemanticData.UAModelDesignExport.NodeFactoryBase.UpdateNode(NodeDesign nodeDesign, List`1 path, Action`2 createInstanceType) in C:\VS.git\UAOOI\OPC-UA-OOI\SemanticData\UAModelDesignExport\NodeFactoryBase.cs:line 136
   at UAOOI.SemanticData.UAModelDesignExport.TypeFactoryBase.Update(TypeDesign nodeDesign, List`1 path, Action`2 createInstanceType) in C:\VS.git\UAOOI\OPC-UA-OOI\SemanticData\UAModelDesignExport\TypeFactoryBase.cs:line 65
   at UAOOI.SemanticData.UAModelDesignExport.ObjectTypeFactoryBase.Export(List`1 path, Action`2 createInstanceType) in C:\VS.git\UAOOI\OPC-UA-OOI\SemanticData\UAModelDesignExport\ObjectTypeFactoryBase.cs:line 36
   at UAOOI.SemanticData.UAModelDesignExport.NodesContainer.ExportNodes(List`1 members, List`1 path, Action`2 createInstanceType) in C:\VS.git\UAOOI\OPC-UA-OOI\SemanticData\UAModelDesignExport\NodesContainer.cs:line 78.";;;;"2021-05-20T12:45:01.7681990Z";;
"UAModelDesignExport";Warning;39445735;;"Trace: Warning, Error Focus: NonCategorized, Identifier: P0-0002010000 Description: General processing error see trace for details. Error caught while processing the node . The message: Object reference not set to an instance of an object. at    at UAOOI.SemanticData.UAModelDesignExport.NodeFactoryBase.UpdateNode(NodeDesign nodeDesign, List`1 path, Action`2 createInstanceType) in C:\VS.git\UAOOI\OPC-UA-OOI\SemanticData\UAModelDesignExport\NodeFactoryBase.cs:line 136
   at UAOOI.SemanticData.UAModelDesignExport.TypeFactoryBase.Update(TypeDesign nodeDesign, List`1 path, Action`2 createInstanceType) in C:\VS.git\UAOOI\OPC-UA-OOI\SemanticData\UAModelDesignExport\TypeFactoryBase.cs:line 65
   at UAOOI.SemanticData.UAModelDesignExport.ObjectTypeFactoryBase.Export(List`1 path, Action`2 createInstanceType) in C:\VS.git\UAOOI\OPC-UA-OOI\SemanticData\UAModelDesignExport\ObjectTypeFactoryBase.cs:line 36
   at UAOOI.SemanticData.UAModelDesignExport.NodesContainer.ExportNodes(List`1 members, List`1 path, Action`2 createInstanceType) in C:\VS.git\UAOOI\OPC-UA-OOI\SemanticData\UAModelDesignExport\NodesContainer.cs:line 78.";;;;"2021-05-20T12:45:01.7712012Z";;
"UAModelDesignExport";Warning;39445735;;"Trace: Warning, Error Focus: NonCategorized, Identifier: P0-0002010000 Description: General processing error see trace for details. Error caught while processing the node . The message: Object reference not set to an instance of an object. at    at UAOOI.SemanticData.UAModelDesignExport.NodeFactoryBase.UpdateNode(NodeDesign nodeDesign, List`1 path, Action`2 createInstanceType) in C:\VS.git\UAOOI\OPC-UA-OOI\SemanticData\UAModelDesignExport\NodeFactoryBase.cs:line 136
   at UAOOI.SemanticData.UAModelDesignExport.TypeFactoryBase.Update(TypeDesign nodeDesign, List`1 path, Action`2 createInstanceType) in C:\VS.git\UAOOI\OPC-UA-OOI\SemanticData\UAModelDesignExport\TypeFactoryBase.cs:line 65
   at UAOOI.SemanticData.UAModelDesignExport.ObjectTypeFactoryBase.Export(List`1 path, Action`2 createInstanceType) in C:\VS.git\UAOOI\OPC-UA-OOI\SemanticData\UAModelDesignExport\ObjectTypeFactoryBase.cs:line 36
   at UAOOI.SemanticData.UAModelDesignExport.NodesContainer.ExportNodes(List`1 members, List`1 path, Action`2 createInstanceType) in C:\VS.git\UAOOI\OPC-UA-OOI\SemanticData\UAModelDesignExport\NodesContainer.cs:line 78.";;;;"2021-05-20T12:45:01.7741988Z";;
"UAModelDesignExport";Warning;39445735;;"Trace: Warning, Error Focus: NonCategorized, Identifier: P0-0002010000 Description: General processing error see trace for details. Error caught while processing the node . The message: Object reference not set to an instance of an object. at    at UAOOI.SemanticData.UAModelDesignExport.NodeFactoryBase.UpdateNode(NodeDesign nodeDesign, List`1 path, Action`2 createInstanceType) in C:\VS.git\UAOOI\OPC-UA-OOI\SemanticData\UAModelDesignExport\NodeFactoryBase.cs:line 136
   at UAOOI.SemanticData.UAModelDesignExport.InstanceFactoryBase.UpdateInstance(InstanceDesign nodeDesign, List`1 path, Action`1 traceEvent, Action`2 createInstanceType) in C:\VS.git\UAOOI\OPC-UA-OOI\SemanticData\UAModelDesignExport\InstanceFactoryBase.cs:line 78
   at UAOOI.SemanticData.UAModelDesignExport.ObjectInstanceFactoryBase.Export(List`1 path, Action`2 createInstanceType) in C:\VS.git\UAOOI\OPC-UA-OOI\SemanticData\UAModelDesignExport\ObjectInstanceFactoryBase.cs:line 55
   at UAOOI.SemanticData.UAModelDesignExport.NodesContainer.ExportNodes(List`1 members, List`1 path, Action`2 createInstanceType) in C:\VS.git\UAOOI\OPC-UA-OOI\SemanticData\UAModelDesignExport\NodesContainer.cs:line 78.";;;;"2021-05-20T12:45:01.7771996Z";;
"UAModelDesignExport";Information;279330276;;"The ModelDesign XML has been saved to file Opc.Ua.IOLink.Model.xml and decorated with the stylesheet XMLstylesheet";;;;"2021-05-20T12:45:02.0001980Z";;
