"AddressSpacePrototyping";Information;1637887218;;"Address Space Prototyping (asp.exe) Version 6.5.0.40483";;;;"2022-03-11T12:59:35.5096488Z";;
"AddressSpacePrototyping";Information;1637887219;;"Copyright(c) 2022 Mariusz Postol";;;;"2022-03-11T12:59:35.5106493Z";;
"AddressSpacePrototyping";Verbose;6710129;;"Creating Address Space populated using Standard Model. It will take a while ...";;;;"2022-03-11T12:59:35.6159804Z";;
"UANodeSetValidation";Verbose;43988162;;"Trace: Verbose, Error Focus: Diagnostic, Identifier: P0-0003010000 Description: It is diagnostic information Entering AddressSpaceContext creator - starting creation the OPC UA Address Space.";;;;"2022-03-11T12:59:35.6219754Z";;
"UANodeSetValidation";Verbose;43988162;;"Trace: Verbose, Error Focus: Diagnostic, Identifier: P0-0003010000 Description: It is diagnostic information Address Space - the OPC UA defined has been uploaded.";;;;"2022-03-11T12:59:35.8164892Z";;
"UANodeSetValidation";Verbose;43988162;;"Trace: Verbose, Error Focus: Diagnostic, Identifier: P0-0003010000 Description: It is diagnostic information Finished import UANodeSet for http://opcfoundation.org/UA/; Imported 3909 nodes.";;;;"2022-03-11T13:00:02.7245455Z";;
"UANodeSetValidation";Verbose;43988162;;"Trace: Verbose, Error Focus: Diagnostic, Identifier: P0-0003010000 Description: It is diagnostic information Address Space - has bee created successfully.";;;;"2022-03-11T13:00:02.7245455Z";;
"AddressSpacePrototyping";Verbose;1637887216;;"Importing UANodeSet document from file C:\Users\merta\Desktop\UA\UA-Nodeset\DI\Opc.Ua.Di.NodeSet2.xml";;;;"2022-03-11T13:00:02.7275343Z";;
"UANodeSetValidation";Information;190380256;;"Entering ImportNodeSet and starting model import form file Opc.Ua.Di.NodeSet2.xml";;;;"2022-03-11T13:00:02.7285332Z";;
"UANodeSetValidation";Verbose;43988162;;"Trace: Verbose, Error Focus: Diagnostic, Identifier: P0-0003010000 Description: It is diagnostic information Finished import UANodeSet for http://opcfoundation.org/UA/DI/; Imported 373 nodes.";;;;"2022-03-11T13:00:08.5230504Z";;
"AddressSpacePrototyping";Verbose;1637887216;;"Importing UANodeSet document from file C:\Users\merta\Desktop\UA\UA-Nodeset\IOLink\Opc.Ua.IOLink.NodeSet2.xml";;;;"2022-03-11T13:00:08.5257345Z";;
"UANodeSetValidation";Information;190380256;;"Entering ImportNodeSet and starting model import form file Opc.Ua.IOLink.NodeSet2.xml";;;;"2022-03-11T13:00:08.5257345Z";;
"UANodeSetValidation";Verbose;43988162;;"Trace: Verbose, Error Focus: Diagnostic, Identifier: P0-0003010000 Description: It is diagnostic information Finished import UANodeSet for http://opcfoundation.org/UA/IOLink/; Imported 343 nodes.";;;;"2022-03-11T13:00:15.9260608Z";;
"AddressSpacePrototyping";Verbose;1637887217;;"Validating and exporting a model from namespace http://opcfoundation.org/UA/IOLink/";;;;"2022-03-11T13:00:15.9260608Z";;
"UANodeSetValidation";Information;856488909;;"Entering IAddressSpaceContext.ValidateAndExportModel - starting for the http://opcfoundation.org/UA/IOLink/ namespace.";;;;"2022-03-11T13:00:15.9270591Z";;
"UANodeSetValidation";Verbose;938023414;;"Selected 20 types to be validated.";;;;"2022-03-11T13:00:15.9360694Z";;
"UANodeSetValidation";Verbose;863907859;;"Selected 2 instances referenced by the ObjectsFolder to be validated.";;;;"2022-03-11T13:00:15.9370638Z";;
"UANodeSetValidation";Verbose;43988162;;"Trace: Verbose, Error Focus: Diagnostic, Identifier: P0-0003010000 Description: It is diagnostic information Documentation is not supported. You must fix it manually.";;;;"2022-03-11T13:00:15.9519924Z";;
"UANodeSetValidation";Verbose;43988162;;"Trace: Verbose, Error Focus: Diagnostic, Identifier: P0-0003010000 Description: It is diagnostic information Documentation is not supported. You must fix it manually.";;;;"2022-03-11T13:00:15.9559819Z";;
"UANodeSetValidation";Verbose;43988162;;"Trace: Verbose, Error Focus: Diagnostic, Identifier: P0-0003010000 Description: It is diagnostic information Documentation is not supported. You must fix it manually.";;;;"2022-03-11T13:00:15.9569798Z";;
"UANodeSetValidation";Verbose;43988162;;"Trace: Verbose, Error Focus: Diagnostic, Identifier: P0-0003010000 Description: It is diagnostic information Documentation is not supported. You must fix it manually.";;;;"2022-03-11T13:00:15.9569798Z";;
"UANodeSetValidation";Verbose;43988162;;"Trace: Verbose, Error Focus: Diagnostic, Identifier: P0-0003010000 Description: It is diagnostic information Documentation is not supported. You must fix it manually.";;;;"2022-03-11T13:00:15.9629614Z";;
"UANodeSetValidation";Verbose;43988162;;"Trace: Verbose, Error Focus: Diagnostic, Identifier: P0-0003010000 Description: It is diagnostic information Documentation is not supported. You must fix it manually.";;;;"2022-03-11T13:00:15.9659544Z";;
"UANodeSetValidation";Verbose;43988162;;"Trace: Verbose, Error Focus: Diagnostic, Identifier: P0-0003010000 Description: It is diagnostic information Documentation is not supported. You must fix it manually.";;;;"2022-03-11T13:00:15.9669506Z";;
"UANodeSetValidation";Warning;43988162;;"Trace: Warning, Error Focus: Diagnostic, Identifier: P0-0003010000 Description: It is diagnostic information Id = D290E7B4-F77C-4EF0-883B-844F66471DB6; Reference HierarchicalReferences not supported. Removed the graph at http://opcfoundation.org/UA/:Organizes of nodes from the model";;;;"2022-03-11T13:00:15.9729345Z";;
"UANodeSetValidation";Warning;43988162;;"Trace: Warning, Error Focus: Diagnostic, Identifier: P0-0003010000 Description: It is diagnostic information Id = D290E7B4-F77C-4EF0-883B-844F66471DB6; Reference HierarchicalReferences not supported. Removed the graph at http://opcfoundation.org/UA/:Organizes of nodes from the model";;;;"2022-03-11T13:00:15.9739370Z";;
"UANodeSetValidation";Warning;43988162;;"Trace: Warning, Error Focus: Diagnostic, Identifier: P0-0003010000 Description: It is diagnostic information Id = D290E7B4-F77C-4EF0-883B-844F66471DB6; Reference HierarchicalReferences not supported. Removed the graph at http://opcfoundation.org/UA/:Organizes of nodes from the model";;;;"2022-03-11T13:00:15.9739370Z";;
"UANodeSetValidation";Warning;43988162;;"Trace: Warning, Error Focus: Diagnostic, Identifier: P0-0003010000 Description: It is diagnostic information Id = D290E7B4-F77C-4EF0-883B-844F66471DB6; Reference HierarchicalReferences not supported. Removed the graph at http://opcfoundation.org/UA/:Organizes of nodes from the model";;;;"2022-03-11T13:00:15.9759264Z";;
"UANodeSetValidation";Warning;43988162;;"Trace: Warning, Error Focus: Diagnostic, Identifier: P0-0003010000 Description: It is diagnostic information Id = D290E7B4-F77C-4EF0-883B-844F66471DB6; Reference HierarchicalReferences not supported. Removed the graph at http://opcfoundation.org/UA/:Organizes of nodes from the model";;;;"2022-03-11T13:00:15.9769252Z";;
"UANodeSetValidation";Warning;43988162;;"Trace: Warning, Error Focus: Diagnostic, Identifier: P0-0003010000 Description: It is diagnostic information Id = D290E7B4-F77C-4EF0-883B-844F66471DB6; Reference HierarchicalReferences not supported. Removed the graph at http://opcfoundation.org/UA/:Organizes of nodes from the model";;;;"2022-03-11T13:00:15.9779216Z";;
"UANodeSetValidation";Warning;43988162;;"Trace: Warning, Error Focus: Diagnostic, Identifier: P0-0003010000 Description: It is diagnostic information Id = D290E7B4-F77C-4EF0-883B-844F66471DB6; Reference HierarchicalReferences not supported. Removed the graph at http://opcfoundation.org/UA/:Organizes of nodes from the model";;;;"2022-03-11T13:00:15.9801632Z";;
"UANodeSetValidation";Warning;43988162;;"Trace: Warning, Error Focus: Diagnostic, Identifier: P0-0003010000 Description: It is diagnostic information Id = D290E7B4-F77C-4EF0-883B-844F66471DB6; Reference HierarchicalReferences not supported. Removed the graph at http://opcfoundation.org/UA/:Organizes of nodes from the model";;;;"2022-03-11T13:00:15.9814593Z";;
"UANodeSetValidation";Warning;43988162;;"Trace: Warning, Error Focus: Diagnostic, Identifier: P0-0003010000 Description: It is diagnostic information Id = D290E7B4-F77C-4EF0-883B-844F66471DB6; Reference HierarchicalReferences not supported. Removed the graph at http://opcfoundation.org/UA/:Organizes of nodes from the model";;;;"2022-03-11T13:00:15.9825274Z";;
"UANodeSetValidation";Warning;43988162;;"Trace: Warning, Error Focus: Diagnostic, Identifier: P0-0003010000 Description: It is diagnostic information Id = D290E7B4-F77C-4EF0-883B-844F66471DB6; Reference HierarchicalReferences not supported. Removed the graph at http://opcfoundation.org/UA/:Organizes of nodes from the model";;;;"2022-03-11T13:00:15.9835302Z";;
"UANodeSetValidation";Warning;43988162;;"Trace: Warning, Error Focus: Diagnostic, Identifier: P0-0003010000 Description: It is diagnostic information Id = D290E7B4-F77C-4EF0-883B-844F66471DB6; Reference HierarchicalReferences not supported. Removed the graph at http://opcfoundation.org/UA/:Organizes of nodes from the model";;;;"2022-03-11T13:00:15.9849202Z";;
"UANodeSetValidation";Warning;43988162;;"Trace: Warning, Error Focus: Diagnostic, Identifier: P0-0003010000 Description: It is diagnostic information Id = D290E7B4-F77C-4EF0-883B-844F66471DB6; Reference HierarchicalReferences not supported. Removed the graph at http://opcfoundation.org/UA/:Organizes of nodes from the model";;;;"2022-03-11T13:00:15.9861943Z";;
"UANodeSetValidation";Warning;43988162;;"Trace: Warning, Error Focus: Diagnostic, Identifier: P0-0003010000 Description: It is diagnostic information Id = D290E7B4-F77C-4EF0-883B-844F66471DB6; Reference HierarchicalReferences not supported. Removed the graph at http://opcfoundation.org/UA/:Organizes of nodes from the model";;;;"2022-03-11T13:00:15.9871952Z";;
"UANodeSetValidation";Warning;43988162;;"Trace: Warning, Error Focus: Diagnostic, Identifier: P0-0003010000 Description: It is diagnostic information Id = D290E7B4-F77C-4EF0-883B-844F66471DB6; Reference HierarchicalReferences not supported. Removed the graph at http://opcfoundation.org/UA/:Organizes of nodes from the model";;;;"2022-03-11T13:00:15.9891915Z";;
"UANodeSetValidation";Warning;43988162;;"Trace: Warning, Error Focus: Diagnostic, Identifier: P0-0003010000 Description: It is diagnostic information Id = D290E7B4-F77C-4EF0-883B-844F66471DB6; Reference HierarchicalReferences not supported. Removed the graph at http://opcfoundation.org/UA/:Organizes of nodes from the model";;;;"2022-03-11T13:00:15.9901900Z";;
"UANodeSetValidation";Warning;43988162;;"Trace: Warning, Error Focus: Diagnostic, Identifier: P0-0003010000 Description: It is diagnostic information Id = D290E7B4-F77C-4EF0-883B-844F66471DB6; Reference HierarchicalReferences not supported. Removed the graph at http://opcfoundation.org/UA/:Organizes of nodes from the model";;;;"2022-03-11T13:00:15.9921804Z";;
"UANodeSetValidation";Warning;43988162;;"Trace: Warning, Error Focus: Diagnostic, Identifier: P0-0003010000 Description: It is diagnostic information Id = D290E7B4-F77C-4EF0-883B-844F66471DB6; Reference HierarchicalReferences not supported. Removed the graph at http://opcfoundation.org/UA/:Organizes of nodes from the model";;;;"2022-03-11T13:00:15.9968140Z";;
"UANodeSetValidation";Warning;43988162;;"Trace: Warning, Error Focus: Diagnostic, Identifier: P0-0003010000 Description: It is diagnostic information Id = D290E7B4-F77C-4EF0-883B-844F66471DB6; Reference HierarchicalReferences not supported. Removed the graph at http://opcfoundation.org/UA/:Organizes of nodes from the model";;;;"2022-03-11T13:00:15.9978119Z";;
"UANodeSetValidation";Warning;43988162;;"Trace: Warning, Error Focus: Diagnostic, Identifier: P0-0003010000 Description: It is diagnostic information Id = D290E7B4-F77C-4EF0-883B-844F66471DB6; Reference HierarchicalReferences not supported. Removed the graph at http://opcfoundation.org/UA/:Organizes of nodes from the model";;;;"2022-03-11T13:00:15.9988078Z";;
"UANodeSetValidation";Warning;43988162;;"Trace: Warning, Error Focus: Diagnostic, Identifier: P0-0003010000 Description: It is diagnostic information Id = D290E7B4-F77C-4EF0-883B-844F66471DB6; Reference HierarchicalReferences not supported. Removed the graph at http://opcfoundation.org/UA/:Organizes of nodes from the model";;;;"2022-03-11T13:00:15.9998065Z";;
"UANodeSetValidation";Verbose;43988162;;"Trace: Verbose, Error Focus: Diagnostic, Identifier: P0-0003010000 Description: It is diagnostic information Documentation is not supported. You must fix it manually.";;;;"2022-03-11T13:00:16.0307234Z";;
"UANodeSetValidation";Verbose;43988162;;"Trace: Verbose, Error Focus: Diagnostic, Identifier: P0-0003010000 Description: It is diagnostic information Documentation is not supported. You must fix it manually.";;;;"2022-03-11T13:00:16.0327181Z";;
"UANodeSetValidation";Verbose;43988162;;"Trace: Verbose, Error Focus: Diagnostic, Identifier: P0-0003010000 Description: It is diagnostic information Documentation is not supported. You must fix it manually.";;;;"2022-03-11T13:00:16.0347130Z";;
"UANodeSetValidation";Warning;43988162;;"Trace: Warning, Error Focus: Diagnostic, Identifier: P0-0003010000 Description: It is diagnostic information Id = D290E7B4-F77C-4EF0-883B-844F66471DB6; Reference HierarchicalReferences not supported. Removed the graph at http://opcfoundation.org/UA/:Organizes of nodes from the model";;;;"2022-03-11T13:00:16.0357106Z";;
"UANodeSetValidation";Warning;43988162;;"Trace: Warning, Error Focus: Diagnostic, Identifier: P0-0003010000 Description: It is diagnostic information Id = D290E7B4-F77C-4EF0-883B-844F66471DB6; Reference HierarchicalReferences not supported. Removed the graph at http://opcfoundation.org/UA/:Organizes of nodes from the model";;;;"2022-03-11T13:00:16.0366433Z";;
"UANodeSetValidation";Warning;43988162;;"Trace: Warning, Error Focus: Diagnostic, Identifier: P0-0003010000 Description: It is diagnostic information Id = D290E7B4-F77C-4EF0-883B-844F66471DB6; Reference HierarchicalReferences not supported. Removed the graph at http://opcfoundation.org/UA/:Organizes of nodes from the model";;;;"2022-03-11T13:00:16.0406370Z";;
"UANodeSetValidation";Warning;43988162;;"Trace: Warning, Error Focus: Diagnostic, Identifier: P0-0003010000 Description: It is diagnostic information Id = D290E7B4-F77C-4EF0-883B-844F66471DB6; Reference HierarchicalReferences not supported. Removed the graph at http://opcfoundation.org/UA/:Organizes of nodes from the model";;;;"2022-03-11T13:00:16.0520214Z";;
"UANodeSetValidation";Warning;43988162;;"Trace: Warning, Error Focus: Diagnostic, Identifier: P0-0003010000 Description: It is diagnostic information Id = D290E7B4-F77C-4EF0-883B-844F66471DB6; Reference HierarchicalReferences not supported. Removed the graph at http://opcfoundation.org/UA/:Organizes of nodes from the model";;;;"2022-03-11T13:00:16.0520214Z";;
"UANodeSetValidation";Warning;43988162;;"Trace: Warning, Error Focus: Diagnostic, Identifier: P0-0003010000 Description: It is diagnostic information Id = D290E7B4-F77C-4EF0-883B-844F66471DB6; Reference HierarchicalReferences not supported. Removed the graph at http://opcfoundation.org/UA/:Organizes of nodes from the model";;;;"2022-03-11T13:00:16.0530172Z";;
"UANodeSetValidation";Verbose;43988162;;"Trace: Verbose, Error Focus: Diagnostic, Identifier: P0-0003010000 Description: It is diagnostic information Documentation is not supported. You must fix it manually.";;;;"2022-03-11T13:00:16.0580047Z";;
"UANodeSetValidation";Verbose;43988162;;"Trace: Verbose, Error Focus: Diagnostic, Identifier: P0-0003010000 Description: It is diagnostic information Documentation is not supported. You must fix it manually.";;;;"2022-03-11T13:00:16.0590324Z";;
"UANodeSetValidation";Warning;43988162;;"Trace: Warning, Error Focus: Diagnostic, Identifier: P0-0003010000 Description: It is diagnostic information Id = D290E7B4-F77C-4EF0-883B-844F66471DB6; Reference HierarchicalReferences not supported. Removed the graph at http://opcfoundation.org/UA/:Organizes of nodes from the model";;;;"2022-03-11T13:00:16.0610284Z";;
"UANodeSetValidation";Warning;43988162;;"Trace: Warning, Error Focus: Diagnostic, Identifier: P0-0003010000 Description: It is diagnostic information Id = D290E7B4-F77C-4EF0-883B-844F66471DB6; Reference HierarchicalReferences not supported. Removed the graph at http://opcfoundation.org/UA/:Organizes of nodes from the model";;;;"2022-03-11T13:00:16.0610284Z";;
"UANodeSetValidation";Warning;43988162;;"Trace: Warning, Error Focus: Diagnostic, Identifier: P0-0003010000 Description: It is diagnostic information Id = D290E7B4-F77C-4EF0-883B-844F66471DB6; Reference HierarchicalReferences not supported. Removed the graph at http://opcfoundation.org/UA/:Organizes of nodes from the model";;;;"2022-03-11T13:00:16.0629910Z";;
"UANodeSetValidation";Warning;43988162;;"Trace: Warning, Error Focus: Diagnostic, Identifier: P0-0003010000 Description: It is diagnostic information Id = D290E7B4-F77C-4EF0-883B-844F66471DB6; Reference HierarchicalReferences not supported. Removed the graph at http://opcfoundation.org/UA/:Organizes of nodes from the model";;;;"2022-03-11T13:00:16.0649852Z";;
"UANodeSetValidation";Warning;43988162;;"Trace: Warning, Error Focus: Diagnostic, Identifier: P0-0003010000 Description: It is diagnostic information Id = D290E7B4-F77C-4EF0-883B-844F66471DB6; Reference HierarchicalReferences not supported. Removed the graph at http://opcfoundation.org/UA/:Organizes of nodes from the model";;;;"2022-03-11T13:00:16.0657534Z";;
"UANodeSetValidation";Warning;43988162;;"Trace: Warning, Error Focus: Diagnostic, Identifier: P0-0003010000 Description: It is diagnostic information Id = D290E7B4-F77C-4EF0-883B-844F66471DB6; Reference HierarchicalReferences not supported. Removed the graph at http://opcfoundation.org/UA/:Organizes of nodes from the model";;;;"2022-03-11T13:00:16.0667531Z";;
"UANodeSetValidation";Warning;43988162;;"Trace: Warning, Error Focus: Diagnostic, Identifier: P0-0003010000 Description: It is diagnostic information Id = D290E7B4-F77C-4EF0-883B-844F66471DB6; Reference HierarchicalReferences not supported. Removed the graph at http://opcfoundation.org/UA/:Organizes of nodes from the model";;;;"2022-03-11T13:00:16.0755659Z";;
"UANodeSetValidation";Warning;43988162;;"Trace: Warning, Error Focus: Diagnostic, Identifier: P0-0003010000 Description: It is diagnostic information Id = D290E7B4-F77C-4EF0-883B-844F66471DB6; Reference HierarchicalReferences not supported. Removed the graph at http://opcfoundation.org/UA/:Organizes of nodes from the model";;;;"2022-03-11T13:00:16.0755659Z";;
"UANodeSetValidation";Warning;43988162;;"Trace: Warning, Error Focus: Diagnostic, Identifier: P0-0003010000 Description: It is diagnostic information Id = D290E7B4-F77C-4EF0-883B-844F66471DB6; Reference HierarchicalReferences not supported. Removed the graph at http://opcfoundation.org/UA/:Organizes of nodes from the model";;;;"2022-03-11T13:00:16.0775591Z";;
"UANodeSetValidation";Warning;43988162;;"Trace: Warning, Error Focus: Diagnostic, Identifier: P0-0003010000 Description: It is diagnostic information Id = D290E7B4-F77C-4EF0-883B-844F66471DB6; Reference HierarchicalReferences not supported. Removed the graph at http://opcfoundation.org/UA/:Organizes of nodes from the model";;;;"2022-03-11T13:00:16.0798611Z";;
"UANodeSetValidation";Warning;43988162;;"Trace: Warning, Error Focus: Diagnostic, Identifier: P0-0003010000 Description: It is diagnostic information Id = D290E7B4-F77C-4EF0-883B-844F66471DB6; Reference HierarchicalReferences not supported. Removed the graph at http://opcfoundation.org/UA/:Organizes of nodes from the model";;;;"2022-03-11T13:00:16.0798611Z";;
"UANodeSetValidation";Warning;43988162;;"Trace: Warning, Error Focus: Diagnostic, Identifier: P0-0003010000 Description: It is diagnostic information Id = D290E7B4-F77C-4EF0-883B-844F66471DB6; Reference HierarchicalReferences not supported. Removed the graph at http://opcfoundation.org/UA/:Organizes of nodes from the model";;;;"2022-03-11T13:00:16.1018013Z";;
"UANodeSetValidation";Warning;43988162;;"Trace: Warning, Error Focus: Diagnostic, Identifier: P0-0003010000 Description: It is diagnostic information Id = D290E7B4-F77C-4EF0-883B-844F66471DB6; Reference HierarchicalReferences not supported. Removed the graph at http://opcfoundation.org/UA/:Organizes of nodes from the model";;;;"2022-03-11T13:00:16.1028069Z";;
"UANodeSetValidation";Warning;43988162;;"Trace: Warning, Error Focus: Diagnostic, Identifier: P0-0003010000 Description: It is diagnostic information Id = D290E7B4-F77C-4EF0-883B-844F66471DB6; Reference HierarchicalReferences not supported. Removed the graph at http://opcfoundation.org/UA/:Organizes of nodes from the model";;;;"2022-03-11T13:00:16.1037974Z";;
"UANodeSetValidation";Warning;43988162;;"Trace: Warning, Error Focus: Diagnostic, Identifier: P0-0003010000 Description: It is diagnostic information Id = D290E7B4-F77C-4EF0-883B-844F66471DB6; Reference HierarchicalReferences not supported. Removed the graph at http://opcfoundation.org/UA/:Organizes of nodes from the model";;;;"2022-03-11T13:00:16.1053188Z";;
"UANodeSetValidation";Warning;43988162;;"Trace: Warning, Error Focus: Diagnostic, Identifier: P0-0003010000 Description: It is diagnostic information Id = D290E7B4-F77C-4EF0-883B-844F66471DB6; Reference HierarchicalReferences not supported. Removed the graph at http://opcfoundation.org/UA/:Organizes of nodes from the model";;;;"2022-03-11T13:00:16.1292569Z";;
"UANodeSetValidation";Warning;43988162;;"Trace: Warning, Error Focus: Diagnostic, Identifier: P0-0003010000 Description: It is diagnostic information Id = D290E7B4-F77C-4EF0-883B-844F66471DB6; Reference HierarchicalReferences not supported. Removed the graph at http://opcfoundation.org/UA/:Organizes of nodes from the model";;;;"2022-03-11T13:00:16.1297105Z";;
"UANodeSetValidation";Warning;43988162;;"Trace: Warning, Error Focus: Diagnostic, Identifier: P0-0003010000 Description: It is diagnostic information Id = D290E7B4-F77C-4EF0-883B-844F66471DB6; Reference HierarchicalReferences not supported. Removed the graph at http://opcfoundation.org/UA/:Organizes of nodes from the model";;;;"2022-03-11T13:00:16.1317098Z";;
"UANodeSetValidation";Warning;43988162;;"Trace: Warning, Error Focus: Diagnostic, Identifier: P0-0003010000 Description: It is diagnostic information Id = D290E7B4-F77C-4EF0-883B-844F66471DB6; Reference HierarchicalReferences not supported. Removed the graph at http://opcfoundation.org/UA/:Organizes of nodes from the model";;;;"2022-03-11T13:00:16.1327050Z";;
"UANodeSetValidation";Warning;43988162;;"Trace: Warning, Error Focus: Diagnostic, Identifier: P0-0003010000 Description: It is diagnostic information Id = D290E7B4-F77C-4EF0-883B-844F66471DB6; Reference HierarchicalReferences not supported. Removed the graph at http://opcfoundation.org/UA/:Organizes of nodes from the model";;;;"2022-03-11T13:00:16.1356971Z";;
"UANodeSetValidation";Warning;43988162;;"Trace: Warning, Error Focus: Diagnostic, Identifier: P0-0003010000 Description: It is diagnostic information Id = D290E7B4-F77C-4EF0-883B-844F66471DB6; Reference HierarchicalReferences not supported. Removed the graph at http://opcfoundation.org/UA/:Organizes of nodes from the model";;;;"2022-03-11T13:00:16.1366942Z";;
"UANodeSetValidation";Warning;43988162;;"Trace: Warning, Error Focus: Diagnostic, Identifier: P0-0003010000 Description: It is diagnostic information Id = D290E7B4-F77C-4EF0-883B-844F66471DB6; Reference HierarchicalReferences not supported. Removed the graph at http://opcfoundation.org/UA/:Organizes of nodes from the model";;;;"2022-03-11T13:00:16.1373565Z";;
"UANodeSetValidation";Warning;43988162;;"Trace: Warning, Error Focus: Diagnostic, Identifier: P0-0003010000 Description: It is diagnostic information Id = D290E7B4-F77C-4EF0-883B-844F66471DB6; Reference HierarchicalReferences not supported. Removed the graph at http://opcfoundation.org/UA/:Organizes of nodes from the model";;;;"2022-03-11T13:00:16.1384998Z";;
"UANodeSetValidation";Verbose;43988162;;"Trace: Verbose, Error Focus: Diagnostic, Identifier: P0-0003010000 Description: It is diagnostic information Documentation is not supported. You must fix it manually.";;;;"2022-03-11T13:00:16.1404999Z";;
"UANodeSetValidation";Verbose;43988162;;"Trace: Verbose, Error Focus: Diagnostic, Identifier: P0-0003010000 Description: It is diagnostic information Documentation is not supported. You must fix it manually.";;;;"2022-03-11T13:00:16.1414968Z";;
"UANodeSetValidation";Verbose;43988162;;"Trace: Verbose, Error Focus: Diagnostic, Identifier: P0-0003010000 Description: It is diagnostic information Documentation is not supported. You must fix it manually.";;;;"2022-03-11T13:00:16.1424941Z";;
"UANodeSetValidation";Verbose;43988162;;"Trace: Verbose, Error Focus: Diagnostic, Identifier: P0-0003010000 Description: It is diagnostic information Documentation is not supported. You must fix it manually.";;;;"2022-03-11T13:00:16.1434907Z";;
"UANodeSetValidation";Verbose;43988162;;"Trace: Verbose, Error Focus: Diagnostic, Identifier: P0-0003010000 Description: It is diagnostic information Documentation is not supported. You must fix it manually.";;;;"2022-03-11T13:00:16.1444878Z";;
"UANodeSetValidation";Verbose;43988162;;"Trace: Verbose, Error Focus: Diagnostic, Identifier: P0-0003010000 Description: It is diagnostic information Documentation is not supported. You must fix it manually.";;;;"2022-03-11T13:00:16.1444878Z";;
"UANodeSetValidation";Verbose;43988162;;"Trace: Verbose, Error Focus: Diagnostic, Identifier: P0-0003010000 Description: It is diagnostic information Documentation is not supported. You must fix it manually.";;;;"2022-03-11T13:00:16.1474809Z";;
"UANodeSetValidation";Warning;43988162;;"Trace: Warning, Error Focus: Diagnostic, Identifier: P0-0003010000 Description: It is diagnostic information Id = D290E7B4-F77C-4EF0-883B-844F66471DB6; Reference HierarchicalReferences not supported. Removed the graph at http://opcfoundation.org/UA/:Organizes of nodes from the model";;;;"2022-03-11T13:00:16.1474809Z";;
"UANodeSetValidation";Warning;43988162;;"Trace: Warning, Error Focus: Diagnostic, Identifier: P0-0003010000 Description: It is diagnostic information Id = D290E7B4-F77C-4EF0-883B-844F66471DB6; Reference HierarchicalReferences not supported. Removed the graph at http://opcfoundation.org/UA/:Organizes of nodes from the model";;;;"2022-03-11T13:00:16.1494858Z";;
"UANodeSetValidation";Warning;43988162;;"Trace: Warning, Error Focus: Diagnostic, Identifier: P0-0003010000 Description: It is diagnostic information Id = D290E7B4-F77C-4EF0-883B-844F66471DB6; Reference HierarchicalReferences not supported. Removed the graph at http://opcfoundation.org/UA/:Organizes of nodes from the model";;;;"2022-03-11T13:00:16.1524922Z";;
"UANodeSetValidation";Verbose;43988162;;"Trace: Verbose, Error Focus: Diagnostic, Identifier: P0-0003010000 Description: It is diagnostic information Documentation is not supported. You must fix it manually.";;;;"2022-03-11T13:00:16.1644585Z";;
"UANodeSetValidation";Verbose;43988162;;"Trace: Verbose, Error Focus: Diagnostic, Identifier: P0-0003010000 Description: It is diagnostic information Documentation is not supported. You must fix it manually.";;;;"2022-03-11T13:00:16.1754246Z";;
"UANodeSetValidation";Verbose;43988162;;"Trace: Verbose, Error Focus: Diagnostic, Identifier: P0-0003010000 Description: It is diagnostic information Documentation is not supported. You must fix it manually.";;;;"2022-03-11T13:00:16.1764218Z";;
"UANodeSetValidation";Information;711552454;;"Finishing Validator.ValidateExportModel - the model contains 22 nodes and no errors/warnings reported";;;;"2022-03-11T13:00:16.1764218Z";;
"AddressSpacePrototyping";Verbose;1637887217;;"Writing model to XML file Opc.Ua.IOLink.Model.xml";;;;"2022-03-11T13:00:16.1764218Z";;
"UAModelDesignExport";Information;279330276;;"The ModelDesign XML has been saved to file Opc.Ua.IOLink.Model.xml and decorated with the stylesheet XMLstylesheet";;;;"2022-03-11T13:00:16.3011387Z";;
"AddressSpacePrototyping";Verbose;918215642;;"Execution time = 41s";;;;"2022-03-11T13:00:16.8920624Z";;
