"AddressSpacePrototyping";Information;1637887218;;"Address Space Prototyping (asp.exe) Version 6.5.0.40483";;;;"2022-04-12T19:44:21.8334269Z";;
"AddressSpacePrototyping";Information;1637887219;;"Copyright(c) 2022 Mariusz Postol";;;;"2022-04-12T19:44:21.8344275Z";;
"AddressSpacePrototyping";Verbose;6710129;;"Creating Address Space populated using Standard Model. It will take a while ...";;;;"2022-04-12T19:44:21.9383617Z";;
"UANodeSetValidation";Verbose;43988162;;"Trace: Verbose, Error Focus: Diagnostic, Identifier: P0-0003010000 Description: It is diagnostic information Entering AddressSpaceContext creator - starting creation the OPC UA Address Space.";;;;"2022-04-12T19:44:21.9453647Z";;
"UANodeSetValidation";Verbose;43988162;;"Trace: Verbose, Error Focus: Diagnostic, Identifier: P0-0003010000 Description: It is diagnostic information Address Space - the OPC UA defined has been uploaded.";;;;"2022-04-12T19:44:22.1432727Z";;
"UANodeSetValidation";Verbose;43988162;;"Trace: Verbose, Error Focus: Diagnostic, Identifier: P0-0003010000 Description: It is diagnostic information Finished import UANodeSet for http://opcfoundation.org/UA/; Imported 3909 nodes.";;;;"2022-04-12T19:44:49.1245595Z";;
"UANodeSetValidation";Verbose;43988162;;"Trace: Verbose, Error Focus: Diagnostic, Identifier: P0-0003010000 Description: It is diagnostic information Address Space - has bee created successfully.";;;;"2022-04-12T19:44:49.1245595Z";;
"AddressSpacePrototyping";Verbose;1637887216;;"Importing UANodeSet document from file C:\Users\merta\Desktop\UA-MAİN\UA-Nodeset\PlasticsRubber\GeneralTypes\1.03\Opc.Ua.PlasticsRubber.GeneralTypes.NodeSet2.xml";;;;"2022-04-12T19:44:49.1285503Z";;
"UANodeSetValidation";Information;190380256;;"Entering ImportNodeSet and starting model import form file Opc.Ua.PlasticsRubber.GeneralTypes.NodeSet2.xml";;;;"2022-04-12T19:44:49.1295479Z";;
"UANodeSetValidation";Warning;43988162;;"Trace: Warning, Error Focus: Diagnostic, Identifier: P0-0001010000 Description: The XML attribute or element is not supported and neglected. Extensions are omitted during the import";;;;"2022-04-12T19:44:49.1435092Z";;
"UANodeSetValidation";Verbose;43988162;;"Trace: Verbose, Error Focus: Diagnostic, Identifier: P0-0003010000 Description: It is diagnostic information Finished import UANodeSet for http://opcfoundation.org/UA/PlasticsRubber/GeneralTypes/; Imported 961 nodes.";;;;"2022-04-12T19:45:05.4529320Z";;
"AddressSpacePrototyping";Verbose;1637887216;;"Importing UANodeSet document from file C:\Users\merta\Desktop\UA-MAİN\UA-Nodeset\PlasticsRubber\Extrusion\GeneralTypes\1.01\Opc.Ua.PlasticsRubber.Extrusion.GeneralTypes.NodeSet2.xml";;;;"2022-04-12T19:45:05.4529320Z";;
"UANodeSetValidation";Information;190380256;;"Entering ImportNodeSet and starting model import form file Opc.Ua.PlasticsRubber.Extrusion.GeneralTypes.NodeSet2.xml";;;;"2022-04-12T19:45:05.4529320Z";;
"UANodeSetValidation";Warning;43988162;;"Trace: Warning, Error Focus: Diagnostic, Identifier: P0-0001010000 Description: The XML attribute or element is not supported and neglected. Extensions are omitted during the import";;;;"2022-04-12T19:45:05.4688541Z";;
"UANodeSetValidation";Verbose;43988162;;"Trace: Verbose, Error Focus: Diagnostic, Identifier: P0-0003010000 Description: It is diagnostic information Finished import UANodeSet for http://opcfoundation.org/UA/PlasticsRubber/Extrusion/GeneralTypes/; Imported 1130 nodes.";;;;"2022-04-12T19:45:32.1237880Z";;
"AddressSpacePrototyping";Verbose;1637887216;;"Importing UANodeSet document from file C:\Users\merta\Desktop\UA-MAİN\UA-Nodeset\PlasticsRubber\Extrusion\MeltPump\1.00\Opc.Ua.PlasticsRubber.Extrusion.MeltPump.NodeSet2.xml";;;;"2022-04-12T19:45:32.1237880Z";;
"UANodeSetValidation";Information;190380256;;"Entering ImportNodeSet and starting model import form file Opc.Ua.PlasticsRubber.Extrusion.MeltPump.NodeSet2.xml";;;;"2022-04-12T19:45:32.1237880Z";;
"UANodeSetValidation";Warning;43988162;;"Trace: Warning, Error Focus: Diagnostic, Identifier: P0-0001010000 Description: The XML attribute or element is not supported and neglected. Extensions are omitted during the import";;;;"2022-04-12T19:45:32.1257827Z";;
"UANodeSetValidation";Verbose;43988162;;"Trace: Verbose, Error Focus: Diagnostic, Identifier: P0-0003010000 Description: It is diagnostic information Finished import UANodeSet for http://opcfoundation.org/UA/PlasticsRubber/Extrusion/MeltPump/; Imported 140 nodes.";;;;"2022-04-12T19:45:35.8557691Z";;
"AddressSpacePrototyping";Verbose;1637887217;;"Validating and exporting a model from namespace http://opcfoundation.org/UA/PlasticsRubber/Extrusion/MeltPump/";;;;"2022-04-12T19:45:35.8557691Z";;
"UANodeSetValidation";Information;856488909;;"Entering IAddressSpaceContext.ValidateAndExportModel - starting for the http://opcfoundation.org/UA/PlasticsRubber/Extrusion/MeltPump/ namespace.";;;;"2022-04-12T19:45:35.8567677Z";;
"UANodeSetValidation";Warning;43988162;;"Trace: Warning, Error Focus: XML, Identifier: P6-0F02000000 Description: The required model is missing. I cannot find definition of the required model http://opcfoundation.org/UA/DI/";;;;"2022-04-12T19:45:35.8577648Z";;
"UANodeSetValidation";Verbose;938023414;;"Selected 1 types to be validated.";;;;"2022-04-12T19:45:35.8657755Z";;
"UANodeSetValidation";Verbose;863907859;;"Selected 0 instances referenced by the ObjectsFolder to be validated.";;;;"2022-04-12T19:45:35.8667712Z";;
"UANodeSetValidation";Warning;226242104;;"Finishing Validator.ValidateExportModel - the model contains 1 nodes and 1 errors reported.";;;;"2022-04-12T19:45:35.8976895Z";;
"AddressSpacePrototyping";Verbose;1637887217;;"Writing model to XML file Opc.Ua.PlasticsRubber.Extrusion.MeltPump.Model.xml";;;;"2022-04-12T19:45:35.8986531Z";;
"UAModelDesignExport";Information;279330276;;"The ModelDesign XML has been saved to file Opc.Ua.PlasticsRubber.Extrusion.MeltPump.Model.xml and decorated with the stylesheet XMLstylesheet";;;;"2022-04-12T19:45:36.0143462Z";;
"AddressSpacePrototyping";Verbose;918215642;;"Execution time = 74s";;;;"2022-04-12T19:45:36.4323022Z";;
