"AddressSpacePrototyping";Information;1637887218;;"Address Space Prototyping (asp.exe) Version 6.5.0.40483";;;;"2022-04-12T19:25:18.1711914Z";;
"AddressSpacePrototyping";Information;1637887219;;"Copyright(c) 2022 Mariusz Postol";;;;"2022-04-12T19:25:18.1721886Z";;
"AddressSpacePrototyping";Verbose;6710129;;"Creating Address Space populated using Standard Model. It will take a while ...";;;;"2022-04-12T19:25:18.2733630Z";;
"UANodeSetValidation";Verbose;43988162;;"Trace: Verbose, Error Focus: Diagnostic, Identifier: P0-0003010000 Description: It is diagnostic information Entering AddressSpaceContext creator - starting creation the OPC UA Address Space.";;;;"2022-04-12T19:25:18.2803427Z";;
"UANodeSetValidation";Verbose;43988162;;"Trace: Verbose, Error Focus: Diagnostic, Identifier: P0-0003010000 Description: It is diagnostic information Address Space - the OPC UA defined has been uploaded.";;;;"2022-04-12T19:25:18.4738261Z";;
"UANodeSetValidation";Verbose;43988162;;"Trace: Verbose, Error Focus: Diagnostic, Identifier: P0-0003010000 Description: It is diagnostic information Finished import UANodeSet for http://opcfoundation.org/UA/; Imported 3909 nodes.";;;;"2022-04-12T19:25:49.2326791Z";;
"UANodeSetValidation";Verbose;43988162;;"Trace: Verbose, Error Focus: Diagnostic, Identifier: P0-0003010000 Description: It is diagnostic information Address Space - has bee created successfully.";;;;"2022-04-12T19:25:49.2326791Z";;
"AddressSpacePrototyping";Verbose;1637887216;;"Importing UANodeSet document from file C:\Users\merta\Desktop\UA-MAİN\UA-Nodeset\DI\Opc.Ua.Di.NodeSet2.xml";;;;"2022-04-12T19:25:49.2366713Z";;
"UANodeSetValidation";Information;190380256;;"Entering ImportNodeSet and starting model import form file Opc.Ua.Di.NodeSet2.xml";;;;"2022-04-12T19:25:49.2366713Z";;
"UANodeSetValidation";Verbose;43988162;;"Trace: Verbose, Error Focus: Diagnostic, Identifier: P0-0003010000 Description: It is diagnostic information Finished import UANodeSet for http://opcfoundation.org/UA/DI/; Imported 373 nodes.";;;;"2022-04-12T19:25:56.0614903Z";;
"AddressSpacePrototyping";Verbose;1637887216;;"Importing UANodeSet document from file C:\Users\merta\Desktop\UA-MAİN\UA-Nodeset\PlasticsRubber\GeneralTypes\1.03\Opc.Ua.PlasticsRubber.GeneralTypes.NodeSet2.xml";;;;"2022-04-12T19:25:56.0614903Z";;
"UANodeSetValidation";Information;190380256;;"Entering ImportNodeSet and starting model import form file Opc.Ua.PlasticsRubber.GeneralTypes.NodeSet2.xml";;;;"2022-04-12T19:25:56.0614903Z";;
"UANodeSetValidation";Warning;43988162;;"Trace: Warning, Error Focus: Diagnostic, Identifier: P0-0001010000 Description: The XML attribute or element is not supported and neglected. Extensions are omitted during the import";;;;"2022-04-12T19:25:56.0764484Z";;
"UANodeSetValidation";Verbose;43988162;;"Trace: Verbose, Error Focus: Diagnostic, Identifier: P0-0003010000 Description: It is diagnostic information Finished import UANodeSet for http://opcfoundation.org/UA/PlasticsRubber/GeneralTypes/; Imported 961 nodes.";;;;"2022-04-12T19:26:17.1670832Z";;
"AddressSpacePrototyping";Verbose;1637887216;;"Importing UANodeSet document from file C:\Users\merta\Desktop\UA-MAİN\UA-Nodeset\PlasticsRubber\LDS\1.00\Opc.Ua.PlasticsRubber.LDS.NodeSet2.xml";;;;"2022-04-12T19:26:17.1670832Z";;
"UANodeSetValidation";Information;190380256;;"Entering ImportNodeSet and starting model import form file Opc.Ua.PlasticsRubber.LDS.NodeSet2.xml";;;;"2022-04-12T19:26:17.1670832Z";;
"UANodeSetValidation";Warning;43988162;;"Trace: Warning, Error Focus: Diagnostic, Identifier: P0-0001010000 Description: The XML attribute or element is not supported and neglected. Extensions are omitted during the import";;;;"2022-04-12T19:26:17.1780564Z";;
"UANodeSetValidation";Verbose;43988162;;"Trace: Verbose, Error Focus: Diagnostic, Identifier: P0-0003010000 Description: It is diagnostic information Finished import UANodeSet for http://opcfoundation.org/UA/PlasticsRubber/LDS/; Imported 788 nodes.";;;;"2022-04-12T19:26:41.5209615Z";;
"AddressSpacePrototyping";Verbose;1637887217;;"Validating and exporting a model from namespace http://opcfoundation.org/UA/PlasticsRubber/LDS/";;;;"2022-04-12T19:26:41.5209615Z";;
"UANodeSetValidation";Information;856488909;;"Entering IAddressSpaceContext.ValidateAndExportModel - starting for the http://opcfoundation.org/UA/PlasticsRubber/LDS/ namespace.";;;;"2022-04-12T19:26:41.5219578Z";;
"UANodeSetValidation";Verbose;938023414;;"Selected 11 types to be validated.";;;;"2022-04-12T19:26:41.5299352Z";;
"UANodeSetValidation";Verbose;863907859;;"Selected 0 instances referenced by the ObjectsFolder to be validated.";;;;"2022-04-12T19:26:41.5319271Z";;
"UANodeSetValidation";Verbose;43988162;;"Trace: Verbose, Error Focus: Diagnostic, Identifier: P0-0003010000 Description: It is diagnostic information Documentation is not supported. You must fix it manually.";;;;"2022-04-12T19:26:41.5585526Z";;
"UANodeSetValidation";Verbose;43988162;;"Trace: Verbose, Error Focus: Diagnostic, Identifier: P0-0003010000 Description: It is diagnostic information Documentation is not supported. You must fix it manually.";;;;"2022-04-12T19:26:41.5625410Z";;
"UANodeSetValidation";Verbose;43988162;;"Trace: Verbose, Error Focus: Diagnostic, Identifier: P0-0003010000 Description: It is diagnostic information Documentation is not supported. You must fix it manually.";;;;"2022-04-12T19:26:41.5635404Z";;
"UANodeSetValidation";Verbose;43988162;;"Trace: Verbose, Error Focus: Diagnostic, Identifier: P0-0003010000 Description: It is diagnostic information Documentation is not supported. You must fix it manually.";;;;"2022-04-12T19:26:41.5655677Z";;
"UANodeSetValidation";Verbose;43988162;;"Trace: Verbose, Error Focus: Diagnostic, Identifier: P0-0003010000 Description: It is diagnostic information Documentation is not supported. You must fix it manually.";;;;"2022-04-12T19:26:41.5814931Z";;
"UANodeSetValidation";Verbose;43988162;;"Trace: Verbose, Error Focus: Diagnostic, Identifier: P0-0003010000 Description: It is diagnostic information Documentation is not supported. You must fix it manually.";;;;"2022-04-12T19:26:41.5834878Z";;
"UANodeSetValidation";Verbose;43988162;;"Trace: Verbose, Error Focus: Diagnostic, Identifier: P0-0003010000 Description: It is diagnostic information Documentation is not supported. You must fix it manually.";;;;"2022-04-12T19:26:41.5864797Z";;
"UANodeSetValidation";Verbose;43988162;;"Trace: Verbose, Error Focus: Diagnostic, Identifier: P0-0003010000 Description: It is diagnostic information Documentation is not supported. You must fix it manually.";;;;"2022-04-12T19:26:41.6134397Z";;
"UANodeSetValidation";Verbose;43988162;;"Trace: Verbose, Error Focus: Diagnostic, Identifier: P0-0003010000 Description: It is diagnostic information Documentation is not supported. You must fix it manually.";;;;"2022-04-12T19:26:41.6333543Z";;
"UANodeSetValidation";Verbose;43988162;;"Trace: Verbose, Error Focus: Diagnostic, Identifier: P0-0003010000 Description: It is diagnostic information Documentation is not supported. You must fix it manually.";;;;"2022-04-12T19:26:41.6443248Z";;
"UANodeSetValidation";Verbose;43988162;;"Trace: Verbose, Error Focus: Diagnostic, Identifier: P0-0003010000 Description: It is diagnostic information Documentation is not supported. You must fix it manually.";;;;"2022-04-12T19:26:41.6453210Z";;
"UANodeSetValidation";Verbose;43988162;;"Trace: Verbose, Error Focus: Diagnostic, Identifier: P0-0003010000 Description: It is diagnostic information Documentation is not supported. You must fix it manually.";;;;"2022-04-12T19:26:41.6463510Z";;
"UANodeSetValidation";Verbose;43988162;;"Trace: Verbose, Error Focus: Diagnostic, Identifier: P0-0003010000 Description: It is diagnostic information Documentation is not supported. You must fix it manually.";;;;"2022-04-12T19:26:41.6493448Z";;
"UANodeSetValidation";Verbose;43988162;;"Trace: Verbose, Error Focus: Diagnostic, Identifier: P0-0003010000 Description: It is diagnostic information Documentation is not supported. You must fix it manually.";;;;"2022-04-12T19:26:41.6493448Z";;
"UANodeSetValidation";Verbose;43988162;;"Trace: Verbose, Error Focus: Diagnostic, Identifier: P0-0003010000 Description: It is diagnostic information Documentation is not supported. You must fix it manually.";;;;"2022-04-12T19:26:41.6513047Z";;
"UANodeSetValidation";Verbose;43988162;;"Trace: Verbose, Error Focus: Diagnostic, Identifier: P0-0003010000 Description: It is diagnostic information Documentation is not supported. You must fix it manually.";;;;"2022-04-12T19:26:41.6572909Z";;
"UANodeSetValidation";Verbose;43988162;;"Trace: Verbose, Error Focus: Diagnostic, Identifier: P0-0003010000 Description: It is diagnostic information Documentation is not supported. You must fix it manually.";;;;"2022-04-12T19:26:41.6602851Z";;
"UANodeSetValidation";Verbose;43988162;;"Trace: Verbose, Error Focus: Diagnostic, Identifier: P0-0003010000 Description: It is diagnostic information Documentation is not supported. You must fix it manually.";;;;"2022-04-12T19:26:41.6672629Z";;
"UANodeSetValidation";Information;711552454;;"Finishing Validator.ValidateExportModel - the model contains 11 nodes and no errors/warnings reported";;;;"2022-04-12T19:26:41.6672629Z";;
"AddressSpacePrototyping";Verbose;1637887217;;"Writing model to XML file Opc.Ua.PlasticsRubber.LDS.Model.xml";;;;"2022-04-12T19:26:41.6682611Z";;
"UAModelDesignExport";Information;279330276;;"The ModelDesign XML has been saved to file Opc.Ua.PlasticsRubber.LDS.Model.xml and decorated with the stylesheet XMLstylesheet";;;;"2022-04-12T19:26:41.7919287Z";;
"AddressSpacePrototyping";Verbose;918215642;;"Execution time = 83s";;;;"2022-04-12T19:26:42.0664018Z";;
