"AddressSpacePrototyping";Information;1637887218;;"Address Space Prototyping (asp.exe) Version 6.5.0.40483";;;;"2022-03-11T13:39:39.9875066Z";;
"AddressSpacePrototyping";Information;1637887219;;"Copyright(c) 2022 Mariusz Postol";;;;"2022-03-11T13:39:39.9885066Z";;
"AddressSpacePrototyping";Verbose;6710129;;"Creating Address Space populated using Standard Model. It will take a while ...";;;;"2022-03-11T13:39:40.0920367Z";;
"UANodeSetValidation";Verbose;43988162;;"Trace: Verbose, Error Focus: Diagnostic, Identifier: P0-0003010000 Description: It is diagnostic information Entering AddressSpaceContext creator - starting creation the OPC UA Address Space.";;;;"2022-03-11T13:39:40.1000135Z";;
"UANodeSetValidation";Verbose;43988162;;"Trace: Verbose, Error Focus: Diagnostic, Identifier: P0-0003010000 Description: It is diagnostic information Address Space - the OPC UA defined has been uploaded.";;;;"2022-03-11T13:39:40.2964877Z";;
"UANodeSetValidation";Verbose;43988162;;"Trace: Verbose, Error Focus: Diagnostic, Identifier: P0-0003010000 Description: It is diagnostic information Finished import UANodeSet for http://opcfoundation.org/UA/; Imported 3909 nodes.";;;;"2022-03-11T13:40:05.1809902Z";;
"UANodeSetValidation";Verbose;43988162;;"Trace: Verbose, Error Focus: Diagnostic, Identifier: P0-0003010000 Description: It is diagnostic information Address Space - has bee created successfully.";;;;"2022-03-11T13:40:05.1809902Z";;
"AddressSpacePrototyping";Verbose;1637887216;;"Importing UANodeSet document from file C:\Users\merta\Desktop\UA-NODE\UA-Nodeset\DI\Opc.Ua.Di.NodeSet2.xml";;;;"2022-03-11T13:40:05.1849787Z";;
"UANodeSetValidation";Information;190380256;;"Entering ImportNodeSet and starting model import form file Opc.Ua.Di.NodeSet2.xml";;;;"2022-03-11T13:40:05.1849787Z";;
"UANodeSetValidation";Verbose;43988162;;"Trace: Verbose, Error Focus: Diagnostic, Identifier: P0-0003010000 Description: It is diagnostic information Finished import UANodeSet for http://opcfoundation.org/UA/DI/; Imported 373 nodes.";;;;"2022-03-11T13:40:10.8528290Z";;
"AddressSpacePrototyping";Verbose;1637887216;;"Importing UANodeSet document from file C:\Users\merta\Desktop\UA-NODE\UA-Nodeset\CSPPlusForMachine\Opc.Ua.CSPPlusForMachine.NodeSet2.xml";;;;"2022-03-11T13:40:10.8547877Z";;
"UANodeSetValidation";Information;190380256;;"Entering ImportNodeSet and starting model import form file Opc.Ua.CSPPlusForMachine.NodeSet2.xml";;;;"2022-03-11T13:40:10.8547877Z";;
"UANodeSetValidation";Verbose;43988162;;"Trace: Verbose, Error Focus: Diagnostic, Identifier: P0-0003010000 Description: It is diagnostic information Finished import UANodeSet for http://opcfoundation.org/UA/CSPPlusForMachine/; Imported 20 nodes.";;;;"2022-03-11T13:40:11.1570785Z";;
"AddressSpacePrototyping";Verbose;1637887217;;"Validating and exporting a model from namespace http://opcfoundation.org/UA/CSPPlusForMachine/";;;;"2022-03-11T13:40:11.1570785Z";;
"UANodeSetValidation";Information;856488909;;"Entering IAddressSpaceContext.ValidateAndExportModel - starting for the http://opcfoundation.org/UA/CSPPlusForMachine/ namespace.";;;;"2022-03-11T13:40:11.1580773Z";;
"UANodeSetValidation";Verbose;938023414;;"Selected 2 types to be validated.";;;;"2022-03-11T13:40:11.1668931Z";;
"UANodeSetValidation";Verbose;863907859;;"Selected 0 instances referenced by the ObjectsFolder to be validated.";;;;"2022-03-11T13:40:11.1678964Z";;
"UANodeSetValidation";Warning;43988162;;"Trace: Warning, Error Focus: Diagnostic, Identifier: P0-0003010000 Description: It is diagnostic information Id = D290E7B4-F77C-4EF0-883B-844F66471DB6; Reference HierarchicalReferences not supported. Removed the graph at http://opcfoundation.org/UA/:Organizes of nodes from the model";;;;"2022-03-11T13:40:11.1928247Z";;
"UANodeSetValidation";Warning;43988162;;"Trace: Warning, Error Focus: Diagnostic, Identifier: P0-0003010000 Description: It is diagnostic information Id = D290E7B4-F77C-4EF0-883B-844F66471DB6; Reference HierarchicalReferences not supported. Removed the graph at http://opcfoundation.org/UA/:Organizes of nodes from the model";;;;"2022-03-11T13:40:11.1947870Z";;
"UANodeSetValidation";Warning;43988162;;"Trace: Warning, Error Focus: Diagnostic, Identifier: P0-0003010000 Description: It is diagnostic information Id = D290E7B4-F77C-4EF0-883B-844F66471DB6; Reference HierarchicalReferences not supported. Removed the graph at http://opcfoundation.org/UA/:Organizes of nodes from the model";;;;"2022-03-11T13:40:11.1967834Z";;
"UANodeSetValidation";Verbose;43988162;;"Trace: Verbose, Error Focus: Diagnostic, Identifier: P0-0003010000 Description: It is diagnostic information Documentation is not supported. You must fix it manually.";;;;"2022-03-11T13:40:11.1977792Z";;
"UANodeSetValidation";Verbose;43988162;;"Trace: Verbose, Error Focus: Diagnostic, Identifier: P0-0003010000 Description: It is diagnostic information Documentation is not supported. You must fix it manually.";;;;"2022-03-11T13:40:11.1998080Z";;
"UANodeSetValidation";Information;711552454;;"Finishing Validator.ValidateExportModel - the model contains 2 nodes and no errors/warnings reported";;;;"2022-03-11T13:40:11.2008026Z";;
"AddressSpacePrototyping";Verbose;1637887217;;"Writing model to XML file Opc.Ua.CSPPlusForMachine.Model.xml";;;;"2022-03-11T13:40:11.2008026Z";;
"UAModelDesignExport";Information;279330276;;"The ModelDesign XML has been saved to file Opc.Ua.CSPPlusForMachine.Model.xml and decorated with the stylesheet XMLstylesheet";;;;"2022-03-11T13:40:11.3150857Z";;
"AddressSpacePrototyping";Verbose;918215642;;"Execution time = 32s";;;;"2022-03-11T13:40:12.3199423Z";;
