"AddressSpacePrototyping";Information;1637887218;;"Address Space Prototyping (asp.exe) Version 6.3.2.23344";;;;"2021-05-26T15:49:33.2063494Z";;
"AddressSpacePrototyping";Information;1637887219;;"Copyright(c) 2021 Mariusz Postol";;;;"2021-05-26T15:49:33.2073500Z";;
"UANodeSetValidation";Information;190380256;;"Starting model import form file Opc.Ua.Di.NodeSet2.xml";;;;"2021-05-26T15:50:43.8094340Z";;
"UANodeSetValidation";Information;190380256;;"Starting model import form file Opc.Ua.AutoID.NodeSet2.xml";;;;"2021-05-26T15:50:58.6242335Z";;
"UANodeSetValidation";Information;856488909;;"Entering IAddressSpaceContext.ValidateAndExportModel - starting for the http://opcfoundation.org/UA/AutoID/ namespace.";;;;"2021-05-26T15:51:11.8422633Z";;
"UANodeSetValidation";Warning;43988162;;"Trace: Warning, Error Focus: NodeClass, Identifier: P3-0502020001 Description: NodeId is not defined. References to node with NodeId: ns=1;i=3009 is omitted during the import.";;;;"2021-05-26T15:51:11.9772860Z";;
"UANodeSetValidation";Warning;43988162;;"Trace: Warning, Error Focus: NodeClass, Identifier: P3-0502020001 Description: NodeId is not defined. References to node with NodeId: ns=1;i=3008 is omitted during the import.";;;;"2021-05-26T15:51:11.9822890Z";;
"UANodeSetValidation";Warning;43988162;;"Trace: Warning, Error Focus: NodeClass, Identifier: P3-0502020001 Description: NodeId is not defined. References to node with NodeId: ns=1;i=3010 is omitted during the import.";;;;"2021-05-26T15:51:12.0022848Z";;
"UANodeSetValidation";Warning;43988162;;"Trace: Warning, Error Focus: NodeClass, Identifier: P3-0502020001 Description: NodeId is not defined. References to node with NodeId: ns=1;i=3001 is omitted during the import.";;;;"2021-05-26T15:51:12.0032850Z";;
"UANodeSetValidation";Warning;43988162;;"Trace: Warning, Error Focus: NodeClass, Identifier: P3-0502020001 Description: NodeId is not defined. References to node with NodeId: ns=1;i=3013 is omitted during the import.";;;;"2021-05-26T15:51:12.0042852Z";;
"UANodeSetValidation";Warning;43988162;;"Trace: Warning, Error Focus: NodeClass, Identifier: P3-0502020001 Description: NodeId is not defined. References to node with NodeId: ns=1;i=3010 is omitted during the import.";;;;"2021-05-26T15:51:12.0103000Z";;
"UANodeSetValidation";Warning;43988162;;"Trace: Warning, Error Focus: NodeClass, Identifier: P3-0502020001 Description: NodeId is not defined. References to node with NodeId: ns=1;i=3013 is omitted during the import.";;;;"2021-05-26T15:51:12.0122884Z";;
"UANodeSetValidation";Warning;43988162;;"Trace: Warning, Error Focus: NodeClass, Identifier: P3-0502020001 Description: NodeId is not defined. References to node with NodeId: ns=1;i=3020 is omitted during the import.";;;;"2021-05-26T15:51:12.0222859Z";;
"UANodeSetValidation";Warning;43988162;;"Trace: Warning, Error Focus: NodeClass, Identifier: P3-0502020001 Description: NodeId is not defined. References to node with NodeId: ns=1;i=3031 is omitted during the import.";;;;"2021-05-26T15:51:12.0232875Z";;
"UANodeSetValidation";Warning;43988162;;"Trace: Warning, Error Focus: NodeClass, Identifier: P3-0502020001 Description: NodeId is not defined. References to node with NodeId: ns=1;i=3013 is omitted during the import.";;;;"2021-05-26T15:51:12.0252898Z";;
"UANodeSetValidation";Warning;43988162;;"Trace: Warning, Error Focus: NodeClass, Identifier: P3-0502020001 Description: NodeId is not defined. References to node with NodeId: ns=1;i=3020 is omitted during the import.";;;;"2021-05-26T15:51:12.0322863Z";;
"UANodeSetValidation";Warning;43988162;;"Trace: Warning, Error Focus: NodeClass, Identifier: P3-0502020001 Description: NodeId is not defined. References to node with NodeId: ns=1;i=3031 is omitted during the import.";;;;"2021-05-26T15:51:12.0332855Z";;
"UANodeSetValidation";Warning;43988162;;"Trace: Warning, Error Focus: NodeClass, Identifier: P3-0502020001 Description: NodeId is not defined. References to node with NodeId: ns=1;i=3015 is omitted during the import.";;;;"2021-05-26T15:51:12.0342877Z";;
"UANodeSetValidation";Warning;43988162;;"Trace: Warning, Error Focus: NodeClass, Identifier: P3-0502020001 Description: NodeId is not defined. References to node with NodeId: ns=1;i=3016 is omitted during the import.";;;;"2021-05-26T15:51:12.0342877Z";;
"UANodeSetValidation";Warning;43988162;;"Trace: Warning, Error Focus: NodeClass, Identifier: P3-0502020001 Description: NodeId is not defined. References to node with NodeId: ns=1;i=3013 is omitted during the import.";;;;"2021-05-26T15:51:12.0352868Z";;
"UANodeSetValidation";Warning;43988162;;"Trace: Warning, Error Focus: NodeClass, Identifier: P3-0502020001 Description: NodeId is not defined. References to node with NodeId: ns=1;i=3020 is omitted during the import.";;;;"2021-05-26T15:51:12.0392867Z";;
"UANodeSetValidation";Warning;43988162;;"Trace: Warning, Error Focus: NodeClass, Identifier: P3-0502020001 Description: NodeId is not defined. References to node with NodeId: ns=1;i=3031 is omitted during the import.";;;;"2021-05-26T15:51:12.0402894Z";;
"UANodeSetValidation";Warning;43988162;;"Trace: Warning, Error Focus: NodeClass, Identifier: P3-0502020001 Description: NodeId is not defined. References to node with NodeId: ns=1;i=3013 is omitted during the import.";;;;"2021-05-26T15:51:12.0422912Z";;
"UANodeSetValidation";Warning;43988162;;"Trace: Warning, Error Focus: NodeClass, Identifier: P3-0502020001 Description: NodeId is not defined. References to node with NodeId: ns=1;i=3020 is omitted during the import.";;;;"2021-05-26T15:51:12.0472860Z";;
"UANodeSetValidation";Warning;43988162;;"Trace: Warning, Error Focus: NodeClass, Identifier: P3-0502020001 Description: NodeId is not defined. References to node with NodeId: ns=1;i=3031 is omitted during the import.";;;;"2021-05-26T15:51:12.0482856Z";;
"UANodeSetValidation";Warning;43988162;;"Trace: Warning, Error Focus: NodeClass, Identifier: P3-0502020001 Description: NodeId is not defined. References to node with NodeId: ns=1;i=3014 is omitted during the import.";;;;"2021-05-26T15:51:12.0492861Z";;
"UANodeSetValidation";Warning;43988162;;"Trace: Warning, Error Focus: NodeClass, Identifier: P3-0502020001 Description: NodeId is not defined. References to node with NodeId: ns=1;i=3013 is omitted during the import.";;;;"2021-05-26T15:51:12.0512858Z";;
"UANodeSetValidation";Warning;43988162;;"Trace: Warning, Error Focus: NodeClass, Identifier: P3-0502020001 Description: NodeId is not defined. References to node with NodeId: ns=1;i=3020 is omitted during the import.";;;;"2021-05-26T15:51:12.0552862Z";;
"UANodeSetValidation";Warning;43988162;;"Trace: Warning, Error Focus: NodeClass, Identifier: P3-0502020001 Description: NodeId is not defined. References to node with NodeId: ns=1;i=3031 is omitted during the import.";;;;"2021-05-26T15:51:12.0552862Z";;
"UANodeSetValidation";Warning;43988162;;"Trace: Warning, Error Focus: NodeClass, Identifier: P3-0502020001 Description: NodeId is not defined. References to node with NodeId: ns=1;i=3013 is omitted during the import.";;;;"2021-05-26T15:51:12.0572902Z";;
"UANodeSetValidation";Warning;43988162;;"Trace: Warning, Error Focus: NodeClass, Identifier: P3-0502020001 Description: NodeId is not defined. References to node with NodeId: ns=1;i=3020 is omitted during the import.";;;;"2021-05-26T15:51:12.0632856Z";;
"UANodeSetValidation";Warning;43988162;;"Trace: Warning, Error Focus: NodeClass, Identifier: P3-0502020001 Description: NodeId is not defined. References to node with NodeId: ns=1;i=3031 is omitted during the import.";;;;"2021-05-26T15:51:12.0652858Z";;
"UANodeSetValidation";Warning;43988162;;"Trace: Warning, Error Focus: NodeClass, Identifier: P3-0502020001 Description: NodeId is not defined. References to node with NodeId: ns=1;i=3013 is omitted during the import.";;;;"2021-05-26T15:51:12.0672867Z";;
"UANodeSetValidation";Warning;43988162;;"Trace: Warning, Error Focus: NodeClass, Identifier: P3-0502020001 Description: NodeId is not defined. References to node with NodeId: ns=1;i=3020 is omitted during the import.";;;;"2021-05-26T15:51:12.1012843Z";;
"UANodeSetValidation";Warning;43988162;;"Trace: Warning, Error Focus: NodeClass, Identifier: P3-0502020001 Description: NodeId is not defined. References to node with NodeId: ns=1;i=3009 is omitted during the import.";;;;"2021-05-26T15:51:12.1022845Z";;
"UANodeSetValidation";Warning;43988162;;"Trace: Warning, Error Focus: NodeClass, Identifier: P3-0502020001 Description: NodeId is not defined. References to node with NodeId: ns=1;i=3031 is omitted during the import.";;;;"2021-05-26T15:51:12.1022845Z";;
"UANodeSetValidation";Warning;43988162;;"Trace: Warning, Error Focus: NodeClass, Identifier: P3-0502020001 Description: NodeId is not defined. References to node with NodeId: ns=1;i=3028 is omitted during the import.";;;;"2021-05-26T15:51:12.1032864Z";;
"UANodeSetValidation";Warning;43988162;;"Trace: Warning, Error Focus: NodeClass, Identifier: P3-0502020001 Description: NodeId is not defined. References to node with NodeId: ns=1;i=3009 is omitted during the import.";;;;"2021-05-26T15:51:12.1062872Z";;
"UANodeSetValidation";Warning;226242104;;"Finishing Validator.ValidateExportModel - the model contains 46 nodes and 33 errors reported.";;;;"2021-05-26T15:51:12.1133041Z";;
"UAModelDesignExport";Information;279330276;;"The ModelDesign XML has been saved to file Opc.Ua.AutoID.Model.xml and decorated with the stylesheet XMLstylesheet";;;;"2021-05-26T15:51:12.2852856Z";;
