"AddressSpacePrototyping";Information;1637887218;;"Address Space Prototyping (asp.exe) Version 6.5.0.40483";;;;"2022-03-11T13:59:24.3018536Z";;
"AddressSpacePrototyping";Information;1637887219;;"Copyright(c) 2022 Mariusz Postol";;;;"2022-03-11T13:59:24.3028541Z";;
"AddressSpacePrototyping";Verbose;6710129;;"Creating Address Space populated using Standard Model. It will take a while ...";;;;"2022-03-11T13:59:24.4040737Z";;
"UANodeSetValidation";Verbose;43988162;;"Trace: Verbose, Error Focus: Diagnostic, Identifier: P0-0003010000 Description: It is diagnostic information Entering AddressSpaceContext creator - starting creation the OPC UA Address Space.";;;;"2022-03-11T13:59:24.4120544Z";;
"UANodeSetValidation";Verbose;43988162;;"Trace: Verbose, Error Focus: Diagnostic, Identifier: P0-0003010000 Description: It is diagnostic information Address Space - the OPC UA defined has been uploaded.";;;;"2022-03-11T13:59:24.6095247Z";;
"UANodeSetValidation";Verbose;43988162;;"Trace: Verbose, Error Focus: Diagnostic, Identifier: P0-0003010000 Description: It is diagnostic information Finished import UANodeSet for http://opcfoundation.org/UA/; Imported 3909 nodes.";;;;"2022-03-11T13:59:49.3892721Z";;
"UANodeSetValidation";Verbose;43988162;;"Trace: Verbose, Error Focus: Diagnostic, Identifier: P0-0003010000 Description: It is diagnostic information Address Space - has bee created successfully.";;;;"2022-03-11T13:59:49.3892721Z";;
"AddressSpacePrototyping";Verbose;1637887216;;"Importing UANodeSet document from file C:\Users\merta\Desktop\UA-NODE\UA-Nodeset\MDIS\Opc.MDIS.NodeSet2.xml";;;;"2022-03-11T13:59:49.3953999Z";;
"UANodeSetValidation";Information;190380256;;"Entering ImportNodeSet and starting model import form file Opc.MDIS.NodeSet2.xml";;;;"2022-03-11T13:59:49.3953999Z";;
"UANodeSetValidation";Verbose;43988162;;"Trace: Verbose, Error Focus: Diagnostic, Identifier: P0-0003010000 Description: It is diagnostic information Finished import UANodeSet for http://opcfoundation.org/UA/MDIS; Imported 188 nodes.";;;;"2022-03-11T13:59:52.0571659Z";;
"AddressSpacePrototyping";Verbose;1637887217;;"Validating and exporting a model from namespace http://opcfoundation.org/UA/MDIS";;;;"2022-03-11T13:59:52.0571659Z";;
"UANodeSetValidation";Information;856488909;;"Entering IAddressSpaceContext.ValidateAndExportModel - starting for the http://opcfoundation.org/UA/MDIS namespace.";;;;"2022-03-11T13:59:52.0581646Z";;
"UANodeSetValidation";Verbose;938023414;;"Selected 25 types to be validated.";;;;"2022-03-11T13:59:52.0661790Z";;
"UANodeSetValidation";Verbose;863907859;;"Selected 1 instances referenced by the ObjectsFolder to be validated.";;;;"2022-03-11T13:59:52.0671705Z";;
"UANodeSetValidation";Verbose;43988162;;"Trace: Verbose, Error Focus: Diagnostic, Identifier: P0-0003010000 Description: It is diagnostic information Removed the graph of nodes at http://opcfoundation.org/UA/:HasEncoding from the model";;;;"2022-03-11T13:59:52.1030740Z";;
"UANodeSetValidation";Warning;43988162;;"Trace: Warning, Error Focus: Reference, Identifier: P3-0503030201 Description: Wrong Reference type targeting the Property component. Target node of the HasProperty reference cannot be 1:MajorVersion of a base type.";;;;"2022-03-11T13:59:52.1074986Z";;
"UANodeSetValidation";Warning;43988162;;"Trace: Warning, Error Focus: Reference, Identifier: P3-0503030201 Description: Wrong Reference type targeting the Property component. Target node of the HasProperty reference cannot be 1:MinorVersion of a base type.";;;;"2022-03-11T13:59:52.1090618Z";;
"UANodeSetValidation";Warning;43988162;;"Trace: Warning, Error Focus: Reference, Identifier: P3-0503030201 Description: Wrong Reference type targeting the Property component. Target node of the HasProperty reference cannot be 1:Build of a base type.";;;;"2022-03-11T13:59:52.1100327Z";;
"UANodeSetValidation";Warning;226242104;;"Finishing Validator.ValidateExportModel - the model contains 26 nodes and 3 errors reported.";;;;"2022-03-11T13:59:52.1490373Z";;
"AddressSpacePrototyping";Verbose;1637887217;;"Writing model to XML file Opc.Ua.MDIS.Model.xml";;;;"2022-03-11T13:59:52.1500327Z";;
"UAModelDesignExport";Information;279330276;;"The ModelDesign XML has been saved to file Opc.Ua.MDIS.Model.xml and decorated with the stylesheet XMLstylesheet";;;;"2022-03-11T13:59:52.2756679Z";;
"AddressSpacePrototyping";Verbose;918215642;;"Execution time = 28s";;;;"2022-03-11T13:59:52.5729492Z";;
