"AddressSpacePrototyping";Information;1637887218;;"Address Space Prototyping (asp.exe) Version 6.3.2.23344";;;;"2021-06-08T12:43:32.3310679Z";;
"AddressSpacePrototyping";Information;1637887219;;"Copyright(c) 2021 Mariusz Postol";;;;"2021-06-08T12:43:32.3310679Z";;
"AddressSpacePrototyping";Verbose;6710129;;"Creating Address Space populated using Standard Model. It will take a while ...";;;;"2021-06-08T12:43:32.4135792Z";;
"UANodeSetValidation";Verbose;43988162;;"Trace: Verbose, Error Focus: Diagnostic, Identifier: P0-0003010000 Description: It is diagnostic information Entering AddressSpaceContext creator - starting creation the OPC UA Address Space.";;;;"2021-06-08T12:43:32.4186053Z";;
"UANodeSetValidation";Verbose;43988162;;"Trace: Verbose, Error Focus: Diagnostic, Identifier: P0-0003010000 Description: It is diagnostic information Address Space - the OPC UA defined has been uploaded.";;;;"2021-06-08T12:43:32.5855759Z";;
"UANodeSetValidation";Verbose;43988162;;"Trace: Verbose, Error Focus: Diagnostic, Identifier: P0-0003010000 Description: It is diagnostic information Finished import UANodeSet for http://opcfoundation.org/UA/; Imported 3909 nodes.";;;;"2021-06-08T12:44:23.5891724Z";;
"UANodeSetValidation";Verbose;43988162;;"Trace: Verbose, Error Focus: Diagnostic, Identifier: P0-0003010000 Description: It is diagnostic information Address Space - has bee created successfully.";;;;"2021-06-08T12:44:23.5891724Z";;
"AddressSpacePrototyping";Verbose;1637887216;;"Importing UANodeSet document from file C:\VS.git\UAOOI\OPCF\mpostol.UA-Nodeset\PackML\Opc.Ua.PackML.NodeSet2.xml";;;;"2021-06-08T12:44:23.5921737Z";;
"UANodeSetValidation";Information;190380256;;"Starting model import form file Opc.Ua.PackML.NodeSet2.xml";;;;"2021-06-08T12:44:23.5921737Z";;
"UANodeSetValidation";Warning;43988162;;"Trace: Warning, Error Focus: Diagnostic, Identifier: P0-0001010000 Description: The XML attribute or element is not supported and neglected. Extensions are omitted during the import";;;;"2021-06-08T12:44:23.5961721Z";;
"UANodeSetValidation";Verbose;43988162;;"Trace: Verbose, Error Focus: Diagnostic, Identifier: P0-0003010000 Description: It is diagnostic information Finished import UANodeSet for http://opcfoundation.org/UA/PackML/; Imported 248 nodes.";;;;"2021-06-08T12:44:32.2109802Z";;
"AddressSpacePrototyping";Verbose;1637887217;;"Validating and exporting a model from namespace http://opcfoundation.org/UA/PackML/";;;;"2021-06-08T12:44:32.2109802Z";;
"UANodeSetValidation";Information;856488909;;"Entering IAddressSpaceContext.ValidateAndExportModel - starting for the http://opcfoundation.org/UA/PackML/ namespace.";;;;"2021-06-08T12:44:32.2119829Z";;
"UANodeSetValidation";Verbose;938023414;;"Selected 18 types to be validated.";;;;"2021-06-08T12:44:32.2179785Z";;
"UANodeSetValidation";Verbose;863907859;;"Selected 1 instances referenced by the ObjectsFolder to be validated.";;;;"2021-06-08T12:44:32.2199789Z";;
"UANodeSetValidation";Verbose;43988162;;"Trace: Verbose, Error Focus: Diagnostic, Identifier: P0-0003010000 Description: It is diagnostic information Documentation is not supported. You must fix it manually.";;;;"2021-06-08T12:44:32.2370238Z";;
"UANodeSetValidation";Verbose;43988162;;"Trace: Verbose, Error Focus: Diagnostic, Identifier: P0-0003010000 Description: It is diagnostic information Removed the graph of nodes at http://opcfoundation.org/UA/:HasEncoding from the model";;;;"2021-06-08T12:44:32.2390239Z";;
"UANodeSetValidation";Verbose;43988162;;"Trace: Verbose, Error Focus: Diagnostic, Identifier: P0-0003010000 Description: It is diagnostic information Documentation is not supported. You must fix it manually.";;;;"2021-06-08T12:44:32.2400232Z";;
"UANodeSetValidation";Verbose;43988162;;"Trace: Verbose, Error Focus: Diagnostic, Identifier: P0-0003010000 Description: It is diagnostic information Removed the graph of nodes at http://opcfoundation.org/UA/:HasEncoding from the model";;;;"2021-06-08T12:44:32.2400232Z";;
"UANodeSetValidation";Verbose;43988162;;"Trace: Verbose, Error Focus: Diagnostic, Identifier: P0-0003010000 Description: It is diagnostic information Documentation is not supported. You must fix it manually.";;;;"2021-06-08T12:44:32.2400232Z";;
"UANodeSetValidation";Verbose;43988162;;"Trace: Verbose, Error Focus: Diagnostic, Identifier: P0-0003010000 Description: It is diagnostic information Removed the graph of nodes at http://opcfoundation.org/UA/:HasEncoding from the model";;;;"2021-06-08T12:44:32.2400232Z";;
"UANodeSetValidation";Verbose;43988162;;"Trace: Verbose, Error Focus: Diagnostic, Identifier: P0-0003010000 Description: It is diagnostic information Documentation is not supported. You must fix it manually.";;;;"2021-06-08T12:44:32.2400232Z";;
"UANodeSetValidation";Verbose;43988162;;"Trace: Verbose, Error Focus: Diagnostic, Identifier: P0-0003010000 Description: It is diagnostic information Removed the graph of nodes at http://opcfoundation.org/UA/:HasEncoding from the model";;;;"2021-06-08T12:44:32.2400232Z";;
"UANodeSetValidation";Verbose;43988162;;"Trace: Verbose, Error Focus: Diagnostic, Identifier: P0-0003010000 Description: It is diagnostic information Documentation is not supported. You must fix it manually.";;;;"2021-06-08T12:44:32.2400232Z";;
"UANodeSetValidation";Verbose;43988162;;"Trace: Verbose, Error Focus: Diagnostic, Identifier: P0-0003010000 Description: It is diagnostic information Removed the graph of nodes at http://opcfoundation.org/UA/:HasEncoding from the model";;;;"2021-06-08T12:44:32.2400232Z";;
"UANodeSetValidation";Verbose;43988162;;"Trace: Verbose, Error Focus: Diagnostic, Identifier: P0-0003010000 Description: It is diagnostic information Documentation is not supported. You must fix it manually.";;;;"2021-06-08T12:44:32.2400232Z";;
"UANodeSetValidation";Verbose;43988162;;"Trace: Verbose, Error Focus: Diagnostic, Identifier: P0-0003010000 Description: It is diagnostic information Removed the graph of nodes at http://opcfoundation.org/UA/:HasEncoding from the model";;;;"2021-06-08T12:44:32.2410245Z";;
"UANodeSetValidation";Verbose;43988162;;"Trace: Verbose, Error Focus: Diagnostic, Identifier: P0-0003010000 Description: It is diagnostic information Documentation is not supported. You must fix it manually.";;;;"2021-06-08T12:44:32.2410245Z";;
"UANodeSetValidation";Verbose;43988162;;"Trace: Verbose, Error Focus: Diagnostic, Identifier: P0-0003010000 Description: It is diagnostic information Documentation is not supported. You must fix it manually.";;;;"2021-06-08T12:44:32.2420273Z";;
"UANodeSetValidation";Verbose;43988162;;"Trace: Verbose, Error Focus: Diagnostic, Identifier: P0-0003010000 Description: It is diagnostic information Documentation is not supported. You must fix it manually.";;;;"2021-06-08T12:44:32.2440248Z";;
"UANodeSetValidation";Verbose;43988162;;"Trace: Verbose, Error Focus: Diagnostic, Identifier: P0-0003010000 Description: It is diagnostic information Documentation is not supported. You must fix it manually.";;;;"2021-06-08T12:44:32.2449810Z";;
"UANodeSetValidation";Verbose;43988162;;"Trace: Verbose, Error Focus: Diagnostic, Identifier: P0-0003010000 Description: It is diagnostic information Documentation is not supported. You must fix it manually.";;;;"2021-06-08T12:44:32.2459813Z";;
"UANodeSetValidation";Verbose;43988162;;"Trace: Verbose, Error Focus: Diagnostic, Identifier: P0-0003010000 Description: It is diagnostic information Documentation is not supported. You must fix it manually.";;;;"2021-06-08T12:44:32.2470127Z";;
"UANodeSetValidation";Verbose;43988162;;"Trace: Verbose, Error Focus: Diagnostic, Identifier: P0-0003010000 Description: It is diagnostic information Documentation is not supported. You must fix it manually.";;;;"2021-06-08T12:44:32.2570241Z";;
"UANodeSetValidation";Verbose;43988162;;"Trace: Verbose, Error Focus: Diagnostic, Identifier: P0-0003010000 Description: It is diagnostic information Documentation is not supported. You must fix it manually.";;;;"2021-06-08T12:44:32.2629791Z";;
"UANodeSetValidation";Verbose;43988162;;"Trace: Verbose, Error Focus: Diagnostic, Identifier: P0-0003010000 Description: It is diagnostic information Documentation is not supported. You must fix it manually.";;;;"2021-06-08T12:44:32.2930094Z";;
"UANodeSetValidation";Verbose;43988162;;"Trace: Verbose, Error Focus: Diagnostic, Identifier: P0-0003010000 Description: It is diagnostic information Documentation is not supported. You must fix it manually.";;;;"2021-06-08T12:44:32.2957550Z";;
"UANodeSetValidation";Verbose;43988162;;"Trace: Verbose, Error Focus: Diagnostic, Identifier: P0-0003010000 Description: It is diagnostic information Documentation is not supported. You must fix it manually.";;;;"2021-06-08T12:44:32.2968008Z";;
"UANodeSetValidation";Verbose;43988162;;"Trace: Verbose, Error Focus: Diagnostic, Identifier: P0-0003010000 Description: It is diagnostic information Documentation is not supported. You must fix it manually.";;;;"2021-06-08T12:44:32.2977980Z";;
"UANodeSetValidation";Verbose;43988162;;"Trace: Verbose, Error Focus: Diagnostic, Identifier: P0-0003010000 Description: It is diagnostic information Documentation is not supported. You must fix it manually.";;;;"2021-06-08T12:44:32.2987987Z";;
"UANodeSetValidation";Verbose;43988162;;"Trace: Verbose, Error Focus: Diagnostic, Identifier: P0-0003010000 Description: It is diagnostic information Documentation is not supported. You must fix it manually.";;;;"2021-06-08T12:44:32.2997978Z";;
"UANodeSetValidation";Verbose;43988162;;"Trace: Verbose, Error Focus: Diagnostic, Identifier: P0-0003010000 Description: It is diagnostic information Documentation is not supported. You must fix it manually.";;;;"2021-06-08T12:44:32.3088085Z";;
"UANodeSetValidation";Verbose;43988162;;"Trace: Verbose, Error Focus: Diagnostic, Identifier: P0-0003010000 Description: It is diagnostic information Documentation is not supported. You must fix it manually.";;;;"2021-06-08T12:44:32.3098087Z";;
"UANodeSetValidation";Verbose;43988162;;"Trace: Verbose, Error Focus: Diagnostic, Identifier: P0-0003010000 Description: It is diagnostic information Documentation is not supported. You must fix it manually.";;;;"2021-06-08T12:44:32.3148128Z";;
"UANodeSetValidation";Verbose;43988162;;"Trace: Verbose, Error Focus: Diagnostic, Identifier: P0-0003010000 Description: It is diagnostic information Documentation is not supported. You must fix it manually.";;;;"2021-06-08T12:44:32.3198091Z";;
"UANodeSetValidation";Verbose;43988162;;"Trace: Verbose, Error Focus: Diagnostic, Identifier: P0-0003010000 Description: It is diagnostic information Documentation is not supported. You must fix it manually.";;;;"2021-06-08T12:44:32.3367627Z";;
"UANodeSetValidation";Verbose;43988162;;"Trace: Verbose, Error Focus: Diagnostic, Identifier: P0-0003010000 Description: It is diagnostic information Documentation is not supported. You must fix it manually.";;;;"2021-06-08T12:44:32.3427666Z";;
"UANodeSetValidation";Verbose;43988162;;"Trace: Verbose, Error Focus: Diagnostic, Identifier: P0-0003010000 Description: It is diagnostic information Documentation is not supported. You must fix it manually.";;;;"2021-06-08T12:44:32.3457664Z";;
"UANodeSetValidation";Verbose;43988162;;"Trace: Verbose, Error Focus: Diagnostic, Identifier: P0-0003010000 Description: It is diagnostic information Documentation is not supported. You must fix it manually.";;;;"2021-06-08T12:44:32.3537665Z";;
"UANodeSetValidation";Verbose;43988162;;"Trace: Verbose, Error Focus: Diagnostic, Identifier: P0-0003010000 Description: It is diagnostic information Documentation is not supported. You must fix it manually.";;;;"2021-06-08T12:44:32.3647664Z";;
"UANodeSetValidation";Verbose;43988162;;"Trace: Verbose, Error Focus: Diagnostic, Identifier: P0-0003010000 Description: It is diagnostic information Documentation is not supported. You must fix it manually.";;;;"2021-06-08T12:44:32.3647664Z";;
"UANodeSetValidation";Verbose;43988162;;"Trace: Verbose, Error Focus: Diagnostic, Identifier: P0-0003010000 Description: It is diagnostic information Documentation is not supported. You must fix it manually.";;;;"2021-06-08T12:44:32.3697664Z";;
"UANodeSetValidation";Verbose;43988162;;"Trace: Verbose, Error Focus: Diagnostic, Identifier: P0-0003010000 Description: It is diagnostic information Documentation is not supported. You must fix it manually.";;;;"2021-06-08T12:44:32.3747628Z";;
"UANodeSetValidation";Verbose;43988162;;"Trace: Verbose, Error Focus: Diagnostic, Identifier: P0-0003010000 Description: It is diagnostic information Documentation is not supported. You must fix it manually.";;;;"2021-06-08T12:44:32.3817629Z";;
"UANodeSetValidation";Verbose;43988162;;"Trace: Verbose, Error Focus: Diagnostic, Identifier: P0-0003010000 Description: It is diagnostic information Documentation is not supported. You must fix it manually.";;;;"2021-06-08T12:44:32.3877636Z";;
"UANodeSetValidation";Verbose;43988162;;"Trace: Verbose, Error Focus: Diagnostic, Identifier: P0-0003010000 Description: It is diagnostic information Documentation is not supported. You must fix it manually.";;;;"2021-06-08T12:44:32.3877636Z";;
"UANodeSetValidation";Information;711552454;;"Finishing Validator.ValidateExportModel - the model contains 19 nodes and no errors/warnings reported";;;;"2021-06-08T12:44:32.3877636Z";;
"AddressSpacePrototyping";Verbose;1637887217;;"Writing model to XML file Opc.Ua.PackML.Model.xml";;;;"2021-06-08T12:44:32.3877636Z";;
"UAModelDesignExport";Information;279330276;;"The ModelDesign XML has been saved to file Opc.Ua.PackML.Model.xml and decorated with the stylesheet XMLstylesheet";;;;"2021-06-08T12:44:32.5008013Z";;
"AddressSpacePrototyping";Verbose;918215642;;"Execution time = 60s";;;;"2021-06-08T12:44:33.0631361Z";;
