"AddressSpacePrototyping";Information;1637887218;;"Address Space Prototyping (asp.exe) Version 6.4.6.40504";;;;"2022-03-08T15:58:13.8809693Z";;
"AddressSpacePrototyping";Information;1637887219;;"Copyright(c) 2021 Mariusz Postol";;;;"2022-03-08T15:58:13.8819710Z";;
"AddressSpacePrototyping";Verbose;6710129;;"Creating Address Space populated using Standard Model. It will take a while ...";;;;"2022-03-08T15:58:13.9902649Z";;
"UANodeSetValidation";Verbose;43988162;;"Trace: Verbose, Error Focus: Diagnostic, Identifier: P0-0003010000 Description: It is diagnostic information Entering AddressSpaceContext creator - starting creation the OPC UA Address Space.";;;;"2022-03-08T15:58:13.9972761Z";;
"UANodeSetValidation";Verbose;43988162;;"Trace: Verbose, Error Focus: Diagnostic, Identifier: P0-0003010000 Description: It is diagnostic information Address Space - the OPC UA defined has been uploaded.";;;;"2022-03-08T15:58:14.1967088Z";;
"UANodeSetValidation";Verbose;43988162;;"Trace: Verbose, Error Focus: Diagnostic, Identifier: P0-0003010000 Description: It is diagnostic information Finished import UANodeSet for http://opcfoundation.org/UA/; Imported 3909 nodes.";;;;"2022-03-08T15:58:38.7000269Z";;
"UANodeSetValidation";Verbose;43988162;;"Trace: Verbose, Error Focus: Diagnostic, Identifier: P0-0003010000 Description: It is diagnostic information Address Space - has bee created successfully.";;;;"2022-03-08T15:58:38.7000269Z";;
"AddressSpacePrototyping";Verbose;1637887216;;"Importing UANodeSet document from file C:\Users\merta\Desktop\UA-NODE\UA-Nodeset\ISA95-JOBCONTROL\opc.ua.isa95-jobcontrol.nodeset2.xml";;;;"2022-03-08T15:58:38.7090903Z";;
"UANodeSetValidation";Information;190380256;;"Entering ImportNodeSet and starting model import form file opc.ua.isa95-jobcontrol.nodeset2.xml";;;;"2022-03-08T15:58:38.7100875Z";;
"UANodeSetValidation";Warning;43988162;;"Trace: Warning, Error Focus: Diagnostic, Identifier: P0-0001010000 Description: The XML attribute or element is not supported and neglected. Extensions are omitted during the import";;;;"2022-03-08T15:58:38.7148286Z";;
"UANodeSetValidation";Verbose;43988162;;"Trace: Verbose, Error Focus: Diagnostic, Identifier: P0-0003010000 Description: It is diagnostic information Finished import UANodeSet for http://opcfoundation.org/UA/ISA95-JOBCONTROL; Imported 91 nodes.";;;;"2022-03-08T15:58:39.8369405Z";;
"AddressSpacePrototyping";Verbose;1637887217;;"Validating and exporting a model from namespace http://opcfoundation.org/UA/ISA95-JOBCONTROL";;;;"2022-03-08T15:58:39.8369405Z";;
"UANodeSetValidation";Information;856488909;;"Entering IAddressSpaceContext.ValidateAndExportModel - starting for the http://opcfoundation.org/UA/ISA95-JOBCONTROL namespace.";;;;"2022-03-08T15:58:39.8553298Z";;
"UANodeSetValidation";Verbose;938023414;;"Selected 15 types to be validated.";;;;"2022-03-08T15:58:39.8679803Z";;
"UANodeSetValidation";Verbose;863907859;;"Selected 0 instances referenced by the ObjectsFolder to be validated.";;;;"2022-03-08T15:58:39.8689780Z";;
"UANodeSetValidation";Verbose;43988162;;"Trace: Verbose, Error Focus: Diagnostic, Identifier: P0-0003010000 Description: It is diagnostic information Documentation is not supported. You must fix it manually.";;;;"2022-03-08T15:58:39.9044073Z";;
"UANodeSetValidation";Verbose;43988162;;"Trace: Verbose, Error Focus: Diagnostic, Identifier: P0-0003010000 Description: It is diagnostic information Documentation is not supported. You must fix it manually.";;;;"2022-03-08T15:58:39.9073982Z";;
"UANodeSetValidation";Verbose;43988162;;"Trace: Verbose, Error Focus: Diagnostic, Identifier: P0-0003010000 Description: It is diagnostic information Documentation is not supported. You must fix it manually.";;;;"2022-03-08T15:58:39.9083949Z";;
"UANodeSetValidation";Verbose;43988162;;"Trace: Verbose, Error Focus: Diagnostic, Identifier: P0-0003010000 Description: It is diagnostic information Removed the graph of nodes at http://opcfoundation.org/UA/:HasEncoding from the model";;;;"2022-03-08T15:58:39.9095384Z";;
"UANodeSetValidation";Verbose;43988162;;"Trace: Verbose, Error Focus: Diagnostic, Identifier: P0-0003010000 Description: It is diagnostic information Documentation is not supported. You must fix it manually.";;;;"2022-03-08T15:58:39.9095384Z";;
"UANodeSetValidation";Verbose;43988162;;"Trace: Verbose, Error Focus: Diagnostic, Identifier: P0-0003010000 Description: It is diagnostic information Removed the graph of nodes at http://opcfoundation.org/UA/:HasEncoding from the model";;;;"2022-03-08T15:58:39.9095384Z";;
"UANodeSetValidation";Verbose;43988162;;"Trace: Verbose, Error Focus: Diagnostic, Identifier: P0-0003010000 Description: It is diagnostic information Documentation is not supported. You must fix it manually.";;;;"2022-03-08T15:58:39.9095384Z";;
"UANodeSetValidation";Verbose;43988162;;"Trace: Verbose, Error Focus: Diagnostic, Identifier: P0-0003010000 Description: It is diagnostic information Removed the graph of nodes at http://opcfoundation.org/UA/:HasEncoding from the model";;;;"2022-03-08T15:58:39.9095384Z";;
"UANodeSetValidation";Verbose;43988162;;"Trace: Verbose, Error Focus: Diagnostic, Identifier: P0-0003010000 Description: It is diagnostic information Documentation is not supported. You must fix it manually.";;;;"2022-03-08T15:58:39.9095384Z";;
"UANodeSetValidation";Verbose;43988162;;"Trace: Verbose, Error Focus: Diagnostic, Identifier: P0-0003010000 Description: It is diagnostic information Removed the graph of nodes at http://opcfoundation.org/UA/:HasEncoding from the model";;;;"2022-03-08T15:58:39.9095384Z";;
"UANodeSetValidation";Verbose;43988162;;"Trace: Verbose, Error Focus: Diagnostic, Identifier: P0-0003010000 Description: It is diagnostic information Documentation is not supported. You must fix it manually.";;;;"2022-03-08T15:58:39.9105420Z";;
"UANodeSetValidation";Verbose;43988162;;"Trace: Verbose, Error Focus: Diagnostic, Identifier: P0-0003010000 Description: It is diagnostic information Removed the graph of nodes at http://opcfoundation.org/UA/:HasEncoding from the model";;;;"2022-03-08T15:58:39.9105420Z";;
"UANodeSetValidation";Verbose;43988162;;"Trace: Verbose, Error Focus: Diagnostic, Identifier: P0-0003010000 Description: It is diagnostic information Documentation is not supported. You must fix it manually.";;;;"2022-03-08T15:58:39.9105420Z";;
"UANodeSetValidation";Verbose;43988162;;"Trace: Verbose, Error Focus: Diagnostic, Identifier: P0-0003010000 Description: It is diagnostic information Removed the graph of nodes at http://opcfoundation.org/UA/:HasEncoding from the model";;;;"2022-03-08T15:58:39.9105420Z";;
"UANodeSetValidation";Verbose;43988162;;"Trace: Verbose, Error Focus: Diagnostic, Identifier: P0-0003010000 Description: It is diagnostic information Documentation is not supported. You must fix it manually.";;;;"2022-03-08T15:58:39.9105420Z";;
"UANodeSetValidation";Verbose;43988162;;"Trace: Verbose, Error Focus: Diagnostic, Identifier: P0-0003010000 Description: It is diagnostic information Removed the graph of nodes at http://opcfoundation.org/UA/:HasEncoding from the model";;;;"2022-03-08T15:58:39.9105420Z";;
"UANodeSetValidation";Verbose;43988162;;"Trace: Verbose, Error Focus: Diagnostic, Identifier: P0-0003010000 Description: It is diagnostic information Documentation is not supported. You must fix it manually.";;;;"2022-03-08T15:58:39.9105420Z";;
"UANodeSetValidation";Verbose;43988162;;"Trace: Verbose, Error Focus: Diagnostic, Identifier: P0-0003010000 Description: It is diagnostic information Removed the graph of nodes at http://opcfoundation.org/UA/:HasEncoding from the model";;;;"2022-03-08T15:58:39.9105420Z";;
"UANodeSetValidation";Verbose;43988162;;"Trace: Verbose, Error Focus: Diagnostic, Identifier: P0-0003010000 Description: It is diagnostic information Documentation is not supported. You must fix it manually.";;;;"2022-03-08T15:58:39.9105420Z";;
"UANodeSetValidation";Verbose;43988162;;"Trace: Verbose, Error Focus: Diagnostic, Identifier: P0-0003010000 Description: It is diagnostic information Removed the graph of nodes at http://opcfoundation.org/UA/:HasEncoding from the model";;;;"2022-03-08T15:58:39.9105420Z";;
"UANodeSetValidation";Verbose;43988162;;"Trace: Verbose, Error Focus: Diagnostic, Identifier: P0-0003010000 Description: It is diagnostic information Documentation is not supported. You must fix it manually.";;;;"2022-03-08T15:58:39.9105420Z";;
"UANodeSetValidation";Verbose;43988162;;"Trace: Verbose, Error Focus: Diagnostic, Identifier: P0-0003010000 Description: It is diagnostic information Documentation is not supported. You must fix it manually.";;;;"2022-03-08T15:58:39.9155255Z";;
"UANodeSetValidation";Verbose;43988162;;"Trace: Verbose, Error Focus: Diagnostic, Identifier: P0-0003010000 Description: It is diagnostic information Documentation is not supported. You must fix it manually.";;;;"2022-03-08T15:58:39.9165229Z";;
"UANodeSetValidation";Verbose;43988162;;"Trace: Verbose, Error Focus: Diagnostic, Identifier: P0-0003010000 Description: It is diagnostic information Documentation is not supported. You must fix it manually.";;;;"2022-03-08T15:58:39.9175202Z";;
"UANodeSetValidation";Verbose;43988162;;"Trace: Verbose, Error Focus: Diagnostic, Identifier: P0-0003010000 Description: It is diagnostic information Documentation is not supported. You must fix it manually.";;;;"2022-03-08T15:58:39.9175202Z";;
"UANodeSetValidation";Verbose;43988162;;"Trace: Verbose, Error Focus: Diagnostic, Identifier: P0-0003010000 Description: It is diagnostic information Documentation is not supported. You must fix it manually.";;;;"2022-03-08T15:58:39.9195147Z";;
"UANodeSetValidation";Verbose;43988162;;"Trace: Verbose, Error Focus: Diagnostic, Identifier: P0-0003010000 Description: It is diagnostic information Documentation is not supported. You must fix it manually.";;;;"2022-03-08T15:58:39.9195147Z";;
"UANodeSetValidation";Information;711552454;;"Finishing Validator.ValidateExportModel - the model contains 15 nodes and no errors/warnings reported";;;;"2022-03-08T15:58:39.9195147Z";;
"AddressSpacePrototyping";Verbose;1637887217;;"Writing model to XML file Opc.Ua.ISA95-JOBCONTROL.Model.xml";;;;"2022-03-08T15:58:39.9195147Z";;
"UAModelDesignExport";Information;279330276;;"The ModelDesign XML has been saved to file Opc.Ua.ISA95-JOBCONTROL.Model.xml and decorated with the stylesheet XMLstylesheet";;;;"2022-03-08T15:58:40.0702229Z";;
"AddressSpacePrototyping";Verbose;918215642;;"Execution time = 26s";;;;"2022-03-08T15:58:40.0772281Z";;
