"AddressSpacePrototyping";Information;1637887218;;"Address Space Prototyping (asp.exe) Version 6.5.5.39885";;;;"2022-04-14T20:12:42.6161126Z";;
"AddressSpacePrototyping";Information;1637887219;;"Copyright(c) 2022 Mariusz Postol";;;;"2022-04-14T20:12:42.6161126Z";;
"AddressSpacePrototyping";Verbose;6710129;;"Creating Address Space populated using Standard Model. It will take a while ...";;;;"2022-04-14T20:12:42.6952151Z";;
"UANodeSetValidation";Verbose;43988162;;"Trace: Verbose, Error Focus: Diagnostic, Identifier: P0-0003010000 Description: It is diagnostic information Entering AddressSpaceContext creator - starting creation the OPC UA Address Space.";;;;"2022-04-14T20:12:42.7028271Z";;
"UANodeSetValidation";Verbose;43988162;;"Trace: Verbose, Error Focus: Diagnostic, Identifier: P0-0003010000 Description: It is diagnostic information Address Space - the OPC UA defined has been uploaded.";;;;"2022-04-14T20:12:42.8795439Z";;
"UANodeSetValidation";Verbose;43988162;;"Trace: Verbose, Error Focus: Diagnostic, Identifier: P0-0003010000 Description: It is diagnostic information Finished import UANodeSet for http://opcfoundation.org/UA/; Imported 4071 nodes.";;;;"2022-04-14T20:13:44.4126984Z";;
"UANodeSetValidation";Verbose;43988162;;"Trace: Verbose, Error Focus: Diagnostic, Identifier: P0-0003010000 Description: It is diagnostic information Address Space - has bee created successfully.";;;;"2022-04-14T20:13:44.4126984Z";;
"AddressSpacePrototyping";Verbose;1637887216;;"Importing UANodeSet document from file C:\VS.git\github.mpostol\UA-Nodeset\IEC61850\Opc.Ua.IEC61850-7-3.NodeSet2.xml";;;;"2022-04-14T20:13:44.4126984Z";;
"UANodeSetValidation";Verbose;43988162;;"Trace: Verbose, Error Focus: Diagnostic, Identifier: P0-0003010000 Description: It is diagnostic information 190380256, Entering ImportUANodeSet and starting model import form file Opc.Ua.IEC61850-7-3.NodeSet2.xml";;;;"2022-04-14T20:13:44.4126984Z";;
"UANodeSetValidation";Verbose;43988162;;"Trace: Verbose, Error Focus: Diagnostic, Identifier: P0-0003010000 Description: It is diagnostic information Finished import UANodeSet for http://opcfoundation.org/UA/IEC61850-7-3; Imported 1150 nodes.";;;;"2022-04-14T20:14:06.8728331Z";;
"AddressSpacePrototyping";Verbose;1637887216;;"Importing UANodeSet document from file C:\VS.git\github.mpostol\UA-Nodeset\IEC61850\Opc.Ua.IEC61850-7-4.NodeSet2.xml";;;;"2022-04-14T20:14:06.8728331Z";;
"UANodeSetValidation";Verbose;43988162;;"Trace: Verbose, Error Focus: Diagnostic, Identifier: P0-0003010000 Description: It is diagnostic information 190380256, Entering ImportUANodeSet and starting model import form file Opc.Ua.IEC61850-7-4.NodeSet2.xml";;;;"2022-04-14T20:14:06.8728331Z";;
"UANodeSetValidation";Verbose;43988162;;"Trace: Verbose, Error Focus: Diagnostic, Identifier: P0-0003010000 Description: It is diagnostic information Finished import UANodeSet for http://opcfoundation.org/UA/IEC61850-7-3; Imported 6578 nodes.";;;;"2022-04-14T20:18:52.4727565Z";;
"AddressSpacePrototyping";Verbose;1637887217;;"Validating and exporting a model from namespace http://opcfoundation.org/UA/IEC61850-7-4";;;;"2022-04-14T20:18:52.4727565Z";;
"UANodeSetValidation";Verbose;43988162;;"Trace: Verbose, Error Focus: Diagnostic, Identifier: P0-0003010000 Description: It is diagnostic information 856488909, Entering IAddressSpaceContext.ValidateAndExportModel - starting for the http://opcfoundation.org/UA/IEC61850-7-4 namespace.";;;;"2022-04-14T20:18:52.4727565Z";;
"UANodeSetValidation";Verbose;43988162;;"Trace: Verbose, Error Focus: Diagnostic, Identifier: P0-0003010000 Description: It is diagnostic information 938023414, Selected 258 types to be validated.";;;;"2022-04-14T20:18:52.4852928Z";;
"UANodeSetValidation";Verbose;43988162;;"Trace: Verbose, Error Focus: Diagnostic, Identifier: P0-0003010000 Description: It is diagnostic information 863907859, Selected 0 instances referenced by the ObjectsFolder to be validated.";;;;"2022-04-14T20:18:52.4928677Z";;
"UANodeSetValidation";Verbose;43988162;;"Trace: Verbose, Error Focus: Diagnostic, Identifier: P0-0003010000 Description: It is diagnostic information 1606585634, Do Validator.ValidateExportModel - now the model contains 258 nodes";;;;"2022-04-14T20:18:52.5007396Z";;
"UANodeSetValidation";Verbose;43988162;;"Trace: Verbose, Error Focus: Diagnostic, Identifier: P0-0003010000 Description: It is diagnostic information 711552454, Finishing Validator.ValidateExportModel - the model contains 258 nodes and no errors/warnings reported";;;;"2022-04-14T20:18:55.9424783Z";;
"AddressSpacePrototyping";Verbose;1637887217;;"Writing model to XML file Opc.Ua.IEC61850-7-4.Model.xml";;;;"2022-04-14T20:18:55.9424783Z";;
"UAModelDesignExport";Information;279330276;;"The ModelDesign XML has been saved to file Opc.Ua.IEC61850-7-4.Model.xml and decorated with the stylesheet XMLstylesheet";;;;"2022-04-14T20:18:56.0827032Z";;
"AddressSpacePrototyping";Verbose;918215642;;"Execution time = 371s";;;;"2022-04-14T20:18:56.8975257Z";;
