"AddressSpacePrototyping";Information;1637887218;;"Address Space Prototyping (asp.exe) Version 6.5.0.40483";;;;"2022-04-11T09:17:23.6551363Z";;
"AddressSpacePrototyping";Information;1637887219;;"Copyright(c) 2022 Mariusz Postol";;;;"2022-04-11T09:17:23.6561375Z";;
"AddressSpacePrototyping";Verbose;6710129;;"Creating Address Space populated using Standard Model. It will take a while ...";;;;"2022-04-11T09:17:23.9123791Z";;
"UANodeSetValidation";Verbose;43988162;;"Trace: Verbose, Error Focus: Diagnostic, Identifier: P0-0003010000 Description: It is diagnostic information Entering AddressSpaceContext creator - starting creation the OPC UA Address Space.";;;;"2022-04-11T09:17:23.9389415Z";;
"UANodeSetValidation";Verbose;43988162;;"Trace: Verbose, Error Focus: Diagnostic, Identifier: P0-0003010000 Description: It is diagnostic information Address Space - the OPC UA defined has been uploaded.";;;;"2022-04-11T09:17:24.5155407Z";;
"UANodeSetValidation";Verbose;43988162;;"Trace: Verbose, Error Focus: Diagnostic, Identifier: P0-0003010000 Description: It is diagnostic information Finished import UANodeSet for http://opcfoundation.org/UA/; Imported 3909 nodes.";;;;"2022-04-11T09:17:49.5006115Z";;
"UANodeSetValidation";Verbose;43988162;;"Trace: Verbose, Error Focus: Diagnostic, Identifier: P0-0003010000 Description: It is diagnostic information Address Space - has bee created successfully.";;;;"2022-04-11T09:17:49.5006115Z";;
"AddressSpacePrototyping";Verbose;1637887216;;"Importing UANodeSet document from file C:\Users\merta\Desktop\UA-MAİN\UA-Nodeset\IEC61850\Opc.Ua.IEC61850-6.NodeSet2.xml";;;;"2022-04-11T09:17:49.5095580Z";;
"UANodeSetValidation";Information;190380256;;"Entering ImportNodeSet and starting model import form file Opc.Ua.IEC61850-6.NodeSet2.xml";;;;"2022-04-11T09:17:49.5095580Z";;
"UANodeSetValidation";Verbose;43988162;;"Trace: Verbose, Error Focus: Diagnostic, Identifier: P0-0003010000 Description: It is diagnostic information Finished import UANodeSet for http://opcfoundation.org/UA/IEC61850-7-3; Imported 98 nodes.";;;;"2022-04-11T09:17:50.6226149Z";;
"AddressSpacePrototyping";Verbose;1637887216;;"Importing UANodeSet document from file C:\Users\merta\Desktop\UA-MAİN\UA-Nodeset\IEC61850\Opc.Ua.IEC61850-7-3.NodeSet2.xml";;;;"2022-04-11T09:17:50.6226149Z";;
"UANodeSetValidation";Information;190380256;;"Entering ImportNodeSet and starting model import form file Opc.Ua.IEC61850-7-3.NodeSet2.xml";;;;"2022-04-11T09:17:50.6226149Z";;
"UANodeSetValidation";Verbose;43988162;;"Trace: Verbose, Error Focus: Diagnostic, Identifier: P0-0003010000 Description: It is diagnostic information Finished import UANodeSet for http://opcfoundation.org/UA/IEC61850-7-3; Imported 1150 nodes.";;;;"2022-04-11T09:18:00.6504323Z";;
"AddressSpacePrototyping";Verbose;1637887217;;"Validating and exporting a model from namespace http://opcfoundation.org/UA/IEC61850-6";;;;"2022-04-11T09:18:00.6504323Z";;
"UANodeSetValidation";Information;856488909;;"Entering IAddressSpaceContext.ValidateAndExportModel - starting for the http://opcfoundation.org/UA/IEC61850-6 namespace.";;;;"2022-04-11T09:18:00.6633258Z";;
"UANodeSetValidation";Verbose;938023414;;"Selected 32 types to be validated.";;;;"2022-04-11T09:18:00.6724612Z";;
"UANodeSetValidation";Verbose;863907859;;"Selected 2 instances referenced by the ObjectsFolder to be validated.";;;;"2022-04-11T09:18:00.6744573Z";;
"UANodeSetValidation";Warning;43988162;;"Trace: Warning, Error Focus: NodeClass, Identifier: P6-0F03000000 Description: SymbolicName contains characters that are not allowed. Only letters, digits or the underscore (‘_’) are permitted. SymbolicName: '<LDevice>'.";;;;"2022-04-11T09:18:00.7097794Z";;
"UANodeSetValidation";Warning;43988162;;"Trace: Warning, Error Focus: NodeClass, Identifier: P6-0F03000000 Description: SymbolicName contains characters that are not allowed. Only letters, digits or the underscore (‘_’) are permitted. SymbolicName: '<AccessPoint>'.";;;;"2022-04-11T09:18:00.7219820Z";;
"UANodeSetValidation";Verbose;43988162;;"Trace: Verbose, Error Focus: Diagnostic, Identifier: P0-0003010000 Description: It is diagnostic information Removed the graph of nodes at http://opcfoundation.org/UA/:HasEncoding from the model";;;;"2022-04-11T09:18:00.7369389Z";;
"UANodeSetValidation";Warning;43988162;;"Trace: Warning, Error Focus: NodeClass, Identifier: P6-0F03000000 Description: SymbolicName contains characters that are not allowed. Only letters, digits or the underscore (‘_’) are permitted. SymbolicName: '<SubEquipment>'.";;;;"2022-04-11T09:18:00.7459178Z";;
"UANodeSetValidation";Warning;43988162;;"Trace: Warning, Error Focus: NodeClass, Identifier: P6-0F03000000 Description: SymbolicName contains characters that are not allowed. Only letters, digits or the underscore (‘_’) are permitted. SymbolicName: '<TransformerWinding>'.";;;;"2022-04-11T09:18:00.7548569Z";;
"UANodeSetValidation";Warning;43988162;;"Trace: Warning, Error Focus: NodeClass, Identifier: P6-0F03000000 Description: SymbolicName contains characters that are not allowed. Only letters, digits or the underscore (‘_’) are permitted. SymbolicName: '<GeneralEquipment>'.";;;;"2022-04-11T09:18:00.7588156Z";;
"UANodeSetValidation";Warning;43988162;;"Trace: Warning, Error Focus: NodeClass, Identifier: P6-0F03000000 Description: SymbolicName contains characters that are not allowed. Only letters, digits or the underscore (‘_’) are permitted. SymbolicName: '<PowerTransformer>'.";;;;"2022-04-11T09:18:00.7608398Z";;
"UANodeSetValidation";Warning;43988162;;"Trace: Warning, Error Focus: NodeClass, Identifier: P6-0F03000000 Description: SymbolicName contains characters that are not allowed. Only letters, digits or the underscore (‘_’) are permitted. SymbolicName: '<ConductingEquipement>'.";;;;"2022-04-11T09:18:00.7655467Z";;
"UANodeSetValidation";Warning;43988162;;"Trace: Warning, Error Focus: NodeClass, Identifier: P6-0F03000000 Description: SymbolicName contains characters that are not allowed. Only letters, digits or the underscore (‘_’) are permitted. SymbolicName: '<GeneralEquipment>'.";;;;"2022-04-11T09:18:00.7685395Z";;
"UANodeSetValidation";Warning;43988162;;"Trace: Warning, Error Focus: NodeClass, Identifier: P6-0F03000000 Description: SymbolicName contains characters that are not allowed. Only letters, digits or the underscore (‘_’) are permitted. SymbolicName: '<ConductingEquipement>'.";;;;"2022-04-11T09:18:00.7735255Z";;
"UANodeSetValidation";Warning;43988162;;"Trace: Warning, Error Focus: NodeClass, Identifier: P6-0F03000000 Description: SymbolicName contains characters that are not allowed. Only letters, digits or the underscore (‘_’) are permitted. SymbolicName: '<GeneralEquipment>'.";;;;"2022-04-11T09:18:00.7755831Z";;
"UANodeSetValidation";Warning;43988162;;"Trace: Warning, Error Focus: NodeClass, Identifier: P6-0F03000000 Description: SymbolicName contains characters that are not allowed. Only letters, digits or the underscore (‘_’) are permitted. SymbolicName: '<SubFunction>'.";;;;"2022-04-11T09:18:00.7777831Z";;
"UANodeSetValidation";Warning;43988162;;"Trace: Warning, Error Focus: NodeClass, Identifier: P6-0F03000000 Description: SymbolicName contains characters that are not allowed. Only letters, digits or the underscore (‘_’) are permitted. SymbolicName: '<ConductingEquipement>'.";;;;"2022-04-11T09:18:00.7815533Z";;
"UANodeSetValidation";Warning;43988162;;"Trace: Warning, Error Focus: NodeClass, Identifier: P6-0F03000000 Description: SymbolicName contains characters that are not allowed. Only letters, digits or the underscore (‘_’) are permitted. SymbolicName: '<ConnectivityNode>'.";;;;"2022-04-11T09:18:00.7831320Z";;
"UANodeSetValidation";Warning;43988162;;"Trace: Warning, Error Focus: NodeClass, Identifier: P6-0F03000000 Description: SymbolicName contains characters that are not allowed. Only letters, digits or the underscore (‘_’) are permitted. SymbolicName: '<Function>'.";;;;"2022-04-11T09:18:00.7861226Z";;
"UANodeSetValidation";Warning;43988162;;"Trace: Warning, Error Focus: NodeClass, Identifier: P6-0F03000000 Description: SymbolicName contains characters that are not allowed. Only letters, digits or the underscore (‘_’) are permitted. SymbolicName: '<Bay>'.";;;;"2022-04-11T09:18:00.7898427Z";;
"UANodeSetValidation";Warning;43988162;;"Trace: Warning, Error Focus: NodeClass, Identifier: P6-0F03000000 Description: SymbolicName contains characters that are not allowed. Only letters, digits or the underscore (‘_’) are permitted. SymbolicName: '<Function>'.";;;;"2022-04-11T09:18:00.7918376Z";;
"UANodeSetValidation";Warning;43988162;;"Trace: Warning, Error Focus: NodeClass, Identifier: P6-0F03000000 Description: SymbolicName contains characters that are not allowed. Only letters, digits or the underscore (‘_’) are permitted. SymbolicName: '<VoltageLevel>'.";;;;"2022-04-11T09:18:00.7958592Z";;
"UANodeSetValidation";Warning;43988162;;"Trace: Warning, Error Focus: NodeClass, Identifier: P6-0F03000000 Description: SymbolicName contains characters that are not allowed. Only letters, digits or the underscore (‘_’) are permitted. SymbolicName: '<Function>'.";;;;"2022-04-11T09:18:00.7974289Z";;
"UANodeSetValidation";Warning;226242104;;"Finishing Validator.ValidateExportModel - the model contains 34 nodes and 18 errors reported.";;;;"2022-04-11T09:18:00.7991101Z";;
"AddressSpacePrototyping";Verbose;1637887217;;"Writing model to XML file Opc.Ua.IEC61850-6.Model.xml";;;;"2022-04-11T09:18:00.7991101Z";;
"UAModelDesignExport";Information;279330276;;"The ModelDesign XML has been saved to file Opc.Ua.IEC61850-6.Model.xml and decorated with the stylesheet XMLstylesheet";;;;"2022-04-11T09:18:00.9433434Z";;
"AddressSpacePrototyping";Verbose;918215642;;"Execution time = 37s";;;;"2022-04-11T09:18:00.9909471Z";;
