"AddressSpacePrototyping";Information;1637887218;;"Address Space Prototyping (asp.exe) Version 6.4.6.40504";;;;"2022-03-08T22:43:57.6471487Z";;
"AddressSpacePrototyping";Information;1637887219;;"Copyright(c) 2021 Mariusz Postol";;;;"2022-03-08T22:43:57.6493776Z";;
"UANodeSetValidation";Information;190380256;;"Entering ImportNodeSet and starting model import form file Opc.Ua.Di.NodeSet2.xml";;;;"2022-03-08T22:44:23.4007674Z";;
"UANodeSetValidation";Information;190380256;;"Entering ImportNodeSet and starting model import form file Opc.Ua.Machinery.NodeSet2.xml";;;;"2022-03-08T22:44:30.0729629Z";;
"UANodeSetValidation";Warning;43988162;;"Trace: Warning, Error Focus: Diagnostic, Identifier: P0-0001010000 Description: The XML attribute or element is not supported and neglected. Extensions are omitted during the import";;;;"2022-03-08T22:44:30.2751735Z";;
"UANodeSetValidation";Information;190380256;;"Entering ImportNodeSet and starting model import form file Opc.Ua.Pumps.NodeSet2.xml";;;;"2022-03-08T22:44:31.0924515Z";;
"UANodeSetValidation";Warning;43988162;;"Trace: Warning, Error Focus: Diagnostic, Identifier: P0-0001010000 Description: The XML attribute or element is not supported and neglected. Extensions are omitted during the import";;;;"2022-03-08T22:44:31.2697552Z";;
"UANodeSetValidation";Information;856488909;;"Entering IAddressSpaceContext.ValidateAndExportModel - starting for the http://opcfoundation.org/UA/Pumps/ namespace.";;;;"2022-03-08T22:53:16.4622126Z";;
"UANodeSetValidation";Information;711552454;;"Finishing Validator.ValidateExportModel - the model contains 70 nodes and no errors/warnings reported";;;;"2022-03-08T22:53:19.7537122Z";;
"UAModelDesignExport";Warning;39445735;;"Trace: Warning, Error Focus: Diagnostic, Identifier: P0-0001010000 Description: The XML attribute or element is not supported and neglected. The AccessLevel value 5 is not supported";;;;"2022-03-08T22:53:19.7686720Z";;
"UAModelDesignExport";Warning;39445735;;"Trace: Warning, Error Focus: Diagnostic, Identifier: P0-0001010000 Description: The XML attribute or element is not supported and neglected. The AccessLevel value 5 is not supported";;;;"2022-03-08T22:53:19.7696815Z";;
"UAModelDesignExport";Warning;39445735;;"Trace: Warning, Error Focus: Diagnostic, Identifier: P0-0001010000 Description: The XML attribute or element is not supported and neglected. The AccessLevel value 5 is not supported";;;;"2022-03-08T22:53:19.7696815Z";;
"UAModelDesignExport";Warning;39445735;;"Trace: Warning, Error Focus: Diagnostic, Identifier: P0-0001010000 Description: The XML attribute or element is not supported and neglected. The AccessLevel value 5 is not supported";;;;"2022-03-08T22:53:19.7696815Z";;
"UAModelDesignExport";Warning;39445735;;"Trace: Warning, Error Focus: Diagnostic, Identifier: P0-0001010000 Description: The XML attribute or element is not supported and neglected. The AccessLevel value 5 is not supported";;;;"2022-03-08T22:53:19.7706668Z";;
"UAModelDesignExport";Warning;39445735;;"Trace: Warning, Error Focus: Diagnostic, Identifier: P0-0001010000 Description: The XML attribute or element is not supported and neglected. The AccessLevel value 5 is not supported";;;;"2022-03-08T22:53:19.7706668Z";;
"UAModelDesignExport";Warning;39445735;;"Trace: Warning, Error Focus: Diagnostic, Identifier: P0-0001010000 Description: The XML attribute or element is not supported and neglected. The AccessLevel value 5 is not supported";;;;"2022-03-08T22:53:19.7706668Z";;
"UAModelDesignExport";Warning;39445735;;"Trace: Warning, Error Focus: Diagnostic, Identifier: P0-0001010000 Description: The XML attribute or element is not supported and neglected. The AccessLevel value 5 is not supported";;;;"2022-03-08T22:53:19.7706668Z";;
"UAModelDesignExport";Warning;39445735;;"Trace: Warning, Error Focus: Diagnostic, Identifier: P0-0001010000 Description: The XML attribute or element is not supported and neglected. The AccessLevel value 5 is not supported";;;;"2022-03-08T22:53:19.7716645Z";;
"UAModelDesignExport";Warning;39445735;;"Trace: Warning, Error Focus: Diagnostic, Identifier: P0-0001010000 Description: The XML attribute or element is not supported and neglected. The AccessLevel value 5 is not supported";;;;"2022-03-08T22:53:19.7716645Z";;
"UAModelDesignExport";Warning;39445735;;"Trace: Warning, Error Focus: Diagnostic, Identifier: P0-0001010000 Description: The XML attribute or element is not supported and neglected. The AccessLevel value 5 is not supported";;;;"2022-03-08T22:53:19.7716645Z";;
"UAModelDesignExport";Warning;39445735;;"Trace: Warning, Error Focus: Diagnostic, Identifier: P0-0001010000 Description: The XML attribute or element is not supported and neglected. The AccessLevel value 5 is not supported";;;;"2022-03-08T22:53:19.7716645Z";;
"UAModelDesignExport";Warning;39445735;;"Trace: Warning, Error Focus: Diagnostic, Identifier: P0-0001010000 Description: The XML attribute or element is not supported and neglected. The AccessLevel value 5 is not supported";;;;"2022-03-08T22:53:19.7716645Z";;
"UAModelDesignExport";Warning;39445735;;"Trace: Warning, Error Focus: Diagnostic, Identifier: P0-0001010000 Description: The XML attribute or element is not supported and neglected. The AccessLevel value 5 is not supported";;;;"2022-03-08T22:53:19.7726614Z";;
"UAModelDesignExport";Warning;39445735;;"Trace: Warning, Error Focus: Diagnostic, Identifier: P0-0001010000 Description: The XML attribute or element is not supported and neglected. The AccessLevel value 5 is not supported";;;;"2022-03-08T22:53:19.7726614Z";;
"UAModelDesignExport";Warning;39445735;;"Trace: Warning, Error Focus: Diagnostic, Identifier: P0-0001010000 Description: The XML attribute or element is not supported and neglected. The AccessLevel value 5 is not supported";;;;"2022-03-08T22:53:19.7726614Z";;
"UAModelDesignExport";Warning;39445735;;"Trace: Warning, Error Focus: Diagnostic, Identifier: P0-0001010000 Description: The XML attribute or element is not supported and neglected. The AccessLevel value 5 is not supported";;;;"2022-03-08T22:53:19.7726614Z";;
"UAModelDesignExport";Warning;39445735;;"Trace: Warning, Error Focus: Diagnostic, Identifier: P0-0001010000 Description: The XML attribute or element is not supported and neglected. The AccessLevel value 5 is not supported";;;;"2022-03-08T22:53:19.7726614Z";;
"UAModelDesignExport";Warning;39445735;;"Trace: Warning, Error Focus: Diagnostic, Identifier: P0-0001010000 Description: The XML attribute or element is not supported and neglected. The AccessLevel value 5 is not supported";;;;"2022-03-08T22:53:19.7736579Z";;
"UAModelDesignExport";Warning;39445735;;"Trace: Warning, Error Focus: Diagnostic, Identifier: P0-0001010000 Description: The XML attribute or element is not supported and neglected. The AccessLevel value 5 is not supported";;;;"2022-03-08T22:53:19.7746706Z";;
"UAModelDesignExport";Warning;39445735;;"Trace: Warning, Error Focus: Diagnostic, Identifier: P0-0001010000 Description: The XML attribute or element is not supported and neglected. The AccessLevel value 5 is not supported";;;;"2022-03-08T22:53:19.7746706Z";;
"UAModelDesignExport";Warning;39445735;;"Trace: Warning, Error Focus: Diagnostic, Identifier: P0-0001010000 Description: The XML attribute or element is not supported and neglected. The AccessLevel value 5 is not supported";;;;"2022-03-08T22:53:19.7756536Z";;
"UAModelDesignExport";Warning;39445735;;"Trace: Warning, Error Focus: Diagnostic, Identifier: P0-0001010000 Description: The XML attribute or element is not supported and neglected. The AccessLevel value 5 is not supported";;;;"2022-03-08T22:53:19.7766647Z";;
"UAModelDesignExport";Warning;39445735;;"Trace: Warning, Error Focus: Diagnostic, Identifier: P0-0001010000 Description: The XML attribute or element is not supported and neglected. The AccessLevel value 5 is not supported";;;;"2022-03-08T22:53:19.7766647Z";;
"UAModelDesignExport";Warning;39445735;;"Trace: Warning, Error Focus: Diagnostic, Identifier: P0-0001010000 Description: The XML attribute or element is not supported and neglected. The AccessLevel value 5 is not supported";;;;"2022-03-08T22:53:19.7766647Z";;
"UAModelDesignExport";Warning;39445735;;"Trace: Warning, Error Focus: Diagnostic, Identifier: P0-0001010000 Description: The XML attribute or element is not supported and neglected. The AccessLevel value 5 is not supported";;;;"2022-03-08T22:53:19.7776468Z";;
"UAModelDesignExport";Warning;39445735;;"Trace: Warning, Error Focus: Diagnostic, Identifier: P0-0001010000 Description: The XML attribute or element is not supported and neglected. The AccessLevel value 5 is not supported";;;;"2022-03-08T22:53:19.7776468Z";;
"UAModelDesignExport";Warning;39445735;;"Trace: Warning, Error Focus: Diagnostic, Identifier: P0-0001010000 Description: The XML attribute or element is not supported and neglected. The AccessLevel value 5 is not supported";;;;"2022-03-08T22:53:19.7786730Z";;
"UAModelDesignExport";Warning;39445735;;"Trace: Warning, Error Focus: Diagnostic, Identifier: P0-0001010000 Description: The XML attribute or element is not supported and neglected. The AccessLevel value 5 is not supported";;;;"2022-03-08T22:53:19.7796443Z";;
"UAModelDesignExport";Warning;39445735;;"Trace: Warning, Error Focus: Diagnostic, Identifier: P0-0001010000 Description: The XML attribute or element is not supported and neglected. The AccessLevel value 5 is not supported";;;;"2022-03-08T22:53:19.7796443Z";;
"UAModelDesignExport";Warning;39445735;;"Trace: Warning, Error Focus: Diagnostic, Identifier: P0-0001010000 Description: The XML attribute or element is not supported and neglected. The AccessLevel value 5 is not supported";;;;"2022-03-08T22:53:19.7796443Z";;
"UAModelDesignExport";Warning;39445735;;"Trace: Warning, Error Focus: Diagnostic, Identifier: P0-0001010000 Description: The XML attribute or element is not supported and neglected. The AccessLevel value 5 is not supported";;;;"2022-03-08T22:53:19.7806395Z";;
"UAModelDesignExport";Warning;39445735;;"Trace: Warning, Error Focus: Diagnostic, Identifier: P0-0001010000 Description: The XML attribute or element is not supported and neglected. The AccessLevel value 5 is not supported";;;;"2022-03-08T22:53:19.7806395Z";;
"UAModelDesignExport";Warning;39445735;;"Trace: Warning, Error Focus: Diagnostic, Identifier: P0-0001010000 Description: The XML attribute or element is not supported and neglected. The AccessLevel value 5 is not supported";;;;"2022-03-08T22:53:19.7806395Z";;
"UAModelDesignExport";Warning;39445735;;"Trace: Warning, Error Focus: Diagnostic, Identifier: P0-0001010000 Description: The XML attribute or element is not supported and neglected. The AccessLevel value 5 is not supported";;;;"2022-03-08T22:53:19.7806395Z";;
"UAModelDesignExport";Warning;39445735;;"Trace: Warning, Error Focus: Diagnostic, Identifier: P0-0001010000 Description: The XML attribute or element is not supported and neglected. The AccessLevel value 5 is not supported";;;;"2022-03-08T22:53:19.7816384Z";;
"UAModelDesignExport";Warning;39445735;;"Trace: Warning, Error Focus: Diagnostic, Identifier: P0-0001010000 Description: The XML attribute or element is not supported and neglected. The AccessLevel value 5 is not supported";;;;"2022-03-08T22:53:19.7816384Z";;
"UAModelDesignExport";Warning;39445735;;"Trace: Warning, Error Focus: Diagnostic, Identifier: P0-0001010000 Description: The XML attribute or element is not supported and neglected. The AccessLevel value 5 is not supported";;;;"2022-03-08T22:53:19.7826713Z";;
"UAModelDesignExport";Warning;39445735;;"Trace: Warning, Error Focus: Diagnostic, Identifier: P0-0001010000 Description: The XML attribute or element is not supported and neglected. The AccessLevel value 5 is not supported";;;;"2022-03-08T22:53:19.7836713Z";;
"UAModelDesignExport";Warning;39445735;;"Trace: Warning, Error Focus: Diagnostic, Identifier: P0-0001010000 Description: The XML attribute or element is not supported and neglected. The AccessLevel value 5 is not supported";;;;"2022-03-08T22:53:19.7836713Z";;
"UAModelDesignExport";Warning;39445735;;"Trace: Warning, Error Focus: Diagnostic, Identifier: P0-0001010000 Description: The XML attribute or element is not supported and neglected. The AccessLevel value 5 is not supported";;;;"2022-03-08T22:53:19.7836713Z";;
"UAModelDesignExport";Warning;39445735;;"Trace: Warning, Error Focus: Diagnostic, Identifier: P0-0001010000 Description: The XML attribute or element is not supported and neglected. The AccessLevel value 5 is not supported";;;;"2022-03-08T22:53:19.7846689Z";;
"UAModelDesignExport";Warning;39445735;;"Trace: Warning, Error Focus: Diagnostic, Identifier: P0-0001010000 Description: The XML attribute or element is not supported and neglected. The AccessLevel value 5 is not supported";;;;"2022-03-08T22:53:19.7846689Z";;
"UAModelDesignExport";Warning;39445735;;"Trace: Warning, Error Focus: Diagnostic, Identifier: P0-0001010000 Description: The XML attribute or element is not supported and neglected. The AccessLevel value 5 is not supported";;;;"2022-03-08T22:53:19.7864062Z";;
"UAModelDesignExport";Warning;39445735;;"Trace: Warning, Error Focus: Diagnostic, Identifier: P0-0001010000 Description: The XML attribute or element is not supported and neglected. The AccessLevel value 5 is not supported";;;;"2022-03-08T22:53:19.7866448Z";;
"UAModelDesignExport";Warning;39445735;;"Trace: Warning, Error Focus: Diagnostic, Identifier: P0-0001010000 Description: The XML attribute or element is not supported and neglected. The AccessLevel value 5 is not supported";;;;"2022-03-08T22:53:19.7866448Z";;
"UAModelDesignExport";Warning;39445735;;"Trace: Warning, Error Focus: Diagnostic, Identifier: P0-0001010000 Description: The XML attribute or element is not supported and neglected. The AccessLevel value 5 is not supported";;;;"2022-03-08T22:53:19.7866448Z";;
"UAModelDesignExport";Warning;39445735;;"Trace: Warning, Error Focus: Diagnostic, Identifier: P0-0001010000 Description: The XML attribute or element is not supported and neglected. The AccessLevel value 5 is not supported";;;;"2022-03-08T22:53:19.7876462Z";;
"UAModelDesignExport";Warning;39445735;;"Trace: Warning, Error Focus: Diagnostic, Identifier: P0-0001010000 Description: The XML attribute or element is not supported and neglected. The AccessLevel value 5 is not supported";;;;"2022-03-08T22:53:19.7876462Z";;
"UAModelDesignExport";Warning;39445735;;"Trace: Warning, Error Focus: Diagnostic, Identifier: P0-0001010000 Description: The XML attribute or element is not supported and neglected. The AccessLevel value 5 is not supported";;;;"2022-03-08T22:53:19.7876462Z";;
"UAModelDesignExport";Warning;39445735;;"Trace: Warning, Error Focus: Diagnostic, Identifier: P0-0001010000 Description: The XML attribute or element is not supported and neglected. The AccessLevel value 5 is not supported";;;;"2022-03-08T22:53:19.7876462Z";;
"UAModelDesignExport";Warning;39445735;;"Trace: Warning, Error Focus: Diagnostic, Identifier: P0-0001010000 Description: The XML attribute or element is not supported and neglected. The AccessLevel value 5 is not supported";;;;"2022-03-08T22:53:19.7886435Z";;
"UAModelDesignExport";Warning;39445735;;"Trace: Warning, Error Focus: Diagnostic, Identifier: P0-0001010000 Description: The XML attribute or element is not supported and neglected. The AccessLevel value 5 is not supported";;;;"2022-03-08T22:53:19.7886435Z";;
"UAModelDesignExport";Warning;39445735;;"Trace: Warning, Error Focus: Diagnostic, Identifier: P0-0001010000 Description: The XML attribute or element is not supported and neglected. The AccessLevel value 5 is not supported";;;;"2022-03-08T22:53:19.7886435Z";;
"UAModelDesignExport";Warning;39445735;;"Trace: Warning, Error Focus: Diagnostic, Identifier: P0-0001010000 Description: The XML attribute or element is not supported and neglected. The AccessLevel value 5 is not supported";;;;"2022-03-08T22:53:19.7886435Z";;
"UAModelDesignExport";Warning;39445735;;"Trace: Warning, Error Focus: Diagnostic, Identifier: P0-0001010000 Description: The XML attribute or element is not supported and neglected. The AccessLevel value 5 is not supported";;;;"2022-03-08T22:53:19.7896398Z";;
"UAModelDesignExport";Warning;39445735;;"Trace: Warning, Error Focus: Diagnostic, Identifier: P0-0001010000 Description: The XML attribute or element is not supported and neglected. The AccessLevel value 5 is not supported";;;;"2022-03-08T22:53:19.7896398Z";;
"UAModelDesignExport";Warning;39445735;;"Trace: Warning, Error Focus: Diagnostic, Identifier: P0-0001010000 Description: The XML attribute or element is not supported and neglected. The AccessLevel value 5 is not supported";;;;"2022-03-08T22:53:19.7896398Z";;
"UAModelDesignExport";Warning;39445735;;"Trace: Warning, Error Focus: Diagnostic, Identifier: P0-0001010000 Description: The XML attribute or element is not supported and neglected. The AccessLevel value 5 is not supported";;;;"2022-03-08T22:53:19.7906374Z";;
"UAModelDesignExport";Warning;39445735;;"Trace: Warning, Error Focus: Diagnostic, Identifier: P0-0001010000 Description: The XML attribute or element is not supported and neglected. The AccessLevel value 5 is not supported";;;;"2022-03-08T22:53:19.7916714Z";;
"UAModelDesignExport";Warning;39445735;;"Trace: Warning, Error Focus: Diagnostic, Identifier: P0-0001010000 Description: The XML attribute or element is not supported and neglected. The AccessLevel value 5 is not supported";;;;"2022-03-08T22:53:19.7916714Z";;
"UAModelDesignExport";Warning;39445735;;"Trace: Warning, Error Focus: Diagnostic, Identifier: P0-0001010000 Description: The XML attribute or element is not supported and neglected. The AccessLevel value 5 is not supported";;;;"2022-03-08T22:53:19.7916714Z";;
"UAModelDesignExport";Warning;39445735;;"Trace: Warning, Error Focus: Diagnostic, Identifier: P0-0001010000 Description: The XML attribute or element is not supported and neglected. The AccessLevel value 5 is not supported";;;;"2022-03-08T22:53:19.7926336Z";;
"UAModelDesignExport";Warning;39445735;;"Trace: Warning, Error Focus: Diagnostic, Identifier: P0-0001010000 Description: The XML attribute or element is not supported and neglected. The AccessLevel value 5 is not supported";;;;"2022-03-08T22:53:19.7938459Z";;
"UAModelDesignExport";Warning;39445735;;"Trace: Warning, Error Focus: Diagnostic, Identifier: P0-0001010000 Description: The XML attribute or element is not supported and neglected. The AccessLevel value 5 is not supported";;;;"2022-03-08T22:53:19.7938459Z";;
"UAModelDesignExport";Warning;39445735;;"Trace: Warning, Error Focus: Diagnostic, Identifier: P0-0001010000 Description: The XML attribute or element is not supported and neglected. The AccessLevel value 5 is not supported";;;;"2022-03-08T22:53:19.7938459Z";;
"UAModelDesignExport";Warning;39445735;;"Trace: Warning, Error Focus: Diagnostic, Identifier: P0-0001010000 Description: The XML attribute or element is not supported and neglected. The AccessLevel value 5 is not supported";;;;"2022-03-08T22:53:19.7938459Z";;
"UAModelDesignExport";Warning;39445735;;"Trace: Warning, Error Focus: Diagnostic, Identifier: P0-0001010000 Description: The XML attribute or element is not supported and neglected. The AccessLevel value 5 is not supported";;;;"2022-03-08T22:53:19.7968510Z";;
"UAModelDesignExport";Warning;39445735;;"Trace: Warning, Error Focus: Diagnostic, Identifier: P0-0001010000 Description: The XML attribute or element is not supported and neglected. The AccessLevel value 5 is not supported";;;;"2022-03-08T22:53:19.7968510Z";;
"UAModelDesignExport";Warning;39445735;;"Trace: Warning, Error Focus: Diagnostic, Identifier: P0-0001010000 Description: The XML attribute or element is not supported and neglected. The AccessLevel value 5 is not supported";;;;"2022-03-08T22:53:19.7968510Z";;
"UAModelDesignExport";Warning;39445735;;"Trace: Warning, Error Focus: Diagnostic, Identifier: P0-0001010000 Description: The XML attribute or element is not supported and neglected. The AccessLevel value 5 is not supported";;;;"2022-03-08T22:53:19.7978375Z";;
"UAModelDesignExport";Warning;39445735;;"Trace: Warning, Error Focus: Diagnostic, Identifier: P0-0001010000 Description: The XML attribute or element is not supported and neglected. The AccessLevel value 5 is not supported";;;;"2022-03-08T22:53:19.7978375Z";;
"UAModelDesignExport";Warning;39445735;;"Trace: Warning, Error Focus: Diagnostic, Identifier: P0-0001010000 Description: The XML attribute or element is not supported and neglected. The AccessLevel value 5 is not supported";;;;"2022-03-08T22:53:19.7978375Z";;
"UAModelDesignExport";Warning;39445735;;"Trace: Warning, Error Focus: Diagnostic, Identifier: P0-0001010000 Description: The XML attribute or element is not supported and neglected. The AccessLevel value 5 is not supported";;;;"2022-03-08T22:53:19.7978375Z";;
"UAModelDesignExport";Warning;39445735;;"Trace: Warning, Error Focus: Diagnostic, Identifier: P0-0001010000 Description: The XML attribute or element is not supported and neglected. The AccessLevel value 5 is not supported";;;;"2022-03-08T22:53:19.7988350Z";;
"UAModelDesignExport";Warning;39445735;;"Trace: Warning, Error Focus: Diagnostic, Identifier: P0-0001010000 Description: The XML attribute or element is not supported and neglected. The AccessLevel value 5 is not supported";;;;"2022-03-08T22:53:19.7988350Z";;
"UAModelDesignExport";Warning;39445735;;"Trace: Warning, Error Focus: Diagnostic, Identifier: P0-0001010000 Description: The XML attribute or element is not supported and neglected. The AccessLevel value 5 is not supported";;;;"2022-03-08T22:53:19.7988350Z";;
"UAModelDesignExport";Warning;39445735;;"Trace: Warning, Error Focus: Diagnostic, Identifier: P0-0001010000 Description: The XML attribute or element is not supported and neglected. The AccessLevel value 5 is not supported";;;;"2022-03-08T22:53:19.7988350Z";;
"UAModelDesignExport";Warning;39445735;;"Trace: Warning, Error Focus: Diagnostic, Identifier: P0-0001010000 Description: The XML attribute or element is not supported and neglected. The AccessLevel value 5 is not supported";;;;"2022-03-08T22:53:19.7998339Z";;
"UAModelDesignExport";Warning;39445735;;"Trace: Warning, Error Focus: Diagnostic, Identifier: P0-0001010000 Description: The XML attribute or element is not supported and neglected. The AccessLevel value 5 is not supported";;;;"2022-03-08T22:53:19.7998339Z";;
"UAModelDesignExport";Warning;39445735;;"Trace: Warning, Error Focus: Diagnostic, Identifier: P0-0001010000 Description: The XML attribute or element is not supported and neglected. The AccessLevel value 5 is not supported";;;;"2022-03-08T22:53:19.7998339Z";;
"UAModelDesignExport";Warning;39445735;;"Trace: Warning, Error Focus: Diagnostic, Identifier: P0-0001010000 Description: The XML attribute or element is not supported and neglected. The AccessLevel value 5 is not supported";;;;"2022-03-08T22:53:19.8008315Z";;
"UAModelDesignExport";Warning;39445735;;"Trace: Warning, Error Focus: Diagnostic, Identifier: P0-0001010000 Description: The XML attribute or element is not supported and neglected. The AccessLevel value 5 is not supported";;;;"2022-03-08T22:53:19.8008315Z";;
"UAModelDesignExport";Warning;39445735;;"Trace: Warning, Error Focus: Diagnostic, Identifier: P0-0001010000 Description: The XML attribute or element is not supported and neglected. The AccessLevel value 5 is not supported";;;;"2022-03-08T22:53:19.8008315Z";;
"UAModelDesignExport";Warning;39445735;;"Trace: Warning, Error Focus: Diagnostic, Identifier: P0-0001010000 Description: The XML attribute or element is not supported and neglected. The AccessLevel value 5 is not supported";;;;"2022-03-08T22:53:19.8008315Z";;
"UAModelDesignExport";Warning;39445735;;"Trace: Warning, Error Focus: Diagnostic, Identifier: P0-0001010000 Description: The XML attribute or element is not supported and neglected. The AccessLevel value 5 is not supported";;;;"2022-03-08T22:53:19.8018273Z";;
"UAModelDesignExport";Warning;39445735;;"Trace: Warning, Error Focus: Diagnostic, Identifier: P0-0001010000 Description: The XML attribute or element is not supported and neglected. The AccessLevel value 5 is not supported";;;;"2022-03-08T22:53:19.8018273Z";;
"UAModelDesignExport";Warning;39445735;;"Trace: Warning, Error Focus: Diagnostic, Identifier: P0-0001010000 Description: The XML attribute or element is not supported and neglected. The AccessLevel value 5 is not supported";;;;"2022-03-08T22:53:19.8018273Z";;
"UAModelDesignExport";Warning;39445735;;"Trace: Warning, Error Focus: Diagnostic, Identifier: P0-0001010000 Description: The XML attribute or element is not supported and neglected. The AccessLevel value 5 is not supported";;;;"2022-03-08T22:53:19.8028243Z";;
"UAModelDesignExport";Warning;39445735;;"Trace: Warning, Error Focus: Diagnostic, Identifier: P0-0001010000 Description: The XML attribute or element is not supported and neglected. The AccessLevel value 5 is not supported";;;;"2022-03-08T22:53:19.8042421Z";;
"UAModelDesignExport";Warning;39445735;;"Trace: Warning, Error Focus: Diagnostic, Identifier: P0-0001010000 Description: The XML attribute or element is not supported and neglected. The AccessLevel value 5 is not supported";;;;"2022-03-08T22:53:19.8047275Z";;
"UAModelDesignExport";Warning;39445735;;"Trace: Warning, Error Focus: Diagnostic, Identifier: P0-0001010000 Description: The XML attribute or element is not supported and neglected. The AccessLevel value 5 is not supported";;;;"2022-03-08T22:53:19.8050897Z";;
"UAModelDesignExport";Warning;39445735;;"Trace: Warning, Error Focus: Diagnostic, Identifier: P0-0001010000 Description: The XML attribute or element is not supported and neglected. The AccessLevel value 5 is not supported";;;;"2022-03-08T22:53:19.8054577Z";;
"UAModelDesignExport";Warning;39445735;;"Trace: Warning, Error Focus: Diagnostic, Identifier: P0-0001010000 Description: The XML attribute or element is not supported and neglected. The AccessLevel value 5 is not supported";;;;"2022-03-08T22:53:19.8058094Z";;
"UAModelDesignExport";Warning;39445735;;"Trace: Warning, Error Focus: Diagnostic, Identifier: P0-0001010000 Description: The XML attribute or element is not supported and neglected. The AccessLevel value 5 is not supported";;;;"2022-03-08T22:53:19.8058094Z";;
"UAModelDesignExport";Warning;39445735;;"Trace: Warning, Error Focus: Diagnostic, Identifier: P0-0001010000 Description: The XML attribute or element is not supported and neglected. The AccessLevel value 5 is not supported";;;;"2022-03-08T22:53:19.8058094Z";;
"UAModelDesignExport";Warning;39445735;;"Trace: Warning, Error Focus: Diagnostic, Identifier: P0-0001010000 Description: The XML attribute or element is not supported and neglected. The AccessLevel value 5 is not supported";;;;"2022-03-08T22:53:19.8068094Z";;
"UAModelDesignExport";Warning;39445735;;"Trace: Warning, Error Focus: Diagnostic, Identifier: P0-0001010000 Description: The XML attribute or element is not supported and neglected. The AccessLevel value 5 is not supported";;;;"2022-03-08T22:53:19.8068094Z";;
"UAModelDesignExport";Warning;39445735;;"Trace: Warning, Error Focus: Diagnostic, Identifier: P0-0001010000 Description: The XML attribute or element is not supported and neglected. The AccessLevel value 5 is not supported";;;;"2022-03-08T22:53:19.8068094Z";;
"UAModelDesignExport";Warning;39445735;;"Trace: Warning, Error Focus: Diagnostic, Identifier: P0-0001010000 Description: The XML attribute or element is not supported and neglected. The AccessLevel value 5 is not supported";;;;"2022-03-08T22:53:19.8078067Z";;
"UAModelDesignExport";Warning;39445735;;"Trace: Warning, Error Focus: Diagnostic, Identifier: P0-0001010000 Description: The XML attribute or element is not supported and neglected. The AccessLevel value 5 is not supported";;;;"2022-03-08T22:53:19.8089580Z";;
"UAModelDesignExport";Warning;39445735;;"Trace: Warning, Error Focus: Diagnostic, Identifier: P0-0001010000 Description: The XML attribute or element is not supported and neglected. The AccessLevel value 5 is not supported";;;;"2022-03-08T22:53:19.8089580Z";;
"UAModelDesignExport";Warning;39445735;;"Trace: Warning, Error Focus: Diagnostic, Identifier: P0-0001010000 Description: The XML attribute or element is not supported and neglected. The AccessLevel value 5 is not supported";;;;"2022-03-08T22:53:19.8089580Z";;
"UAModelDesignExport";Warning;39445735;;"Trace: Warning, Error Focus: Diagnostic, Identifier: P0-0001010000 Description: The XML attribute or element is not supported and neglected. The AccessLevel value 5 is not supported";;;;"2022-03-08T22:53:19.8089580Z";;
"UAModelDesignExport";Warning;39445735;;"Trace: Warning, Error Focus: Diagnostic, Identifier: P0-0001010000 Description: The XML attribute or element is not supported and neglected. The AccessLevel value 5 is not supported";;;;"2022-03-08T22:53:19.8099583Z";;
"UAModelDesignExport";Warning;39445735;;"Trace: Warning, Error Focus: Diagnostic, Identifier: P0-0001010000 Description: The XML attribute or element is not supported and neglected. The AccessLevel value 5 is not supported";;;;"2022-03-08T22:53:19.8099583Z";;
"UAModelDesignExport";Warning;39445735;;"Trace: Warning, Error Focus: Diagnostic, Identifier: P0-0001010000 Description: The XML attribute or element is not supported and neglected. The AccessLevel value 5 is not supported";;;;"2022-03-08T22:53:19.8099583Z";;
"UAModelDesignExport";Warning;39445735;;"Trace: Warning, Error Focus: Diagnostic, Identifier: P0-0001010000 Description: The XML attribute or element is not supported and neglected. The AccessLevel value 5 is not supported";;;;"2022-03-08T22:53:19.8109554Z";;
"UAModelDesignExport";Warning;39445735;;"Trace: Warning, Error Focus: Diagnostic, Identifier: P0-0001010000 Description: The XML attribute or element is not supported and neglected. The AccessLevel value 5 is not supported";;;;"2022-03-08T22:53:19.8109554Z";;
"UAModelDesignExport";Warning;39445735;;"Trace: Warning, Error Focus: Diagnostic, Identifier: P0-0001010000 Description: The XML attribute or element is not supported and neglected. The AccessLevel value 5 is not supported";;;;"2022-03-08T22:53:19.8109554Z";;
"UAModelDesignExport";Warning;39445735;;"Trace: Warning, Error Focus: Diagnostic, Identifier: P0-0001010000 Description: The XML attribute or element is not supported and neglected. The AccessLevel value 5 is not supported";;;;"2022-03-08T22:53:19.8109554Z";;
"UAModelDesignExport";Warning;39445735;;"Trace: Warning, Error Focus: Diagnostic, Identifier: P0-0001010000 Description: The XML attribute or element is not supported and neglected. The AccessLevel value 5 is not supported";;;;"2022-03-08T22:53:19.8119530Z";;
"UAModelDesignExport";Warning;39445735;;"Trace: Warning, Error Focus: Diagnostic, Identifier: P0-0001010000 Description: The XML attribute or element is not supported and neglected. The AccessLevel value 5 is not supported";;;;"2022-03-08T22:53:19.8119530Z";;
"UAModelDesignExport";Warning;39445735;;"Trace: Warning, Error Focus: Diagnostic, Identifier: P0-0001010000 Description: The XML attribute or element is not supported and neglected. The AccessLevel value 5 is not supported";;;;"2022-03-08T22:53:19.8119530Z";;
"UAModelDesignExport";Warning;39445735;;"Trace: Warning, Error Focus: Diagnostic, Identifier: P0-0001010000 Description: The XML attribute or element is not supported and neglected. The AccessLevel value 5 is not supported";;;;"2022-03-08T22:53:19.8119530Z";;
"UAModelDesignExport";Warning;39445735;;"Trace: Warning, Error Focus: Diagnostic, Identifier: P0-0001010000 Description: The XML attribute or element is not supported and neglected. The AccessLevel value 5 is not supported";;;;"2022-03-08T22:53:19.8129598Z";;
"UAModelDesignExport";Warning;39445735;;"Trace: Warning, Error Focus: Diagnostic, Identifier: P0-0001010000 Description: The XML attribute or element is not supported and neglected. The AccessLevel value 5 is not supported";;;;"2022-03-08T22:53:19.8129598Z";;
"UAModelDesignExport";Warning;39445735;;"Trace: Warning, Error Focus: Diagnostic, Identifier: P0-0001010000 Description: The XML attribute or element is not supported and neglected. The AccessLevel value 5 is not supported";;;;"2022-03-08T22:53:19.8129598Z";;
"UAModelDesignExport";Warning;39445735;;"Trace: Warning, Error Focus: Diagnostic, Identifier: P0-0001010000 Description: The XML attribute or element is not supported and neglected. The AccessLevel value 5 is not supported";;;;"2022-03-08T22:53:19.8129598Z";;
"UAModelDesignExport";Warning;39445735;;"Trace: Warning, Error Focus: Diagnostic, Identifier: P0-0001010000 Description: The XML attribute or element is not supported and neglected. The AccessLevel value 5 is not supported";;;;"2022-03-08T22:53:19.8139493Z";;
"UAModelDesignExport";Warning;39445735;;"Trace: Warning, Error Focus: Diagnostic, Identifier: P0-0001010000 Description: The XML attribute or element is not supported and neglected. The AccessLevel value 5 is not supported";;;;"2022-03-08T22:53:19.8139493Z";;
"UAModelDesignExport";Warning;39445735;;"Trace: Warning, Error Focus: Diagnostic, Identifier: P0-0001010000 Description: The XML attribute or element is not supported and neglected. The AccessLevel value 5 is not supported";;;;"2022-03-08T22:53:19.8139493Z";;
"UAModelDesignExport";Warning;39445735;;"Trace: Warning, Error Focus: Diagnostic, Identifier: P0-0001010000 Description: The XML attribute or element is not supported and neglected. The AccessLevel value 5 is not supported";;;;"2022-03-08T22:53:19.8139493Z";;
"UAModelDesignExport";Warning;39445735;;"Trace: Warning, Error Focus: Diagnostic, Identifier: P0-0001010000 Description: The XML attribute or element is not supported and neglected. The AccessLevel value 5 is not supported";;;;"2022-03-08T22:53:19.8149469Z";;
"UAModelDesignExport";Warning;39445735;;"Trace: Warning, Error Focus: Diagnostic, Identifier: P0-0001010000 Description: The XML attribute or element is not supported and neglected. The AccessLevel value 5 is not supported";;;;"2022-03-08T22:53:19.8149469Z";;
"UAModelDesignExport";Warning;39445735;;"Trace: Warning, Error Focus: Diagnostic, Identifier: P0-0001010000 Description: The XML attribute or element is not supported and neglected. The AccessLevel value 5 is not supported";;;;"2022-03-08T22:53:19.8149469Z";;
"UAModelDesignExport";Warning;39445735;;"Trace: Warning, Error Focus: Diagnostic, Identifier: P0-0001010000 Description: The XML attribute or element is not supported and neglected. The AccessLevel value 5 is not supported";;;;"2022-03-08T22:53:19.8149469Z";;
"UAModelDesignExport";Warning;39445735;;"Trace: Warning, Error Focus: Diagnostic, Identifier: P0-0001010000 Description: The XML attribute or element is not supported and neglected. The AccessLevel value 5 is not supported";;;;"2022-03-08T22:53:19.8159426Z";;
"UAModelDesignExport";Warning;39445735;;"Trace: Warning, Error Focus: Diagnostic, Identifier: P0-0001010000 Description: The XML attribute or element is not supported and neglected. The AccessLevel value 5 is not supported";;;;"2022-03-08T22:53:19.8159426Z";;
"UAModelDesignExport";Warning;39445735;;"Trace: Warning, Error Focus: Diagnostic, Identifier: P0-0001010000 Description: The XML attribute or element is not supported and neglected. The AccessLevel value 5 is not supported";;;;"2022-03-08T22:53:19.8159426Z";;
"UAModelDesignExport";Warning;39445735;;"Trace: Warning, Error Focus: Diagnostic, Identifier: P0-0001010000 Description: The XML attribute or element is not supported and neglected. The AccessLevel value 5 is not supported";;;;"2022-03-08T22:53:19.8159426Z";;
"UAModelDesignExport";Warning;39445735;;"Trace: Warning, Error Focus: Diagnostic, Identifier: P0-0001010000 Description: The XML attribute or element is not supported and neglected. The AccessLevel value 5 is not supported";;;;"2022-03-08T22:53:19.8169392Z";;
"UAModelDesignExport";Warning;39445735;;"Trace: Warning, Error Focus: Diagnostic, Identifier: P0-0001010000 Description: The XML attribute or element is not supported and neglected. The AccessLevel value 5 is not supported";;;;"2022-03-08T22:53:19.8169392Z";;
"UAModelDesignExport";Warning;39445735;;"Trace: Warning, Error Focus: Diagnostic, Identifier: P0-0001010000 Description: The XML attribute or element is not supported and neglected. The AccessLevel value 5 is not supported";;;;"2022-03-08T22:53:19.8169392Z";;
"UAModelDesignExport";Warning;39445735;;"Trace: Warning, Error Focus: Diagnostic, Identifier: P0-0001010000 Description: The XML attribute or element is not supported and neglected. The AccessLevel value 5 is not supported";;;;"2022-03-08T22:53:19.8169392Z";;
"UAModelDesignExport";Warning;39445735;;"Trace: Warning, Error Focus: Diagnostic, Identifier: P0-0001010000 Description: The XML attribute or element is not supported and neglected. The AccessLevel value 5 is not supported";;;;"2022-03-08T22:53:19.8169392Z";;
"UAModelDesignExport";Warning;39445735;;"Trace: Warning, Error Focus: Diagnostic, Identifier: P0-0001010000 Description: The XML attribute or element is not supported and neglected. The AccessLevel value 5 is not supported";;;;"2022-03-08T22:53:19.8179373Z";;
"UAModelDesignExport";Warning;39445735;;"Trace: Warning, Error Focus: Diagnostic, Identifier: P0-0001010000 Description: The XML attribute or element is not supported and neglected. The AccessLevel value 5 is not supported";;;;"2022-03-08T22:53:19.8179373Z";;
"UAModelDesignExport";Warning;39445735;;"Trace: Warning, Error Focus: Diagnostic, Identifier: P0-0001010000 Description: The XML attribute or element is not supported and neglected. The AccessLevel value 5 is not supported";;;;"2022-03-08T22:53:19.8179373Z";;
"UAModelDesignExport";Warning;39445735;;"Trace: Warning, Error Focus: Diagnostic, Identifier: P0-0001010000 Description: The XML attribute or element is not supported and neglected. The AccessLevel value 5 is not supported";;;;"2022-03-08T22:53:19.8179373Z";;
"UAModelDesignExport";Warning;39445735;;"Trace: Warning, Error Focus: Diagnostic, Identifier: P0-0001010000 Description: The XML attribute or element is not supported and neglected. The AccessLevel value 5 is not supported";;;;"2022-03-08T22:53:19.8189344Z";;
"UAModelDesignExport";Warning;39445735;;"Trace: Warning, Error Focus: Diagnostic, Identifier: P0-0001010000 Description: The XML attribute or element is not supported and neglected. The AccessLevel value 5 is not supported";;;;"2022-03-08T22:53:19.8189344Z";;
"UAModelDesignExport";Warning;39445735;;"Trace: Warning, Error Focus: Diagnostic, Identifier: P0-0001010000 Description: The XML attribute or element is not supported and neglected. The AccessLevel value 5 is not supported";;;;"2022-03-08T22:53:19.8189344Z";;
"UAModelDesignExport";Warning;39445735;;"Trace: Warning, Error Focus: Diagnostic, Identifier: P0-0001010000 Description: The XML attribute or element is not supported and neglected. The AccessLevel value 5 is not supported";;;;"2022-03-08T22:53:19.8189344Z";;
"UAModelDesignExport";Warning;39445735;;"Trace: Warning, Error Focus: Diagnostic, Identifier: P0-0001010000 Description: The XML attribute or element is not supported and neglected. The AccessLevel value 5 is not supported";;;;"2022-03-08T22:53:19.8199317Z";;
"UAModelDesignExport";Warning;39445735;;"Trace: Warning, Error Focus: Diagnostic, Identifier: P0-0001010000 Description: The XML attribute or element is not supported and neglected. The AccessLevel value 5 is not supported";;;;"2022-03-08T22:53:19.8199317Z";;
"UAModelDesignExport";Warning;39445735;;"Trace: Warning, Error Focus: Diagnostic, Identifier: P0-0001010000 Description: The XML attribute or element is not supported and neglected. The AccessLevel value 5 is not supported";;;;"2022-03-08T22:53:19.8199317Z";;
"UAModelDesignExport";Warning;39445735;;"Trace: Warning, Error Focus: Diagnostic, Identifier: P0-0001010000 Description: The XML attribute or element is not supported and neglected. The AccessLevel value 5 is not supported";;;;"2022-03-08T22:53:19.8209304Z";;
"UAModelDesignExport";Warning;39445735;;"Trace: Warning, Error Focus: Diagnostic, Identifier: P0-0001010000 Description: The XML attribute or element is not supported and neglected. The AccessLevel value 5 is not supported";;;;"2022-03-08T22:53:19.8209304Z";;
"UAModelDesignExport";Warning;39445735;;"Trace: Warning, Error Focus: Diagnostic, Identifier: P0-0001010000 Description: The XML attribute or element is not supported and neglected. The AccessLevel value 5 is not supported";;;;"2022-03-08T22:53:19.8209304Z";;
"UAModelDesignExport";Warning;39445735;;"Trace: Warning, Error Focus: Diagnostic, Identifier: P0-0001010000 Description: The XML attribute or element is not supported and neglected. The AccessLevel value 5 is not supported";;;;"2022-03-08T22:53:19.8209304Z";;
"UAModelDesignExport";Warning;39445735;;"Trace: Warning, Error Focus: Diagnostic, Identifier: P0-0001010000 Description: The XML attribute or element is not supported and neglected. The AccessLevel value 5 is not supported";;;;"2022-03-08T22:53:19.8219268Z";;
"UAModelDesignExport";Warning;39445735;;"Trace: Warning, Error Focus: Diagnostic, Identifier: P0-0001010000 Description: The XML attribute or element is not supported and neglected. The AccessLevel value 5 is not supported";;;;"2022-03-08T22:53:19.8219268Z";;
"UAModelDesignExport";Warning;39445735;;"Trace: Warning, Error Focus: Diagnostic, Identifier: P0-0001010000 Description: The XML attribute or element is not supported and neglected. The AccessLevel value 5 is not supported";;;;"2022-03-08T22:53:19.8219268Z";;
"UAModelDesignExport";Warning;39445735;;"Trace: Warning, Error Focus: Diagnostic, Identifier: P0-0001010000 Description: The XML attribute or element is not supported and neglected. The AccessLevel value 5 is not supported";;;;"2022-03-08T22:53:19.8229240Z";;
"UAModelDesignExport";Warning;39445735;;"Trace: Warning, Error Focus: Diagnostic, Identifier: P0-0001010000 Description: The XML attribute or element is not supported and neglected. The AccessLevel value 5 is not supported";;;;"2022-03-08T22:53:19.8229240Z";;
"UAModelDesignExport";Warning;39445735;;"Trace: Warning, Error Focus: Diagnostic, Identifier: P0-0001010000 Description: The XML attribute or element is not supported and neglected. The AccessLevel value 5 is not supported";;;;"2022-03-08T22:53:19.8229240Z";;
"UAModelDesignExport";Warning;39445735;;"Trace: Warning, Error Focus: Diagnostic, Identifier: P0-0001010000 Description: The XML attribute or element is not supported and neglected. The AccessLevel value 5 is not supported";;;;"2022-03-08T22:53:19.8239221Z";;
"UAModelDesignExport";Warning;39445735;;"Trace: Warning, Error Focus: Diagnostic, Identifier: P0-0001010000 Description: The XML attribute or element is not supported and neglected. The AccessLevel value 5 is not supported";;;;"2022-03-08T22:53:19.8239221Z";;
"UAModelDesignExport";Warning;39445735;;"Trace: Warning, Error Focus: Diagnostic, Identifier: P0-0001010000 Description: The XML attribute or element is not supported and neglected. The AccessLevel value 5 is not supported";;;;"2022-03-08T22:53:19.8239221Z";;
"UAModelDesignExport";Warning;39445735;;"Trace: Warning, Error Focus: Diagnostic, Identifier: P0-0001010000 Description: The XML attribute or element is not supported and neglected. The AccessLevel value 5 is not supported";;;;"2022-03-08T22:53:19.8249208Z";;
"UAModelDesignExport";Warning;39445735;;"Trace: Warning, Error Focus: Diagnostic, Identifier: P0-0001010000 Description: The XML attribute or element is not supported and neglected. The AccessLevel value 5 is not supported";;;;"2022-03-08T22:53:19.8249208Z";;
"UAModelDesignExport";Warning;39445735;;"Trace: Warning, Error Focus: Diagnostic, Identifier: P0-0001010000 Description: The XML attribute or element is not supported and neglected. The AccessLevel value 5 is not supported";;;;"2022-03-08T22:53:19.8249208Z";;
"UAModelDesignExport";Warning;39445735;;"Trace: Warning, Error Focus: Diagnostic, Identifier: P0-0001010000 Description: The XML attribute or element is not supported and neglected. The AccessLevel value 5 is not supported";;;;"2022-03-08T22:53:19.8249208Z";;
"UAModelDesignExport";Warning;39445735;;"Trace: Warning, Error Focus: Diagnostic, Identifier: P0-0001010000 Description: The XML attribute or element is not supported and neglected. The AccessLevel value 5 is not supported";;;;"2022-03-08T22:53:19.8259152Z";;
"UAModelDesignExport";Warning;39445735;;"Trace: Warning, Error Focus: Diagnostic, Identifier: P0-0001010000 Description: The XML attribute or element is not supported and neglected. The AccessLevel value 5 is not supported";;;;"2022-03-08T22:53:19.8259152Z";;
"UAModelDesignExport";Warning;39445735;;"Trace: Warning, Error Focus: Diagnostic, Identifier: P0-0001010000 Description: The XML attribute or element is not supported and neglected. The AccessLevel value 5 is not supported";;;;"2022-03-08T22:53:19.8259152Z";;
"UAModelDesignExport";Warning;39445735;;"Trace: Warning, Error Focus: Diagnostic, Identifier: P0-0001010000 Description: The XML attribute or element is not supported and neglected. The AccessLevel value 5 is not supported";;;;"2022-03-08T22:53:19.8259152Z";;
"UAModelDesignExport";Warning;39445735;;"Trace: Warning, Error Focus: Diagnostic, Identifier: P0-0001010000 Description: The XML attribute or element is not supported and neglected. The AccessLevel value 5 is not supported";;;;"2022-03-08T22:53:19.8269145Z";;
"UAModelDesignExport";Warning;39445735;;"Trace: Warning, Error Focus: Diagnostic, Identifier: P0-0001010000 Description: The XML attribute or element is not supported and neglected. The AccessLevel value 5 is not supported";;;;"2022-03-08T22:53:19.8269145Z";;
"UAModelDesignExport";Warning;39445735;;"Trace: Warning, Error Focus: Diagnostic, Identifier: P0-0001010000 Description: The XML attribute or element is not supported and neglected. The AccessLevel value 5 is not supported";;;;"2022-03-08T22:53:19.8269145Z";;
"UAModelDesignExport";Warning;39445735;;"Trace: Warning, Error Focus: Diagnostic, Identifier: P0-0001010000 Description: The XML attribute or element is not supported and neglected. The AccessLevel value 5 is not supported";;;;"2022-03-08T22:53:19.8269145Z";;
"UAModelDesignExport";Warning;39445735;;"Trace: Warning, Error Focus: Diagnostic, Identifier: P0-0001010000 Description: The XML attribute or element is not supported and neglected. The AccessLevel value 5 is not supported";;;;"2022-03-08T22:53:19.8279098Z";;
"UAModelDesignExport";Warning;39445735;;"Trace: Warning, Error Focus: Diagnostic, Identifier: P0-0001010000 Description: The XML attribute or element is not supported and neglected. The AccessLevel value 5 is not supported";;;;"2022-03-08T22:53:19.8279098Z";;
"UAModelDesignExport";Warning;39445735;;"Trace: Warning, Error Focus: Diagnostic, Identifier: P0-0001010000 Description: The XML attribute or element is not supported and neglected. The AccessLevel value 5 is not supported";;;;"2022-03-08T22:53:19.8279098Z";;
"UAModelDesignExport";Warning;39445735;;"Trace: Warning, Error Focus: Diagnostic, Identifier: P0-0001010000 Description: The XML attribute or element is not supported and neglected. The AccessLevel value 5 is not supported";;;;"2022-03-08T22:53:19.8279098Z";;
"UAModelDesignExport";Warning;39445735;;"Trace: Warning, Error Focus: Diagnostic, Identifier: P0-0001010000 Description: The XML attribute or element is not supported and neglected. The AccessLevel value 5 is not supported";;;;"2022-03-08T22:53:19.8279098Z";;
"UAModelDesignExport";Information;279330276;;"The ModelDesign XML has been saved to file Opc.Ua.Pumps.Model.xml and decorated with the stylesheet XMLstylesheet";;;;"2022-03-08T22:53:20.1355881Z";;
