"AddressSpacePrototyping";Information;1637887218;;"Address Space Prototyping (asp.exe) Version 6.5.0.40483";;;;"2022-04-11T10:06:33.4611043Z";;
"AddressSpacePrototyping";Information;1637887219;;"Copyright(c) 2022 Mariusz Postol";;;;"2022-04-11T10:06:33.4621081Z";;
"AddressSpacePrototyping";Verbose;6710129;;"Creating Address Space populated using Standard Model. It will take a while ...";;;;"2022-04-11T10:06:33.5846785Z";;
"UANodeSetValidation";Verbose;43988162;;"Trace: Verbose, Error Focus: Diagnostic, Identifier: P0-0003010000 Description: It is diagnostic information Entering AddressSpaceContext creator - starting creation the OPC UA Address Space.";;;;"2022-04-11T10:06:33.5936530Z";;
"UANodeSetValidation";Verbose;43988162;;"Trace: Verbose, Error Focus: Diagnostic, Identifier: P0-0003010000 Description: It is diagnostic information Address Space - the OPC UA defined has been uploaded.";;;;"2022-04-11T10:06:33.8149896Z";;
"UANodeSetValidation";Verbose;43988162;;"Trace: Verbose, Error Focus: Diagnostic, Identifier: P0-0003010000 Description: It is diagnostic information Finished import UANodeSet for http://opcfoundation.org/UA/; Imported 3909 nodes.";;;;"2022-04-11T10:06:58.8599127Z";;
"UANodeSetValidation";Verbose;43988162;;"Trace: Verbose, Error Focus: Diagnostic, Identifier: P0-0003010000 Description: It is diagnostic information Address Space - has bee created successfully.";;;;"2022-04-11T10:06:58.8599127Z";;
"AddressSpacePrototyping";Verbose;1637887216;;"Importing UANodeSet document from file C:\Users\merta\Desktop\UA-MAİN\UA-Nodeset\DI\Opc.Ua.Di.NodeSet2.xml";;;;"2022-04-11T10:06:58.8639023Z";;
"UANodeSetValidation";Information;190380256;;"Entering ImportNodeSet and starting model import form file Opc.Ua.Di.NodeSet2.xml";;;;"2022-04-11T10:06:58.8639023Z";;
"UANodeSetValidation";Verbose;43988162;;"Trace: Verbose, Error Focus: Diagnostic, Identifier: P0-0003010000 Description: It is diagnostic information Finished import UANodeSet for http://opcfoundation.org/UA/DI/; Imported 373 nodes.";;;;"2022-04-11T10:07:04.5660822Z";;
"AddressSpacePrototyping";Verbose;1637887216;;"Importing UANodeSet document from file C:\Users\merta\Desktop\UA-MAİN\UA-Nodeset\PlasticsRubber\GeneralTypes\1.03\Opc.Ua.PlasticsRubber.GeneralTypes.NodeSet2.xml";;;;"2022-04-11T10:07:04.5660822Z";;
"UANodeSetValidation";Information;190380256;;"Entering ImportNodeSet and starting model import form file Opc.Ua.PlasticsRubber.GeneralTypes.NodeSet2.xml";;;;"2022-04-11T10:07:04.5660822Z";;
"UANodeSetValidation";Warning;43988162;;"Trace: Warning, Error Focus: Diagnostic, Identifier: P0-0001010000 Description: The XML attribute or element is not supported and neglected. Extensions are omitted during the import";;;;"2022-04-11T10:07:04.5810415Z";;
"UANodeSetValidation";Verbose;43988162;;"Trace: Verbose, Error Focus: Diagnostic, Identifier: P0-0003010000 Description: It is diagnostic information Finished import UANodeSet for http://opcfoundation.org/UA/PlasticsRubber/GeneralTypes/; Imported 961 nodes.";;;;"2022-04-11T10:07:22.5474889Z";;
"AddressSpacePrototyping";Verbose;1637887217;;"Validating and exporting a model from namespace http://opcfoundation.org/UA/PlasticsRubber/GeneralTypes/";;;;"2022-04-11T10:07:22.5485235Z";;
"UANodeSetValidation";Information;856488909;;"Entering IAddressSpaceContext.ValidateAndExportModel - starting for the http://opcfoundation.org/UA/PlasticsRubber/GeneralTypes/ namespace.";;;;"2022-04-11T10:07:22.5485235Z";;
"UANodeSetValidation";Verbose;938023414;;"Selected 97 types to be validated.";;;;"2022-04-11T10:07:22.5564663Z";;
"UANodeSetValidation";Verbose;863907859;;"Selected 0 instances referenced by the ObjectsFolder to be validated.";;;;"2022-04-11T10:07:22.5584607Z";;
"UANodeSetValidation";Verbose;43988162;;"Trace: Verbose, Error Focus: Diagnostic, Identifier: P0-0003010000 Description: It is diagnostic information Removed the graph of nodes at http://opcfoundation.org/UA/:HasEncoding from the model";;;;"2022-04-11T10:07:22.6008837Z";;
"UANodeSetValidation";Verbose;43988162;;"Trace: Verbose, Error Focus: Diagnostic, Identifier: P0-0003010000 Description: It is diagnostic information Removed the graph of nodes at http://opcfoundation.org/UA/:HasEncoding from the model";;;;"2022-04-11T10:07:22.6008837Z";;
"UANodeSetValidation";Verbose;43988162;;"Trace: Verbose, Error Focus: Diagnostic, Identifier: P0-0003010000 Description: It is diagnostic information Removed the graph of nodes at http://opcfoundation.org/UA/:HasEncoding from the model";;;;"2022-04-11T10:07:22.6008837Z";;
"UANodeSetValidation";Verbose;43988162;;"Trace: Verbose, Error Focus: Diagnostic, Identifier: P0-0003010000 Description: It is diagnostic information Removed the graph of nodes at http://opcfoundation.org/UA/:HasEncoding from the model";;;;"2022-04-11T10:07:22.6018875Z";;
"UANodeSetValidation";Verbose;43988162;;"Trace: Verbose, Error Focus: Diagnostic, Identifier: P0-0003010000 Description: It is diagnostic information Removed the graph of nodes at http://opcfoundation.org/UA/:HasEncoding from the model";;;;"2022-04-11T10:07:22.6018875Z";;
"UANodeSetValidation";Verbose;43988162;;"Trace: Verbose, Error Focus: Diagnostic, Identifier: P0-0003010000 Description: It is diagnostic information Removed the graph of nodes at http://opcfoundation.org/UA/:HasEncoding from the model";;;;"2022-04-11T10:07:22.6018875Z";;
"UANodeSetValidation";Verbose;43988162;;"Trace: Verbose, Error Focus: Diagnostic, Identifier: P0-0003010000 Description: It is diagnostic information Removed the graph of nodes at http://opcfoundation.org/UA/:HasEncoding from the model";;;;"2022-04-11T10:07:22.6018875Z";;
"UANodeSetValidation";Verbose;43988162;;"Trace: Verbose, Error Focus: Diagnostic, Identifier: P0-0003010000 Description: It is diagnostic information Removed the graph of nodes at http://opcfoundation.org/UA/:HasEncoding from the model";;;;"2022-04-11T10:07:22.6018875Z";;
"UANodeSetValidation";Verbose;43988162;;"Trace: Verbose, Error Focus: Diagnostic, Identifier: P0-0003010000 Description: It is diagnostic information Removed the graph of nodes at http://opcfoundation.org/UA/:HasEncoding from the model";;;;"2022-04-11T10:07:22.6018875Z";;
"UANodeSetValidation";Verbose;43988162;;"Trace: Verbose, Error Focus: Diagnostic, Identifier: P0-0003010000 Description: It is diagnostic information Removed the graph of nodes at http://opcfoundation.org/UA/:HasEncoding from the model";;;;"2022-04-11T10:07:22.6028814Z";;
"UANodeSetValidation";Verbose;43988162;;"Trace: Verbose, Error Focus: Diagnostic, Identifier: P0-0003010000 Description: It is diagnostic information Removed the graph of nodes at http://opcfoundation.org/UA/:HasEncoding from the model";;;;"2022-04-11T10:07:22.6028814Z";;
"UANodeSetValidation";Verbose;43988162;;"Trace: Verbose, Error Focus: Diagnostic, Identifier: P0-0003010000 Description: It is diagnostic information Removed the graph of nodes at http://opcfoundation.org/UA/:HasEncoding from the model";;;;"2022-04-11T10:07:22.6028814Z";;
"UANodeSetValidation";Information;711552454;;"Finishing Validator.ValidateExportModel - the model contains 97 nodes and no errors/warnings reported";;;;"2022-04-11T10:07:22.8263247Z";;
"AddressSpacePrototyping";Verbose;1637887217;;"Writing model to XML file Opc.Ua.PlasticsRubber.GeneralTypes.Model.xml";;;;"2022-04-11T10:07:22.8263247Z";;
"UAModelDesignExport";Warning;39445735;;"Trace: Warning, Error Focus: Diagnostic, Identifier: P0-0001010000 Description: The XML attribute or element is not supported and neglected. The AccessLevel value 5 is not supported";;;;"2022-04-11T10:07:22.8362573Z";;
"UAModelDesignExport";Warning;39445735;;"Trace: Warning, Error Focus: Diagnostic, Identifier: P0-0001010000 Description: The XML attribute or element is not supported and neglected. The AccessLevel value 5 is not supported";;;;"2022-04-11T10:07:22.8362573Z";;
"UAModelDesignExport";Warning;39445735;;"Trace: Warning, Error Focus: Diagnostic, Identifier: P0-0001010000 Description: The XML attribute or element is not supported and neglected. The AccessLevel value 5 is not supported";;;;"2022-04-11T10:07:22.8372557Z";;
"UAModelDesignExport";Warning;39445735;;"Trace: Warning, Error Focus: Diagnostic, Identifier: P0-0001010000 Description: The XML attribute or element is not supported and neglected. The AccessLevel value 5 is not supported";;;;"2022-04-11T10:07:22.8382626Z";;
"UAModelDesignExport";Warning;39445735;;"Trace: Warning, Error Focus: Diagnostic, Identifier: P0-0001010000 Description: The XML attribute or element is not supported and neglected. The AccessLevel value 5 is not supported";;;;"2022-04-11T10:07:22.8388564Z";;
"UAModelDesignExport";Warning;39445735;;"Trace: Warning, Error Focus: Diagnostic, Identifier: P0-0001010000 Description: The XML attribute or element is not supported and neglected. The AccessLevel value 5 is not supported";;;;"2022-04-11T10:07:22.8388564Z";;
"UAModelDesignExport";Warning;39445735;;"Trace: Warning, Error Focus: Diagnostic, Identifier: P0-0001010000 Description: The XML attribute or element is not supported and neglected. The AccessLevel value 5 is not supported";;;;"2022-04-11T10:07:22.8398578Z";;
"UAModelDesignExport";Warning;39445735;;"Trace: Warning, Error Focus: Diagnostic, Identifier: P0-0001010000 Description: The XML attribute or element is not supported and neglected. The AccessLevel value 5 is not supported";;;;"2022-04-11T10:07:22.8408573Z";;
"UAModelDesignExport";Warning;39445735;;"Trace: Warning, Error Focus: Diagnostic, Identifier: P0-0001010000 Description: The XML attribute or element is not supported and neglected. The AccessLevel value 5 is not supported";;;;"2022-04-11T10:07:22.8414261Z";;
"UAModelDesignExport";Warning;39445735;;"Trace: Warning, Error Focus: Diagnostic, Identifier: P0-0001010000 Description: The XML attribute or element is not supported and neglected. The AccessLevel value 5 is not supported";;;;"2022-04-11T10:07:22.8420053Z";;
"UAModelDesignExport";Warning;39445735;;"Trace: Warning, Error Focus: Diagnostic, Identifier: P0-0001010000 Description: The XML attribute or element is not supported and neglected. The AccessLevel value 5 is not supported";;;;"2022-04-11T10:07:22.8426096Z";;
"UAModelDesignExport";Warning;39445735;;"Trace: Warning, Error Focus: Diagnostic, Identifier: P0-0001010000 Description: The XML attribute or element is not supported and neglected. The AccessLevel value 5 is not supported";;;;"2022-04-11T10:07:22.8432479Z";;
"UAModelDesignExport";Warning;39445735;;"Trace: Warning, Error Focus: Diagnostic, Identifier: P0-0001010000 Description: The XML attribute or element is not supported and neglected. The AccessLevel value 5 is not supported";;;;"2022-04-11T10:07:22.8438616Z";;
"UAModelDesignExport";Warning;39445735;;"Trace: Warning, Error Focus: Diagnostic, Identifier: P0-0001010000 Description: The XML attribute or element is not supported and neglected. The AccessLevel value 5 is not supported";;;;"2022-04-11T10:07:22.8444740Z";;
"UAModelDesignExport";Warning;39445735;;"Trace: Warning, Error Focus: Diagnostic, Identifier: P0-0001010000 Description: The XML attribute or element is not supported and neglected. The AccessLevel value 5 is not supported";;;;"2022-04-11T10:07:22.8450655Z";;
"UAModelDesignExport";Warning;39445735;;"Trace: Warning, Error Focus: Diagnostic, Identifier: P0-0001010000 Description: The XML attribute or element is not supported and neglected. The AccessLevel value 5 is not supported";;;;"2022-04-11T10:07:22.8456031Z";;
"UAModelDesignExport";Warning;39445735;;"Trace: Warning, Error Focus: Diagnostic, Identifier: P0-0001010000 Description: The XML attribute or element is not supported and neglected. The AccessLevel value 5 is not supported";;;;"2022-04-11T10:07:22.8461627Z";;
"UAModelDesignExport";Warning;39445735;;"Trace: Warning, Error Focus: Diagnostic, Identifier: P0-0001010000 Description: The XML attribute or element is not supported and neglected. The AccessLevel value 5 is not supported";;;;"2022-04-11T10:07:22.8461627Z";;
"UAModelDesignExport";Warning;39445735;;"Trace: Warning, Error Focus: Diagnostic, Identifier: P0-0001010000 Description: The XML attribute or element is not supported and neglected. The AccessLevel value 5 is not supported";;;;"2022-04-11T10:07:22.8471639Z";;
"UAModelDesignExport";Warning;39445735;;"Trace: Warning, Error Focus: Diagnostic, Identifier: P0-0001010000 Description: The XML attribute or element is not supported and neglected. The AccessLevel value 5 is not supported";;;;"2022-04-11T10:07:22.8481609Z";;
"UAModelDesignExport";Warning;39445735;;"Trace: Warning, Error Focus: Diagnostic, Identifier: P0-0001010000 Description: The XML attribute or element is not supported and neglected. The AccessLevel value 5 is not supported";;;;"2022-04-11T10:07:22.8481609Z";;
"UAModelDesignExport";Warning;39445735;;"Trace: Warning, Error Focus: Diagnostic, Identifier: P0-0001010000 Description: The XML attribute or element is not supported and neglected. The AccessLevel value 5 is not supported";;;;"2022-04-11T10:07:22.8491598Z";;
"UAModelDesignExport";Warning;39445735;;"Trace: Warning, Error Focus: Diagnostic, Identifier: P0-0001010000 Description: The XML attribute or element is not supported and neglected. The AccessLevel value 5 is not supported";;;;"2022-04-11T10:07:22.8491598Z";;
"UAModelDesignExport";Warning;39445735;;"Trace: Warning, Error Focus: Diagnostic, Identifier: P0-0001010000 Description: The XML attribute or element is not supported and neglected. The AccessLevel value 5 is not supported";;;;"2022-04-11T10:07:22.8506400Z";;
"UAModelDesignExport";Warning;39445735;;"Trace: Warning, Error Focus: Diagnostic, Identifier: P0-0001010000 Description: The XML attribute or element is not supported and neglected. The AccessLevel value 5 is not supported";;;;"2022-04-11T10:07:22.8544290Z";;
"UAModelDesignExport";Information;279330276;;"The ModelDesign XML has been saved to file Opc.Ua.PlasticsRubber.GeneralTypes.Model.xml and decorated with the stylesheet XMLstylesheet";;;;"2022-04-11T10:07:22.9833733Z";;
"AddressSpacePrototyping";Verbose;918215642;;"Execution time = 50s";;;;"2022-04-11T10:07:23.9093245Z";;
