"AddressSpacePrototyping";Information;1637887218;;"Address Space Prototyping (asp.exe) Version 6.5.0.40483";;;;"2022-04-12T20:08:59.5877067Z";;
"AddressSpacePrototyping";Information;1637887219;;"Copyright(c) 2022 Mariusz Postol";;;;"2022-04-12T20:08:59.5887072Z";;
"AddressSpacePrototyping";Verbose;6710129;;"Creating Address Space populated using Standard Model. It will take a while ...";;;;"2022-04-12T20:08:59.6902900Z";;
"UANodeSetValidation";Verbose;43988162;;"Trace: Verbose, Error Focus: Diagnostic, Identifier: P0-0003010000 Description: It is diagnostic information Entering AddressSpaceContext creator - starting creation the OPC UA Address Space.";;;;"2022-04-12T20:08:59.6983024Z";;
"UANodeSetValidation";Verbose;43988162;;"Trace: Verbose, Error Focus: Diagnostic, Identifier: P0-0003010000 Description: It is diagnostic information Address Space - the OPC UA defined has been uploaded.";;;;"2022-04-12T20:08:59.8937798Z";;
"UANodeSetValidation";Verbose;43988162;;"Trace: Verbose, Error Focus: Diagnostic, Identifier: P0-0003010000 Description: It is diagnostic information Finished import UANodeSet for http://opcfoundation.org/UA/; Imported 3909 nodes.";;;;"2022-04-12T20:09:24.5564805Z";;
"UANodeSetValidation";Verbose;43988162;;"Trace: Verbose, Error Focus: Diagnostic, Identifier: P0-0003010000 Description: It is diagnostic information Address Space - has bee created successfully.";;;;"2022-04-12T20:09:24.5564805Z";;
"AddressSpacePrototyping";Verbose;1637887216;;"Importing UANodeSet document from file C:\Users\merta\Desktop\UA-MAİN\UA-Nodeset\DI\Opc.Ua.Di.NodeSet2.xml";;;;"2022-04-12T20:09:24.5604677Z";;
"UANodeSetValidation";Information;190380256;;"Entering ImportNodeSet and starting model import form file Opc.Ua.Di.NodeSet2.xml";;;;"2022-04-12T20:09:24.5604677Z";;
"UANodeSetValidation";Verbose;43988162;;"Trace: Verbose, Error Focus: Diagnostic, Identifier: P0-0003010000 Description: It is diagnostic information Finished import UANodeSet for http://opcfoundation.org/UA/DI/; Imported 373 nodes.";;;;"2022-04-12T20:09:30.2143144Z";;
"AddressSpacePrototyping";Verbose;1637887216;;"Importing UANodeSet document from file C:\Users\merta\Desktop\UA-MAİN\UA-Nodeset\PlasticsRubber\GeneralTypes\1.03\Opc.Ua.PlasticsRubber.GeneralTypes.NodeSet2.xml";;;;"2022-04-12T20:09:30.2153122Z";;
"UANodeSetValidation";Information;190380256;;"Entering ImportNodeSet and starting model import form file Opc.Ua.PlasticsRubber.GeneralTypes.NodeSet2.xml";;;;"2022-04-12T20:09:30.2153122Z";;
"UANodeSetValidation";Warning;43988162;;"Trace: Warning, Error Focus: Diagnostic, Identifier: P0-0001010000 Description: The XML attribute or element is not supported and neglected. Extensions are omitted during the import";;;;"2022-04-12T20:09:30.2292745Z";;
"UANodeSetValidation";Verbose;43988162;;"Trace: Verbose, Error Focus: Diagnostic, Identifier: P0-0003010000 Description: It is diagnostic information Finished import UANodeSet for http://opcfoundation.org/UA/PlasticsRubber/GeneralTypes/; Imported 961 nodes.";;;;"2022-04-12T20:09:48.0476258Z";;
"AddressSpacePrototyping";Verbose;1637887216;;"Importing UANodeSet document from file C:\Users\merta\Desktop\UA-MAİN\UA-Nodeset\PlasticsRubber\HotRunner\1.00\Opc.Ua.PlasticsRubber.HotRunner.NodeSet2.xml";;;;"2022-04-12T20:09:48.0476258Z";;
"UANodeSetValidation";Information;190380256;;"Entering ImportNodeSet and starting model import form file Opc.Ua.PlasticsRubber.HotRunner.NodeSet2.xml";;;;"2022-04-12T20:09:48.0476258Z";;
"UANodeSetValidation";Warning;43988162;;"Trace: Warning, Error Focus: Diagnostic, Identifier: P0-0001010000 Description: The XML attribute or element is not supported and neglected. Extensions are omitted during the import";;;;"2022-04-12T20:09:48.0615577Z";;
"UANodeSetValidation";Verbose;43988162;;"Trace: Verbose, Error Focus: Diagnostic, Identifier: P0-0003010000 Description: It is diagnostic information Finished import UANodeSet for http://opcfoundation.org/UA/PlasticsRubber/HotRunner/; Imported 818 nodes.";;;;"2022-04-12T20:10:07.8616082Z";;
"AddressSpacePrototyping";Verbose;1637887217;;"Validating and exporting a model from namespace http://opcfoundation.org/UA/PlasticsRubber/HotRunner/";;;;"2022-04-12T20:10:07.8616082Z";;
"UANodeSetValidation";Information;856488909;;"Entering IAddressSpaceContext.ValidateAndExportModel - starting for the http://opcfoundation.org/UA/PlasticsRubber/HotRunner/ namespace.";;;;"2022-04-12T20:10:07.8626059Z";;
"UANodeSetValidation";Verbose;938023414;;"Selected 13 types to be validated.";;;;"2022-04-12T20:10:07.8705863Z";;
"UANodeSetValidation";Verbose;863907859;;"Selected 0 instances referenced by the ObjectsFolder to be validated.";;;;"2022-04-12T20:10:07.8725800Z";;
"UANodeSetValidation";Verbose;43988162;;"Trace: Verbose, Error Focus: Diagnostic, Identifier: P0-0003010000 Description: It is diagnostic information Removed the graph of nodes at http://opcfoundation.org/UA/:HasEncoding from the model";;;;"2022-04-12T20:10:07.8965159Z";;
"UANodeSetValidation";Information;711552454;;"Finishing Validator.ValidateExportModel - the model contains 13 nodes and no errors/warnings reported";;;;"2022-04-12T20:10:07.9693211Z";;
"AddressSpacePrototyping";Verbose;1637887217;;"Writing model to XML file Opc.Ua.PlasticsRubber.HotRunner.Model.xml";;;;"2022-04-12T20:10:07.9693211Z";;
"UAModelDesignExport";Information;279330276;;"The ModelDesign XML has been saved to file Opc.Ua.PlasticsRubber.HotRunner.Model.xml and decorated with the stylesheet XMLstylesheet";;;;"2022-04-12T20:10:08.0876329Z";;
"AddressSpacePrototyping";Verbose;918215642;;"Execution time = 69s";;;;"2022-04-12T20:10:08.9462883Z";;
