"AddressSpacePrototyping";Information;1637887218;;"Address Space Prototyping (asp.exe) Version 6.4.6.40504";;;;"2022-03-07T09:54:50.1173761Z";;
"AddressSpacePrototyping";Information;1637887219;;"Copyright(c) 2021 Mariusz Postol";;;;"2022-03-07T09:54:50.1183765Z";;
"UANodeSetValidation";Information;190380256;;"Entering ImportNodeSet and starting model import form file Opc.Ua.Di.NodeSet2.xml";;;;"2022-03-07T09:55:15.2585370Z";;
"UANodeSetValidation";Information;190380256;;"Entering ImportNodeSet and starting model import form file Opc.Ua.Adi.NodeSet2.xml";;;;"2022-03-07T09:55:20.8873869Z";;
"UANodeSetValidation";Information;856488909;;"Entering IAddressSpaceContext.ValidateAndExportModel - starting for the http://opcfoundation.org/UA/ADI/ namespace.";;;;"2022-03-07T09:55:35.4517224Z";;
"UANodeSetValidation";Warning;43988162;;"Trace: Warning, Error Focus: NonCategorized, Identifier: P0-0002010000 Description: General processing error see trace for details. Error caught while processing the node ns=1;i=1001. The message: Belirtilen bağımsız değişken geçerli değerler aralığında değildi.
Parametre adı: the HierarchicalReferences is not handled at    konum: UAOOI.SemanticData.UANodeSetValidation.UANodeContext.UAOOI.SemanticData.UANodeSetValidation.IUANodeBase.CalculateNodeReferences(INodeFactory nodeFactory, IValidator validator) C:\VS.git\github.mpostol\OPC-UA-OOI\SemanticData\UANodeSetValidation\UANodeContext.cs içinde: satır 194
   konum: UAOOI.SemanticData.UANodeSetValidation.Validator.CreateNode[FactoryType,NodeSetType](Func`1 createNode, IUANodeBase nodeContext, Action`2 updateNode, Action`3 updateBase) C:\VS.git\github.mpostol\OPC-UA-OOI\SemanticData\UANodeSetValidation\Validator.cs içinde: satır 254
   konum: UAOOI.SemanticData.UANodeSetValidation.Validator.ValidateExportNode(IUANodeBase nodeContext, INodeContainer exportFactory, UAReferenceContext parentReference) C:\VS.git\github.mpostol\OPC-UA-OOI\SemanticData\UANodeSetValidation\Validator.cs içinde: satır 81
   konum: UAOOI.SemanticData.UANodeSetValidation.UANodeContext.UAOOI.SemanticData.UANodeSetValidation.IUANodeBase.CalculateNodeReferences(INodeFactory nodeFactory, IValidator validator) C:\VS.git\github.mpostol\OPC-UA-OOI\SemanticData\UANodeSetValidation\UANodeContext.cs içinde: satır 213
   konum: UAOOI.SemanticData.UANodeSetValidation.Validator.CreateNode[FactoryType,NodeSetType](Func`1 createNode, IUANodeBase nodeContext, Action`2 updateNode, Action`3 updateBase) C:\VS.git\github.mpostol\OPC-UA-OOI\SemanticData\UANodeSetValidation\Validator.cs içinde: satır 254
   konum: UAOOI.SemanticData.UANodeSetValidation.Validator.ValidateExportNode(IUANodeBase nodeContext, INodeContainer exportFactory, UAReferenceContext parentReference) C:\VS.git\github.mpostol\OPC-UA-OOI\SemanticData\UANodeSetValidation\Validator.cs içinde: satır 85
   konum: UAOOI.SemanticData.UANodeSetValidation.Validator.ValidateExportNode(IUANodeBase nodeContext, INodeContainer exportFactory) C:\VS.git\github.mpostol\OPC-UA-OOI\SemanticData\UANodeSetValidation\Validator.cs içinde: satır 43
   konum: UAOOI.SemanticData.UANodeSetValidation.AddressSpaceContext.ValidateAndExportModel(Int32 nameSpaceIndex) C:\VS.git\github.mpostol\OPC-UA-OOI\SemanticData\UANodeSetValidation\AddressSpaceContext.cs içinde: satır 339.";;;;"2022-03-07T09:55:35.6451566Z";;
"UANodeSetValidation";Warning;43988162;;"Trace: Warning, Error Focus: NonCategorized, Identifier: P0-0002010000 Description: General processing error see trace for details. Error caught while processing the node ns=1;i=1003. The message: Belirtilen bağımsız değişken geçerli değerler aralığında değildi.
Parametre adı: the HierarchicalReferences is not handled at    konum: UAOOI.SemanticData.UANodeSetValidation.UANodeContext.UAOOI.SemanticData.UANodeSetValidation.IUANodeBase.CalculateNodeReferences(INodeFactory nodeFactory, IValidator validator) C:\VS.git\github.mpostol\OPC-UA-OOI\SemanticData\UANodeSetValidation\UANodeContext.cs içinde: satır 194
   konum: UAOOI.SemanticData.UANodeSetValidation.Validator.CreateNode[FactoryType,NodeSetType](Func`1 createNode, IUANodeBase nodeContext, Action`2 updateNode, Action`3 updateBase) C:\VS.git\github.mpostol\OPC-UA-OOI\SemanticData\UANodeSetValidation\Validator.cs içinde: satır 254
   konum: UAOOI.SemanticData.UANodeSetValidation.Validator.ValidateExportNode(IUANodeBase nodeContext, INodeContainer exportFactory, UAReferenceContext parentReference) C:\VS.git\github.mpostol\OPC-UA-OOI\SemanticData\UANodeSetValidation\Validator.cs içinde: satır 81
   konum: UAOOI.SemanticData.UANodeSetValidation.UANodeContext.UAOOI.SemanticData.UANodeSetValidation.IUANodeBase.CalculateNodeReferences(INodeFactory nodeFactory, IValidator validator) C:\VS.git\github.mpostol\OPC-UA-OOI\SemanticData\UANodeSetValidation\UANodeContext.cs içinde: satır 213
   konum: UAOOI.SemanticData.UANodeSetValidation.Validator.CreateNode[FactoryType,NodeSetType](Func`1 createNode, IUANodeBase nodeContext, Action`2 updateNode, Action`3 updateBase) C:\VS.git\github.mpostol\OPC-UA-OOI\SemanticData\UANodeSetValidation\Validator.cs içinde: satır 254
   konum: UAOOI.SemanticData.UANodeSetValidation.Validator.ValidateExportNode(IUANodeBase nodeContext, INodeContainer exportFactory, UAReferenceContext parentReference) C:\VS.git\github.mpostol\OPC-UA-OOI\SemanticData\UANodeSetValidation\Validator.cs içinde: satır 85
   konum: UAOOI.SemanticData.UANodeSetValidation.Validator.ValidateExportNode(IUANodeBase nodeContext, INodeContainer exportFactory) C:\VS.git\github.mpostol\OPC-UA-OOI\SemanticData\UANodeSetValidation\Validator.cs içinde: satır 43
   konum: UAOOI.SemanticData.UANodeSetValidation.AddressSpaceContext.ValidateAndExportModel(Int32 nameSpaceIndex) C:\VS.git\github.mpostol\OPC-UA-OOI\SemanticData\UANodeSetValidation\AddressSpaceContext.cs içinde: satır 339.";;;;"2022-03-07T09:55:35.6794908Z";;
"UANodeSetValidation";Warning;43988162;;"Trace: Warning, Error Focus: NonCategorized, Identifier: P0-0002010000 Description: General processing error see trace for details. Error caught while processing the node ns=1;i=1010. The message: Belirtilen bağımsız değişken geçerli değerler aralığında değildi.
Parametre adı: the HierarchicalReferences is not handled at    konum: UAOOI.SemanticData.UANodeSetValidation.UANodeContext.UAOOI.SemanticData.UANodeSetValidation.IUANodeBase.CalculateNodeReferences(INodeFactory nodeFactory, IValidator validator) C:\VS.git\github.mpostol\OPC-UA-OOI\SemanticData\UANodeSetValidation\UANodeContext.cs içinde: satır 194
   konum: UAOOI.SemanticData.UANodeSetValidation.Validator.CreateNode[FactoryType,NodeSetType](Func`1 createNode, IUANodeBase nodeContext, Action`2 updateNode, Action`3 updateBase) C:\VS.git\github.mpostol\OPC-UA-OOI\SemanticData\UANodeSetValidation\Validator.cs içinde: satır 254
   konum: UAOOI.SemanticData.UANodeSetValidation.Validator.ValidateExportNode(IUANodeBase nodeContext, INodeContainer exportFactory, UAReferenceContext parentReference) C:\VS.git\github.mpostol\OPC-UA-OOI\SemanticData\UANodeSetValidation\Validator.cs içinde: satır 81
   konum: UAOOI.SemanticData.UANodeSetValidation.UANodeContext.UAOOI.SemanticData.UANodeSetValidation.IUANodeBase.CalculateNodeReferences(INodeFactory nodeFactory, IValidator validator) C:\VS.git\github.mpostol\OPC-UA-OOI\SemanticData\UANodeSetValidation\UANodeContext.cs içinde: satır 213
   konum: UAOOI.SemanticData.UANodeSetValidation.Validator.CreateNode[FactoryType,NodeSetType](Func`1 createNode, IUANodeBase nodeContext, Action`2 updateNode, Action`3 updateBase) C:\VS.git\github.mpostol\OPC-UA-OOI\SemanticData\UANodeSetValidation\Validator.cs içinde: satır 254
   konum: UAOOI.SemanticData.UANodeSetValidation.Validator.ValidateExportNode(IUANodeBase nodeContext, INodeContainer exportFactory, UAReferenceContext parentReference) C:\VS.git\github.mpostol\OPC-UA-OOI\SemanticData\UANodeSetValidation\Validator.cs içinde: satır 85
   konum: UAOOI.SemanticData.UANodeSetValidation.Validator.ValidateExportNode(IUANodeBase nodeContext, INodeContainer exportFactory) C:\VS.git\github.mpostol\OPC-UA-OOI\SemanticData\UANodeSetValidation\Validator.cs içinde: satır 43
   konum: UAOOI.SemanticData.UANodeSetValidation.AddressSpaceContext.ValidateAndExportModel(Int32 nameSpaceIndex) C:\VS.git\github.mpostol\OPC-UA-OOI\SemanticData\UANodeSetValidation\AddressSpaceContext.cs içinde: satır 339.";;;;"2022-03-07T09:55:35.9360067Z";;
"UANodeSetValidation";Warning;226242104;;"Finishing Validator.ValidateExportModel - the model contains 41 nodes and 3 errors reported.";;;;"2022-03-07T09:55:36.0008388Z";;
"UAModelDesignExport";Warning;39445735;;"Trace: Warning, Error Focus: NonCategorized, Identifier: P0-0002010000 Description: General processing error see trace for details. Error caught while processing the node . The message: Nesne başvurusu bir nesnenin örneğine ayarlanmadı. at    konum: UAOOI.SemanticData.UAModelDesignExport.NodeFactoryBase.UpdateNode(NodeDesign nodeDesign, List`1 path, Action`2 createInstanceType) C:\VS.git\github.mpostol\OPC-UA-OOI\SemanticData\UAModelDesignExport\NodeFactoryBase.cs içinde: satır 136
   konum: UAOOI.SemanticData.UAModelDesignExport.TypeFactoryBase.Update(TypeDesign nodeDesign, List`1 path, Action`2 createInstanceType) C:\VS.git\github.mpostol\OPC-UA-OOI\SemanticData\UAModelDesignExport\TypeFactoryBase.cs içinde: satır 65
   konum: UAOOI.SemanticData.UAModelDesignExport.ObjectTypeFactoryBase.Export(List`1 path, Action`2 createInstanceType) C:\VS.git\github.mpostol\OPC-UA-OOI\SemanticData\UAModelDesignExport\ObjectTypeFactoryBase.cs içinde: satır 36
   konum: UAOOI.SemanticData.UAModelDesignExport.NodesContainer.ExportNodes(List`1 members, List`1 path, Action`2 createInstanceType) C:\VS.git\github.mpostol\OPC-UA-OOI\SemanticData\UAModelDesignExport\NodesContainer.cs içinde: satır 78.";;;;"2022-03-07T09:55:36.0207073Z";;
"UAModelDesignExport";Warning;39445735;;"Trace: Warning, Error Focus: NonCategorized, Identifier: P0-0002010000 Description: General processing error see trace for details. Error caught while processing the node . The message: Nesne başvurusu bir nesnenin örneğine ayarlanmadı. at    konum: UAOOI.SemanticData.UAModelDesignExport.NodeFactoryBase.UpdateNode(NodeDesign nodeDesign, List`1 path, Action`2 createInstanceType) C:\VS.git\github.mpostol\OPC-UA-OOI\SemanticData\UAModelDesignExport\NodeFactoryBase.cs içinde: satır 136
   konum: UAOOI.SemanticData.UAModelDesignExport.TypeFactoryBase.Update(TypeDesign nodeDesign, List`1 path, Action`2 createInstanceType) C:\VS.git\github.mpostol\OPC-UA-OOI\SemanticData\UAModelDesignExport\TypeFactoryBase.cs içinde: satır 65
   konum: UAOOI.SemanticData.UAModelDesignExport.ObjectTypeFactoryBase.Export(List`1 path, Action`2 createInstanceType) C:\VS.git\github.mpostol\OPC-UA-OOI\SemanticData\UAModelDesignExport\ObjectTypeFactoryBase.cs içinde: satır 36
   konum: UAOOI.SemanticData.UAModelDesignExport.NodesContainer.ExportNodes(List`1 members, List`1 path, Action`2 createInstanceType) C:\VS.git\github.mpostol\OPC-UA-OOI\SemanticData\UAModelDesignExport\NodesContainer.cs içinde: satır 78.";;;;"2022-03-07T09:55:36.0248242Z";;
"UAModelDesignExport";Warning;39445735;;"Trace: Warning, Error Focus: NonCategorized, Identifier: P0-0002010000 Description: General processing error see trace for details. Error caught while processing the node . The message: Nesne başvurusu bir nesnenin örneğine ayarlanmadı. at    konum: UAOOI.SemanticData.UAModelDesignExport.NodeFactoryBase.UpdateNode(NodeDesign nodeDesign, List`1 path, Action`2 createInstanceType) C:\VS.git\github.mpostol\OPC-UA-OOI\SemanticData\UAModelDesignExport\NodeFactoryBase.cs içinde: satır 136
   konum: UAOOI.SemanticData.UAModelDesignExport.TypeFactoryBase.Update(TypeDesign nodeDesign, List`1 path, Action`2 createInstanceType) C:\VS.git\github.mpostol\OPC-UA-OOI\SemanticData\UAModelDesignExport\TypeFactoryBase.cs içinde: satır 65
   konum: UAOOI.SemanticData.UAModelDesignExport.ObjectTypeFactoryBase.Export(List`1 path, Action`2 createInstanceType) C:\VS.git\github.mpostol\OPC-UA-OOI\SemanticData\UAModelDesignExport\ObjectTypeFactoryBase.cs içinde: satır 36
   konum: UAOOI.SemanticData.UAModelDesignExport.NodesContainer.ExportNodes(List`1 members, List`1 path, Action`2 createInstanceType) C:\VS.git\github.mpostol\OPC-UA-OOI\SemanticData\UAModelDesignExport\NodesContainer.cs içinde: satır 78.";;;;"2022-03-07T09:55:36.0290505Z";;
"UAModelDesignExport";Information;279330276;;"The ModelDesign XML has been saved to file Opc.Ua.Adi.Model.xml and decorated with the stylesheet XMLstylesheet";;;;"2022-03-07T09:55:36.1808809Z";;
