"AddressSpacePrototyping";Information;1637887218;;"Address Space Prototyping (asp.exe) Version 6.4.6.40504";;;;"2022-03-07T09:54:50.1173761Z";;
"AddressSpacePrototyping";Information;1637887219;;"Copyright(c) 2021 Mariusz Postol";;;;"2022-03-07T09:54:50.1183765Z";;
"AddressSpacePrototyping";Verbose;6710129;;"Creating Address Space populated using Standard Model. It will take a while ...";;;;"2022-03-07T09:54:50.2255492Z";;
"UANodeSetValidation";Verbose;43988162;;"Trace: Verbose, Error Focus: Diagnostic, Identifier: P0-0003010000 Description: It is diagnostic information Entering AddressSpaceContext creator - starting creation the OPC UA Address Space.";;;;"2022-03-07T09:54:50.2357493Z";;
"UANodeSetValidation";Verbose;43988162;;"Trace: Verbose, Error Focus: Diagnostic, Identifier: P0-0003010000 Description: It is diagnostic information Address Space - the OPC UA defined has been uploaded.";;;;"2022-03-07T09:54:50.5673109Z";;
"UANodeSetValidation";Verbose;43988162;;"Trace: Verbose, Error Focus: Diagnostic, Identifier: P0-0003010000 Description: It is diagnostic information Finished import UANodeSet for http://opcfoundation.org/UA/; Imported 3909 nodes.";;;;"2022-03-07T09:55:15.2483609Z";;
"UANodeSetValidation";Verbose;43988162;;"Trace: Verbose, Error Focus: Diagnostic, Identifier: P0-0003010000 Description: It is diagnostic information Address Space - has bee created successfully.";;;;"2022-03-07T09:55:15.2483609Z";;
"AddressSpacePrototyping";Verbose;1637887216;;"Importing UANodeSet document from file C:\Users\merta\Desktop\UA-NODE\UA-Nodeset\DI\Opc.Ua.Di.NodeSet2.xml";;;;"2022-03-07T09:55:15.2585370Z";;
"UANodeSetValidation";Information;190380256;;"Entering ImportNodeSet and starting model import form file Opc.Ua.Di.NodeSet2.xml";;;;"2022-03-07T09:55:15.2585370Z";;
"UANodeSetValidation";Verbose;43988162;;"Trace: Verbose, Error Focus: Diagnostic, Identifier: P0-0003010000 Description: It is diagnostic information Finished import UANodeSet for http://opcfoundation.org/UA/DI/; Imported 373 nodes.";;;;"2022-03-07T09:55:20.8873869Z";;
"AddressSpacePrototyping";Verbose;1637887216;;"Importing UANodeSet document from file C:\Users\merta\Desktop\UA-NODE\UA-Nodeset\ADI\Opc.Ua.Adi.NodeSet2.xml";;;;"2022-03-07T09:55:20.8873869Z";;
"UANodeSetValidation";Information;190380256;;"Entering ImportNodeSet and starting model import form file Opc.Ua.Adi.NodeSet2.xml";;;;"2022-03-07T09:55:20.8873869Z";;
"UANodeSetValidation";Verbose;43988162;;"Trace: Verbose, Error Focus: Diagnostic, Identifier: P0-0003010000 Description: It is diagnostic information Finished import UANodeSet for http://opcfoundation.org/UA/ADI/; Imported 685 nodes.";;;;"2022-03-07T09:55:35.4344340Z";;
"AddressSpacePrototyping";Verbose;1637887217;;"Validating and exporting a model from namespace http://opcfoundation.org/UA/ADI/";;;;"2022-03-07T09:55:35.4344340Z";;
"UANodeSetValidation";Information;856488909;;"Entering IAddressSpaceContext.ValidateAndExportModel - starting for the http://opcfoundation.org/UA/ADI/ namespace.";;;;"2022-03-07T09:55:35.4517224Z";;
"UANodeSetValidation";Verbose;938023414;;"Selected 41 types to be validated.";;;;"2022-03-07T09:55:35.4606430Z";;
"UANodeSetValidation";Verbose;863907859;;"Selected 0 instances referenced by the ObjectsFolder to be validated.";;;;"2022-03-07T09:55:35.4626380Z";;
"UANodeSetValidation";Warning;43988162;;"Trace: Warning, Error Focus: NonCategorized, Identifier: P0-0002010000 Description: General processing error see trace for details. Error caught while processing the node ns=1;i=1001. The message: Belirtilen bağımsız değişken geçerli değerler aralığında değildi.
Parametre adı: the HierarchicalReferences is not handled at    konum: UAOOI.SemanticData.UANodeSetValidation.UANodeContext.UAOOI.SemanticData.UANodeSetValidation.IUANodeBase.CalculateNodeReferences(INodeFactory nodeFactory, IValidator validator) C:\VS.git\github.mpostol\OPC-UA-OOI\SemanticData\UANodeSetValidation\UANodeContext.cs içinde: satır 194
   konum: UAOOI.SemanticData.UANodeSetValidation.Validator.CreateNode[FactoryType,NodeSetType](Func`1 createNode, IUANodeBase nodeContext, Action`2 updateNode, Action`3 updateBase) C:\VS.git\github.mpostol\OPC-UA-OOI\SemanticData\UANodeSetValidation\Validator.cs içinde: satır 254
   konum: UAOOI.SemanticData.UANodeSetValidation.Validator.ValidateExportNode(IUANodeBase nodeContext, INodeContainer exportFactory, UAReferenceContext parentReference) C:\VS.git\github.mpostol\OPC-UA-OOI\SemanticData\UANodeSetValidation\Validator.cs içinde: satır 81
   konum: UAOOI.SemanticData.UANodeSetValidation.UANodeContext.UAOOI.SemanticData.UANodeSetValidation.IUANodeBase.CalculateNodeReferences(INodeFactory nodeFactory, IValidator validator) C:\VS.git\github.mpostol\OPC-UA-OOI\SemanticData\UANodeSetValidation\UANodeContext.cs içinde: satır 213
   konum: UAOOI.SemanticData.UANodeSetValidation.Validator.CreateNode[FactoryType,NodeSetType](Func`1 createNode, IUANodeBase nodeContext, Action`2 updateNode, Action`3 updateBase) C:\VS.git\github.mpostol\OPC-UA-OOI\SemanticData\UANodeSetValidation\Validator.cs içinde: satır 254
   konum: UAOOI.SemanticData.UANodeSetValidation.Validator.ValidateExportNode(IUANodeBase nodeContext, INodeContainer exportFactory, UAReferenceContext parentReference) C:\VS.git\github.mpostol\OPC-UA-OOI\SemanticData\UANodeSetValidation\Validator.cs içinde: satır 85
   konum: UAOOI.SemanticData.UANodeSetValidation.Validator.ValidateExportNode(IUANodeBase nodeContext, INodeContainer exportFactory) C:\VS.git\github.mpostol\OPC-UA-OOI\SemanticData\UANodeSetValidation\Validator.cs içinde: satır 43
   konum: UAOOI.SemanticData.UANodeSetValidation.AddressSpaceContext.ValidateAndExportModel(Int32 nameSpaceIndex) C:\VS.git\github.mpostol\OPC-UA-OOI\SemanticData\UANodeSetValidation\AddressSpaceContext.cs içinde: satır 339.";;;;"2022-03-07T09:55:35.6451566Z";;
"UANodeSetValidation";Verbose;43988162;;"Trace: Verbose, Error Focus: Diagnostic, Identifier: P0-0003010000 Description: It is diagnostic information Documentation is not supported. You must fix it manually.";;;;"2022-03-07T09:55:35.6715441Z";;
"UANodeSetValidation";Warning;43988162;;"Trace: Warning, Error Focus: NonCategorized, Identifier: P0-0002010000 Description: General processing error see trace for details. Error caught while processing the node ns=1;i=1003. The message: Belirtilen bağımsız değişken geçerli değerler aralığında değildi.
Parametre adı: the HierarchicalReferences is not handled at    konum: UAOOI.SemanticData.UANodeSetValidation.UANodeContext.UAOOI.SemanticData.UANodeSetValidation.IUANodeBase.CalculateNodeReferences(INodeFactory nodeFactory, IValidator validator) C:\VS.git\github.mpostol\OPC-UA-OOI\SemanticData\UANodeSetValidation\UANodeContext.cs içinde: satır 194
   konum: UAOOI.SemanticData.UANodeSetValidation.Validator.CreateNode[FactoryType,NodeSetType](Func`1 createNode, IUANodeBase nodeContext, Action`2 updateNode, Action`3 updateBase) C:\VS.git\github.mpostol\OPC-UA-OOI\SemanticData\UANodeSetValidation\Validator.cs içinde: satır 254
   konum: UAOOI.SemanticData.UANodeSetValidation.Validator.ValidateExportNode(IUANodeBase nodeContext, INodeContainer exportFactory, UAReferenceContext parentReference) C:\VS.git\github.mpostol\OPC-UA-OOI\SemanticData\UANodeSetValidation\Validator.cs içinde: satır 81
   konum: UAOOI.SemanticData.UANodeSetValidation.UANodeContext.UAOOI.SemanticData.UANodeSetValidation.IUANodeBase.CalculateNodeReferences(INodeFactory nodeFactory, IValidator validator) C:\VS.git\github.mpostol\OPC-UA-OOI\SemanticData\UANodeSetValidation\UANodeContext.cs içinde: satır 213
   konum: UAOOI.SemanticData.UANodeSetValidation.Validator.CreateNode[FactoryType,NodeSetType](Func`1 createNode, IUANodeBase nodeContext, Action`2 updateNode, Action`3 updateBase) C:\VS.git\github.mpostol\OPC-UA-OOI\SemanticData\UANodeSetValidation\Validator.cs içinde: satır 254
   konum: UAOOI.SemanticData.UANodeSetValidation.Validator.ValidateExportNode(IUANodeBase nodeContext, INodeContainer exportFactory, UAReferenceContext parentReference) C:\VS.git\github.mpostol\OPC-UA-OOI\SemanticData\UANodeSetValidation\Validator.cs içinde: satır 85
   konum: UAOOI.SemanticData.UANodeSetValidation.Validator.ValidateExportNode(IUANodeBase nodeContext, INodeContainer exportFactory) C:\VS.git\github.mpostol\OPC-UA-OOI\SemanticData\UANodeSetValidation\Validator.cs içinde: satır 43
   konum: UAOOI.SemanticData.UANodeSetValidation.AddressSpaceContext.ValidateAndExportModel(Int32 nameSpaceIndex) C:\VS.git\github.mpostol\OPC-UA-OOI\SemanticData\UANodeSetValidation\AddressSpaceContext.cs içinde: satır 339.";;;;"2022-03-07T09:55:35.6794908Z";;
"UANodeSetValidation";Verbose;43988162;;"Trace: Verbose, Error Focus: Diagnostic, Identifier: P0-0003010000 Description: It is diagnostic information Documentation is not supported. You must fix it manually.";;;;"2022-03-07T09:55:35.7054220Z";;
"UANodeSetValidation";Verbose;43988162;;"Trace: Verbose, Error Focus: Diagnostic, Identifier: P0-0003010000 Description: It is diagnostic information Documentation is not supported. You must fix it manually.";;;;"2022-03-07T09:55:35.8282947Z";;
"UANodeSetValidation";Verbose;43988162;;"Trace: Verbose, Error Focus: Diagnostic, Identifier: P0-0003010000 Description: It is diagnostic information Documentation is not supported. You must fix it manually.";;;;"2022-03-07T09:55:35.8931211Z";;
"UANodeSetValidation";Verbose;43988162;;"Trace: Verbose, Error Focus: Diagnostic, Identifier: P0-0003010000 Description: It is diagnostic information Documentation is not supported. You must fix it manually.";;;;"2022-03-07T09:55:35.8961128Z";;
"UANodeSetValidation";Verbose;43988162;;"Trace: Verbose, Error Focus: Diagnostic, Identifier: P0-0003010000 Description: It is diagnostic information Documentation is not supported. You must fix it manually.";;;;"2022-03-07T09:55:35.9140649Z";;
"UANodeSetValidation";Warning;43988162;;"Trace: Warning, Error Focus: NonCategorized, Identifier: P0-0002010000 Description: General processing error see trace for details. Error caught while processing the node ns=1;i=1010. The message: Belirtilen bağımsız değişken geçerli değerler aralığında değildi.
Parametre adı: the HierarchicalReferences is not handled at    konum: UAOOI.SemanticData.UANodeSetValidation.UANodeContext.UAOOI.SemanticData.UANodeSetValidation.IUANodeBase.CalculateNodeReferences(INodeFactory nodeFactory, IValidator validator) C:\VS.git\github.mpostol\OPC-UA-OOI\SemanticData\UANodeSetValidation\UANodeContext.cs içinde: satır 194
   konum: UAOOI.SemanticData.UANodeSetValidation.Validator.CreateNode[FactoryType,NodeSetType](Func`1 createNode, IUANodeBase nodeContext, Action`2 updateNode, Action`3 updateBase) C:\VS.git\github.mpostol\OPC-UA-OOI\SemanticData\UANodeSetValidation\Validator.cs içinde: satır 254
   konum: UAOOI.SemanticData.UANodeSetValidation.Validator.ValidateExportNode(IUANodeBase nodeContext, INodeContainer exportFactory, UAReferenceContext parentReference) C:\VS.git\github.mpostol\OPC-UA-OOI\SemanticData\UANodeSetValidation\Validator.cs içinde: satır 81
   konum: UAOOI.SemanticData.UANodeSetValidation.UANodeContext.UAOOI.SemanticData.UANodeSetValidation.IUANodeBase.CalculateNodeReferences(INodeFactory nodeFactory, IValidator validator) C:\VS.git\github.mpostol\OPC-UA-OOI\SemanticData\UANodeSetValidation\UANodeContext.cs içinde: satır 213
   konum: UAOOI.SemanticData.UANodeSetValidation.Validator.CreateNode[FactoryType,NodeSetType](Func`1 createNode, IUANodeBase nodeContext, Action`2 updateNode, Action`3 updateBase) C:\VS.git\github.mpostol\OPC-UA-OOI\SemanticData\UANodeSetValidation\Validator.cs içinde: satır 254
   konum: UAOOI.SemanticData.UANodeSetValidation.Validator.ValidateExportNode(IUANodeBase nodeContext, INodeContainer exportFactory, UAReferenceContext parentReference) C:\VS.git\github.mpostol\OPC-UA-OOI\SemanticData\UANodeSetValidation\Validator.cs içinde: satır 85
   konum: UAOOI.SemanticData.UANodeSetValidation.Validator.ValidateExportNode(IUANodeBase nodeContext, INodeContainer exportFactory) C:\VS.git\github.mpostol\OPC-UA-OOI\SemanticData\UANodeSetValidation\Validator.cs içinde: satır 43
   konum: UAOOI.SemanticData.UANodeSetValidation.AddressSpaceContext.ValidateAndExportModel(Int32 nameSpaceIndex) C:\VS.git\github.mpostol\OPC-UA-OOI\SemanticData\UANodeSetValidation\AddressSpaceContext.cs içinde: satır 339.";;;;"2022-03-07T09:55:35.9360067Z";;
"UANodeSetValidation";Verbose;43988162;;"Trace: Verbose, Error Focus: Diagnostic, Identifier: P0-0003010000 Description: It is diagnostic information Documentation is not supported. You must fix it manually.";;;;"2022-03-07T09:55:35.9409581Z";;
"UANodeSetValidation";Verbose;43988162;;"Trace: Verbose, Error Focus: Diagnostic, Identifier: P0-0003010000 Description: It is diagnostic information Documentation is not supported. You must fix it manually.";;;;"2022-03-07T09:55:35.9419902Z";;
"UANodeSetValidation";Verbose;43988162;;"Trace: Verbose, Error Focus: Diagnostic, Identifier: P0-0003010000 Description: It is diagnostic information Documentation is not supported. You must fix it manually.";;;;"2022-03-07T09:55:35.9419902Z";;
"UANodeSetValidation";Verbose;43988162;;"Trace: Verbose, Error Focus: Diagnostic, Identifier: P0-0003010000 Description: It is diagnostic information Documentation is not supported. You must fix it manually.";;;;"2022-03-07T09:55:35.9658886Z";;
"UANodeSetValidation";Verbose;43988162;;"Trace: Verbose, Error Focus: Diagnostic, Identifier: P0-0003010000 Description: It is diagnostic information Documentation is not supported. You must fix it manually.";;;;"2022-03-07T09:55:35.9668864Z";;
"UANodeSetValidation";Verbose;43988162;;"Trace: Verbose, Error Focus: Diagnostic, Identifier: P0-0003010000 Description: It is diagnostic information Documentation is not supported. You must fix it manually.";;;;"2022-03-07T09:55:35.9698795Z";;
"UANodeSetValidation";Verbose;43988162;;"Trace: Verbose, Error Focus: Diagnostic, Identifier: P0-0003010000 Description: It is diagnostic information Documentation is not supported. You must fix it manually.";;;;"2022-03-07T09:55:35.9709087Z";;
"UANodeSetValidation";Verbose;43988162;;"Trace: Verbose, Error Focus: Diagnostic, Identifier: P0-0003010000 Description: It is diagnostic information Documentation is not supported. You must fix it manually.";;;;"2022-03-07T09:55:35.9719095Z";;
"UANodeSetValidation";Verbose;43988162;;"Trace: Verbose, Error Focus: Diagnostic, Identifier: P0-0003010000 Description: It is diagnostic information Documentation is not supported. You must fix it manually.";;;;"2022-03-07T09:55:35.9729176Z";;
"UANodeSetValidation";Verbose;43988162;;"Trace: Verbose, Error Focus: Diagnostic, Identifier: P0-0003010000 Description: It is diagnostic information Documentation is not supported. You must fix it manually.";;;;"2022-03-07T09:55:35.9758948Z";;
"UANodeSetValidation";Verbose;43988162;;"Trace: Verbose, Error Focus: Diagnostic, Identifier: P0-0003010000 Description: It is diagnostic information Documentation is not supported. You must fix it manually.";;;;"2022-03-07T09:55:35.9768904Z";;
"UANodeSetValidation";Verbose;43988162;;"Trace: Verbose, Error Focus: Diagnostic, Identifier: P0-0003010000 Description: It is diagnostic information Documentation is not supported. You must fix it manually.";;;;"2022-03-07T09:55:35.9778901Z";;
"UANodeSetValidation";Verbose;43988162;;"Trace: Verbose, Error Focus: Diagnostic, Identifier: P0-0003010000 Description: It is diagnostic information Documentation is not supported. You must fix it manually.";;;;"2022-03-07T09:55:35.9778901Z";;
"UANodeSetValidation";Verbose;43988162;;"Trace: Verbose, Error Focus: Diagnostic, Identifier: P0-0003010000 Description: It is diagnostic information Documentation is not supported. You must fix it manually.";;;;"2022-03-07T09:55:35.9799047Z";;
"UANodeSetValidation";Verbose;43988162;;"Trace: Verbose, Error Focus: Diagnostic, Identifier: P0-0003010000 Description: It is diagnostic information Documentation is not supported. You must fix it manually.";;;;"2022-03-07T09:55:35.9828817Z";;
"UANodeSetValidation";Verbose;43988162;;"Trace: Verbose, Error Focus: Diagnostic, Identifier: P0-0003010000 Description: It is diagnostic information Documentation is not supported. You must fix it manually.";;;;"2022-03-07T09:55:35.9858372Z";;
"UANodeSetValidation";Verbose;43988162;;"Trace: Verbose, Error Focus: Diagnostic, Identifier: P0-0003010000 Description: It is diagnostic information Documentation is not supported. You must fix it manually.";;;;"2022-03-07T09:55:35.9888600Z";;
"UANodeSetValidation";Verbose;43988162;;"Trace: Verbose, Error Focus: Diagnostic, Identifier: P0-0003010000 Description: It is diagnostic information Documentation is not supported. You must fix it manually.";;;;"2022-03-07T09:55:35.9898610Z";;
"UANodeSetValidation";Verbose;43988162;;"Trace: Verbose, Error Focus: Diagnostic, Identifier: P0-0003010000 Description: It is diagnostic information Documentation is not supported. You must fix it manually.";;;;"2022-03-07T09:55:35.9928474Z";;
"UANodeSetValidation";Verbose;43988162;;"Trace: Verbose, Error Focus: Diagnostic, Identifier: P0-0003010000 Description: It is diagnostic information Documentation is not supported. You must fix it manually.";;;;"2022-03-07T09:55:35.9938469Z";;
"UANodeSetValidation";Verbose;43988162;;"Trace: Verbose, Error Focus: Diagnostic, Identifier: P0-0003010000 Description: It is diagnostic information Documentation is not supported. You must fix it manually.";;;;"2022-03-07T09:55:35.9948446Z";;
"UANodeSetValidation";Verbose;43988162;;"Trace: Verbose, Error Focus: Diagnostic, Identifier: P0-0003010000 Description: It is diagnostic information Documentation is not supported. You must fix it manually.";;;;"2022-03-07T09:55:35.9968387Z";;
"UANodeSetValidation";Verbose;43988162;;"Trace: Verbose, Error Focus: Diagnostic, Identifier: P0-0003010000 Description: It is diagnostic information Documentation is not supported. You must fix it manually.";;;;"2022-03-07T09:55:35.9998777Z";;
"UANodeSetValidation";Verbose;43988162;;"Trace: Verbose, Error Focus: Diagnostic, Identifier: P0-0003010000 Description: It is diagnostic information Documentation is not supported. You must fix it manually.";;;;"2022-03-07T09:55:36.0008388Z";;
"UANodeSetValidation";Warning;226242104;;"Finishing Validator.ValidateExportModel - the model contains 41 nodes and 3 errors reported.";;;;"2022-03-07T09:55:36.0008388Z";;
"AddressSpacePrototyping";Verbose;1637887217;;"Writing model to XML file Opc.Ua.Adi.Model.xml";;;;"2022-03-07T09:55:36.0017948Z";;
"UAModelDesignExport";Warning;39445735;;"Trace: Warning, Error Focus: NonCategorized, Identifier: P0-0002010000 Description: General processing error see trace for details. Error caught while processing the node . The message: Nesne başvurusu bir nesnenin örneğine ayarlanmadı. at    konum: UAOOI.SemanticData.UAModelDesignExport.NodeFactoryBase.UpdateNode(NodeDesign nodeDesign, List`1 path, Action`2 createInstanceType) C:\VS.git\github.mpostol\OPC-UA-OOI\SemanticData\UAModelDesignExport\NodeFactoryBase.cs içinde: satır 136
   konum: UAOOI.SemanticData.UAModelDesignExport.TypeFactoryBase.Update(TypeDesign nodeDesign, List`1 path, Action`2 createInstanceType) C:\VS.git\github.mpostol\OPC-UA-OOI\SemanticData\UAModelDesignExport\TypeFactoryBase.cs içinde: satır 65
   konum: UAOOI.SemanticData.UAModelDesignExport.ObjectTypeFactoryBase.Export(List`1 path, Action`2 createInstanceType) C:\VS.git\github.mpostol\OPC-UA-OOI\SemanticData\UAModelDesignExport\ObjectTypeFactoryBase.cs içinde: satır 36
   konum: UAOOI.SemanticData.UAModelDesignExport.NodesContainer.ExportNodes(List`1 members, List`1 path, Action`2 createInstanceType) C:\VS.git\github.mpostol\OPC-UA-OOI\SemanticData\UAModelDesignExport\NodesContainer.cs içinde: satır 78.";;;;"2022-03-07T09:55:36.0207073Z";;
"UAModelDesignExport";Warning;39445735;;"Trace: Warning, Error Focus: NonCategorized, Identifier: P0-0002010000 Description: General processing error see trace for details. Error caught while processing the node . The message: Nesne başvurusu bir nesnenin örneğine ayarlanmadı. at    konum: UAOOI.SemanticData.UAModelDesignExport.NodeFactoryBase.UpdateNode(NodeDesign nodeDesign, List`1 path, Action`2 createInstanceType) C:\VS.git\github.mpostol\OPC-UA-OOI\SemanticData\UAModelDesignExport\NodeFactoryBase.cs içinde: satır 136
   konum: UAOOI.SemanticData.UAModelDesignExport.TypeFactoryBase.Update(TypeDesign nodeDesign, List`1 path, Action`2 createInstanceType) C:\VS.git\github.mpostol\OPC-UA-OOI\SemanticData\UAModelDesignExport\TypeFactoryBase.cs içinde: satır 65
   konum: UAOOI.SemanticData.UAModelDesignExport.ObjectTypeFactoryBase.Export(List`1 path, Action`2 createInstanceType) C:\VS.git\github.mpostol\OPC-UA-OOI\SemanticData\UAModelDesignExport\ObjectTypeFactoryBase.cs içinde: satır 36
   konum: UAOOI.SemanticData.UAModelDesignExport.NodesContainer.ExportNodes(List`1 members, List`1 path, Action`2 createInstanceType) C:\VS.git\github.mpostol\OPC-UA-OOI\SemanticData\UAModelDesignExport\NodesContainer.cs içinde: satır 78.";;;;"2022-03-07T09:55:36.0248242Z";;
"UAModelDesignExport";Warning;39445735;;"Trace: Warning, Error Focus: NonCategorized, Identifier: P0-0002010000 Description: General processing error see trace for details. Error caught while processing the node . The message: Nesne başvurusu bir nesnenin örneğine ayarlanmadı. at    konum: UAOOI.SemanticData.UAModelDesignExport.NodeFactoryBase.UpdateNode(NodeDesign nodeDesign, List`1 path, Action`2 createInstanceType) C:\VS.git\github.mpostol\OPC-UA-OOI\SemanticData\UAModelDesignExport\NodeFactoryBase.cs içinde: satır 136
   konum: UAOOI.SemanticData.UAModelDesignExport.TypeFactoryBase.Update(TypeDesign nodeDesign, List`1 path, Action`2 createInstanceType) C:\VS.git\github.mpostol\OPC-UA-OOI\SemanticData\UAModelDesignExport\TypeFactoryBase.cs içinde: satır 65
   konum: UAOOI.SemanticData.UAModelDesignExport.ObjectTypeFactoryBase.Export(List`1 path, Action`2 createInstanceType) C:\VS.git\github.mpostol\OPC-UA-OOI\SemanticData\UAModelDesignExport\ObjectTypeFactoryBase.cs içinde: satır 36
   konum: UAOOI.SemanticData.UAModelDesignExport.NodesContainer.ExportNodes(List`1 members, List`1 path, Action`2 createInstanceType) C:\VS.git\github.mpostol\OPC-UA-OOI\SemanticData\UAModelDesignExport\NodesContainer.cs içinde: satır 78.";;;;"2022-03-07T09:55:36.0290505Z";;
"UAModelDesignExport";Information;279330276;;"The ModelDesign XML has been saved to file Opc.Ua.Adi.Model.xml and decorated with the stylesheet XMLstylesheet";;;;"2022-03-07T09:55:36.1808809Z";;
"AddressSpacePrototyping";Verbose;918215642;;"Execution time = 46s";;;;"2022-03-07T09:55:36.4093437Z";;
