"AddressSpacePrototyping";Information;1637887218;;"Address Space Prototyping (asp.exe) Version 6.5.0.40483";;;;"2022-04-12T19:42:51.9830827Z";;
"AddressSpacePrototyping";Information;1637887219;;"Copyright(c) 2022 Mariusz Postol";;;;"2022-04-12T19:42:51.9840807Z";;
"AddressSpacePrototyping";Verbose;6710129;;"Creating Address Space populated using Standard Model. It will take a while ...";;;;"2022-04-12T19:42:52.0917936Z";;
"UANodeSetValidation";Verbose;43988162;;"Trace: Verbose, Error Focus: Diagnostic, Identifier: P0-0003010000 Description: It is diagnostic information Entering AddressSpaceContext creator - starting creation the OPC UA Address Space.";;;;"2022-04-12T19:42:52.0987758Z";;
"UANodeSetValidation";Verbose;43988162;;"Trace: Verbose, Error Focus: Diagnostic, Identifier: P0-0003010000 Description: It is diagnostic information Address Space - the OPC UA defined has been uploaded.";;;;"2022-04-12T19:42:52.2942524Z";;
"UANodeSetValidation";Verbose;43988162;;"Trace: Verbose, Error Focus: Diagnostic, Identifier: P0-0003010000 Description: It is diagnostic information Finished import UANodeSet for http://opcfoundation.org/UA/; Imported 3909 nodes.";;;;"2022-04-12T19:43:17.3198743Z";;
"UANodeSetValidation";Verbose;43988162;;"Trace: Verbose, Error Focus: Diagnostic, Identifier: P0-0003010000 Description: It is diagnostic information Address Space - has bee created successfully.";;;;"2022-04-12T19:43:17.3198743Z";;
"AddressSpacePrototyping";Verbose;1637887216;;"Importing UANodeSet document from file C:\Users\merta\Desktop\UA-MAİN\UA-Nodeset\PlasticsRubber\GeneralTypes\1.03\Opc.Ua.PlasticsRubber.GeneralTypes.NodeSet2.xml";;;;"2022-04-12T19:43:17.3238598Z";;
"UANodeSetValidation";Information;190380256;;"Entering ImportNodeSet and starting model import form file Opc.Ua.PlasticsRubber.GeneralTypes.NodeSet2.xml";;;;"2022-04-12T19:43:17.3238598Z";;
"UANodeSetValidation";Warning;43988162;;"Trace: Warning, Error Focus: Diagnostic, Identifier: P0-0001010000 Description: The XML attribute or element is not supported and neglected. Extensions are omitted during the import";;;;"2022-04-12T19:43:17.3387886Z";;
"UANodeSetValidation";Verbose;43988162;;"Trace: Verbose, Error Focus: Diagnostic, Identifier: P0-0003010000 Description: It is diagnostic information Finished import UANodeSet for http://opcfoundation.org/UA/PlasticsRubber/GeneralTypes/; Imported 961 nodes.";;;;"2022-04-12T19:43:33.7752974Z";;
"AddressSpacePrototyping";Verbose;1637887216;;"Importing UANodeSet document from file C:\Users\merta\Desktop\UA-MAİN\UA-Nodeset\PlasticsRubber\Extrusion\GeneralTypes\1.01\Opc.Ua.PlasticsRubber.Extrusion.GeneralTypes.NodeSet2.xml";;;;"2022-04-12T19:43:33.7752974Z";;
"UANodeSetValidation";Information;190380256;;"Entering ImportNodeSet and starting model import form file Opc.Ua.PlasticsRubber.Extrusion.GeneralTypes.NodeSet2.xml";;;;"2022-04-12T19:43:33.7752974Z";;
"UANodeSetValidation";Warning;43988162;;"Trace: Warning, Error Focus: Diagnostic, Identifier: P0-0001010000 Description: The XML attribute or element is not supported and neglected. Extensions are omitted during the import";;;;"2022-04-12T19:43:33.7902606Z";;
"UANodeSetValidation";Verbose;43988162;;"Trace: Verbose, Error Focus: Diagnostic, Identifier: P0-0003010000 Description: It is diagnostic information Finished import UANodeSet for http://opcfoundation.org/UA/PlasticsRubber/Extrusion/GeneralTypes/; Imported 1130 nodes.";;;;"2022-04-12T19:44:00.4469424Z";;
"AddressSpacePrototyping";Verbose;1637887216;;"Importing UANodeSet document from file C:\Users\merta\Desktop\UA-MAİN\UA-Nodeset\PlasticsRubber\Extrusion\HaulOff\1.00\Opc.Ua.PlasticsRubber.Extrusion.HaulOff.NodeSet2.xml";;;;"2022-04-12T19:44:00.4479402Z";;
"UANodeSetValidation";Information;190380256;;"Entering ImportNodeSet and starting model import form file Opc.Ua.PlasticsRubber.Extrusion.HaulOff.NodeSet2.xml";;;;"2022-04-12T19:44:00.4479402Z";;
"UANodeSetValidation";Warning;43988162;;"Trace: Warning, Error Focus: Diagnostic, Identifier: P0-0001010000 Description: The XML attribute or element is not supported and neglected. Extensions are omitted during the import";;;;"2022-04-12T19:44:00.4489376Z";;
"UANodeSetValidation";Verbose;43988162;;"Trace: Verbose, Error Focus: Diagnostic, Identifier: P0-0003010000 Description: It is diagnostic information Finished import UANodeSet for http://opcfoundation.org/UA/PlasticsRubber/Extrusion/HaulOff/; Imported 73 nodes.";;;;"2022-04-12T19:44:02.3293302Z";;
"AddressSpacePrototyping";Verbose;1637887217;;"Validating and exporting a model from namespace http://opcfoundation.org/UA/PlasticsRubber/Extrusion/HaulOff/";;;;"2022-04-12T19:44:02.3293302Z";;
"UANodeSetValidation";Information;856488909;;"Entering IAddressSpaceContext.ValidateAndExportModel - starting for the http://opcfoundation.org/UA/PlasticsRubber/Extrusion/HaulOff/ namespace.";;;;"2022-04-12T19:44:02.3303266Z";;
"UANodeSetValidation";Warning;43988162;;"Trace: Warning, Error Focus: XML, Identifier: P6-0F02000000 Description: The required model is missing. I cannot find definition of the required model http://opcfoundation.org/UA/DI/";;;;"2022-04-12T19:44:02.3313226Z";;
"UANodeSetValidation";Verbose;938023414;;"Selected 1 types to be validated.";;;;"2022-04-12T19:44:02.3392663Z";;
"UANodeSetValidation";Verbose;863907859;;"Selected 0 instances referenced by the ObjectsFolder to be validated.";;;;"2022-04-12T19:44:02.3402624Z";;
"UANodeSetValidation";Warning;226242104;;"Finishing Validator.ValidateExportModel - the model contains 1 nodes and 1 errors reported.";;;;"2022-04-12T19:44:02.3944279Z";;
"AddressSpacePrototyping";Verbose;1637887217;;"Writing model to XML file Opc.Ua.PlasticsRubber.Extrusion.HaulOff.Model.xml";;;;"2022-04-12T19:44:02.3944279Z";;
"UAModelDesignExport";Warning;39445735;;"Trace: Warning, Error Focus: Diagnostic, Identifier: P0-0001010000 Description: The XML attribute or element is not supported and neglected. The AccessLevel value 5 is not supported";;;;"2022-04-12T19:44:02.4024362Z";;
"UAModelDesignExport";Information;279330276;;"The ModelDesign XML has been saved to file Opc.Ua.PlasticsRubber.Extrusion.HaulOff.Model.xml and decorated with the stylesheet XMLstylesheet";;;;"2022-04-12T19:44:02.5141743Z";;
"AddressSpacePrototyping";Verbose;918215642;;"Execution time = 71s";;;;"2022-04-12T19:44:03.4779134Z";;
