"AddressSpacePrototyping";Information;1637887218;;"Address Space Prototyping (asp.exe) Version 6.3.2.23344";;;;"2021-06-08T11:14:42.0535996Z";;
"AddressSpacePrototyping";Information;1637887219;;"Copyright(c) 2021 Mariusz Postol";;;;"2021-06-08T11:14:42.0545979Z";;
"AddressSpacePrototyping";Verbose;6710129;;"Creating Address Space populated using Standard Model. It will take a while ...";;;;"2021-06-08T11:14:42.1368084Z";;
"UANodeSetValidation";Verbose;43988162;;"Trace: Verbose, Error Focus: Diagnostic, Identifier: P0-0003010000 Description: It is diagnostic information Entering AddressSpaceContext creator - starting creation the OPC UA Address Space.";;;;"2021-06-08T11:14:42.1449212Z";;
"UANodeSetValidation";Verbose;43988162;;"Trace: Verbose, Error Focus: Diagnostic, Identifier: P0-0003010000 Description: It is diagnostic information Address Space - the OPC UA defined has been uploaded.";;;;"2021-06-08T11:14:42.3064568Z";;
"UANodeSetValidation";Verbose;43988162;;"Trace: Verbose, Error Focus: Diagnostic, Identifier: P0-0003010000 Description: It is diagnostic information Finished import UANodeSet for http://opcfoundation.org/UA/; Imported 3909 nodes.";;;;"2021-06-08T11:15:32.5870231Z";;
"UANodeSetValidation";Verbose;43988162;;"Trace: Verbose, Error Focus: Diagnostic, Identifier: P0-0003010000 Description: It is diagnostic information Address Space - has bee created successfully.";;;;"2021-06-08T11:15:32.5870231Z";;
"AddressSpacePrototyping";Verbose;1637887216;;"Importing UANodeSet document from file C:\VS.git\UAOOI\OPCF\mpostol.UA-Nodeset\DI\Opc.Ua.Di.NodeSet2.xml";;;;"2021-06-08T11:15:32.5870231Z";;
"UANodeSetValidation";Information;190380256;;"Starting model import form file Opc.Ua.Di.NodeSet2.xml";;;;"2021-06-08T11:15:32.5870231Z";;
"UANodeSetValidation";Verbose;43988162;;"Trace: Verbose, Error Focus: Diagnostic, Identifier: P0-0003010000 Description: It is diagnostic information Finished import UANodeSet for http://opcfoundation.org/UA/DI/; Imported 373 nodes.";;;;"2021-06-08T11:15:44.3978162Z";;
"AddressSpacePrototyping";Verbose;1637887216;;"Importing UANodeSet document from file C:\VS.git\UAOOI\OPCF\mpostol.UA-Nodeset\Machinery\Opc.Ua.Machinery.NodeSet2.xml";;;;"2021-06-08T11:15:44.3978162Z";;
"UANodeSetValidation";Information;190380256;;"Starting model import form file Opc.Ua.Machinery.NodeSet2.xml";;;;"2021-06-08T11:15:44.3978162Z";;
"UANodeSetValidation";Warning;43988162;;"Trace: Warning, Error Focus: Diagnostic, Identifier: P0-0001010000 Description: The XML attribute or element is not supported and neglected. Extensions are omitted during the import";;;;"2021-06-08T11:15:44.3978162Z";;
"UANodeSetValidation";Verbose;43988162;;"Trace: Verbose, Error Focus: Diagnostic, Identifier: P0-0003010000 Description: It is diagnostic information Finished import UANodeSet for http://opcfoundation.org/UA/Machinery/; Imported 47 nodes.";;;;"2021-06-08T11:15:45.9185937Z";;
"AddressSpacePrototyping";Verbose;1637887217;;"Validating and exporting a model from namespace http://opcfoundation.org/UA/Machinery/";;;;"2021-06-08T11:15:45.9185937Z";;
"UANodeSetValidation";Information;856488909;;"Entering IAddressSpaceContext.ValidateAndExportModel - starting for the http://opcfoundation.org/UA/Machinery/ namespace.";;;;"2021-06-08T11:15:45.9195915Z";;
"UANodeSetValidation";Verbose;938023414;;"Selected 7 types to be validated.";;;;"2021-06-08T11:15:45.9255925Z";;
"UANodeSetValidation";Verbose;863907859;;"Selected 1 instances referenced by the ObjectsFolder to be validated.";;;;"2021-06-08T11:15:45.9269443Z";;
"UANodeSetValidation";Verbose;43988162;;"Trace: Verbose, Error Focus: Diagnostic, Identifier: P0-0003010000 Description: It is diagnostic information Documentation is not supported. You must fix it manually.";;;;"2021-06-08T11:15:45.9426844Z";;
"UANodeSetValidation";Verbose;43988162;;"Trace: Verbose, Error Focus: Diagnostic, Identifier: P0-0003010000 Description: It is diagnostic information Documentation is not supported. You must fix it manually.";;;;"2021-06-08T11:15:45.9448191Z";;
"UANodeSetValidation";Verbose;43988162;;"Trace: Verbose, Error Focus: Diagnostic, Identifier: P0-0003010000 Description: It is diagnostic information Documentation is not supported. You must fix it manually.";;;;"2021-06-08T11:15:45.9529653Z";;
"UANodeSetValidation";Verbose;43988162;;"Trace: Verbose, Error Focus: Diagnostic, Identifier: P0-0003010000 Description: It is diagnostic information Documentation is not supported. You must fix it manually.";;;;"2021-06-08T11:15:45.9551035Z";;
"UANodeSetValidation";Verbose;43988162;;"Trace: Verbose, Error Focus: Diagnostic, Identifier: P0-0003010000 Description: It is diagnostic information Documentation is not supported. You must fix it manually.";;;;"2021-06-08T11:15:45.9632025Z";;
"UANodeSetValidation";Verbose;43988162;;"Trace: Verbose, Error Focus: Diagnostic, Identifier: P0-0003010000 Description: It is diagnostic information Documentation is not supported. You must fix it manually.";;;;"2021-06-08T11:15:45.9653400Z";;
"UANodeSetValidation";Verbose;43988162;;"Trace: Verbose, Error Focus: Diagnostic, Identifier: P0-0003010000 Description: It is diagnostic information Documentation is not supported. You must fix it manually.";;;;"2021-06-08T11:15:45.9653400Z";;
"UANodeSetValidation";Verbose;43988162;;"Trace: Verbose, Error Focus: Diagnostic, Identifier: P0-0003010000 Description: It is diagnostic information Documentation is not supported. You must fix it manually.";;;;"2021-06-08T11:15:45.9653400Z";;
"UANodeSetValidation";Information;711552454;;"Finishing Validator.ValidateExportModel - the model contains 8 nodes and no errors/warnings reported";;;;"2021-06-08T11:15:45.9653400Z";;
"AddressSpacePrototyping";Verbose;1637887217;;"Writing model to XML file Opc.Ua.Machinery.Model.xml";;;;"2021-06-08T11:15:45.9653400Z";;
"UAModelDesignExport";Information;279330276;;"The ModelDesign XML has been saved to file Opc.Ua.Machinery.Model.xml and decorated with the stylesheet XMLstylesheet";;;;"2021-06-08T11:15:46.0734194Z";;
"AddressSpacePrototyping";Verbose;918215642;;"Execution time = 64s";;;;"2021-06-08T11:15:46.5933979Z";;
