"AddressSpacePrototyping";Information;1637887218;;"Address Space Prototyping (asp.exe) Version 6.5.0.40483";;;;"2022-05-10T15:42:59.4009433Z";;
"AddressSpacePrototyping";Information;1637887219;;"Copyright(c) 2022 Mariusz Postol";;;;"2022-05-10T15:42:59.4057818Z";;
"AddressSpacePrototyping";Verbose;6710129;;"Creating Address Space populated using Standard Model. It will take a while ...";;;;"2022-05-10T15:42:59.5361100Z";;
"UANodeSetValidation";Verbose;43988162;;"Trace: Verbose, Error Focus: Diagnostic, Identifier: P0-0003010000 Description: It is diagnostic information Entering AddressSpaceContext creator - starting creation the OPC UA Address Space.";;;;"2022-05-10T15:42:59.5513302Z";;
"UANodeSetValidation";Verbose;43988162;;"Trace: Verbose, Error Focus: Diagnostic, Identifier: P0-0003010000 Description: It is diagnostic information Address Space - the OPC UA defined has been uploaded.";;;;"2022-05-10T15:42:59.8356489Z";;
"UANodeSetValidation";Verbose;43988162;;"Trace: Verbose, Error Focus: Diagnostic, Identifier: P0-0003010000 Description: It is diagnostic information Finished import UANodeSet for http://opcfoundation.org/UA/; Imported 3909 nodes.";;;;"2022-05-10T15:43:28.1118995Z";;
"UANodeSetValidation";Verbose;43988162;;"Trace: Verbose, Error Focus: Diagnostic, Identifier: P0-0003010000 Description: It is diagnostic information Address Space - has bee created successfully.";;;;"2022-05-10T15:43:28.1118995Z";;
"AddressSpacePrototyping";Verbose;1637887216;;"Importing UANodeSet document from file C:\Users\merta\Desktop\UA-MAİN\UA-Nodeset\DI\Opc.Ua.Di.NodeSet2.xml";;;;"2022-05-10T15:43:28.1368330Z";;
"UANodeSetValidation";Information;190380256;;"Entering ImportNodeSet and starting model import form file Opc.Ua.Di.NodeSet2.xml";;;;"2022-05-10T15:43:28.1368330Z";;
"UANodeSetValidation";Verbose;43988162;;"Trace: Verbose, Error Focus: Diagnostic, Identifier: P0-0003010000 Description: It is diagnostic information Finished import UANodeSet for http://opcfoundation.org/UA/DI/; Imported 373 nodes.";;;;"2022-05-10T15:43:34.9186897Z";;
"AddressSpacePrototyping";Verbose;1637887216;;"Importing UANodeSet document from file C:\Users\merta\Desktop\UA-MAİN\UA-Nodeset\PlasticsRubber\GeneralTypes\1.03\Opc.Ua.PlasticsRubber.GeneralTypes.NodeSet2.xml";;;;"2022-05-10T15:43:34.9254291Z";;
"UANodeSetValidation";Information;190380256;;"Entering ImportNodeSet and starting model import form file Opc.Ua.PlasticsRubber.GeneralTypes.NodeSet2.xml";;;;"2022-05-10T15:43:34.9254291Z";;
"UANodeSetValidation";Warning;43988162;;"Trace: Warning, Error Focus: Diagnostic, Identifier: P0-0001010000 Description: The XML attribute or element is not supported and neglected. Extensions are omitted during the import";;;;"2022-05-10T15:43:34.9509660Z";;
"UANodeSetValidation";Verbose;43988162;;"Trace: Verbose, Error Focus: Diagnostic, Identifier: P0-0003010000 Description: It is diagnostic information Finished import UANodeSet for http://opcfoundation.org/UA/PlasticsRubber/GeneralTypes/; Imported 961 nodes.";;;;"2022-05-10T15:43:57.0714491Z";;
"AddressSpacePrototyping";Verbose;1637887216;;"Importing UANodeSet document from file C:\Users\merta\Desktop\UA-MAİN\UA-Nodeset\PlasticsRubber\Extrusion\GeneralTypes\1.01\Opc.Ua.PlasticsRubber.Extrusion.GeneralTypes.NodeSet2.xml";;;;"2022-05-10T15:43:57.0864095Z";;
"UANodeSetValidation";Information;190380256;;"Entering ImportNodeSet and starting model import form file Opc.Ua.PlasticsRubber.Extrusion.GeneralTypes.NodeSet2.xml";;;;"2022-05-10T15:43:57.0874065Z";;
"UANodeSetValidation";Warning;43988162;;"Trace: Warning, Error Focus: Diagnostic, Identifier: P0-0001010000 Description: The XML attribute or element is not supported and neglected. Extensions are omitted during the import";;;;"2022-05-10T15:43:57.1472483Z";;
"UANodeSetValidation";Verbose;43988162;;"Trace: Verbose, Error Focus: Diagnostic, Identifier: P0-0003010000 Description: It is diagnostic information Finished import UANodeSet for http://opcfoundation.org/UA/PlasticsRubber/Extrusion/GeneralTypes/; Imported 1130 nodes.";;;;"2022-05-10T15:44:36.0639903Z";;
"AddressSpacePrototyping";Verbose;1637887216;;"Importing UANodeSet document from file C:\Users\merta\Desktop\UA-MAİN\UA-Nodeset\PlasticsRubber\Extrusion\Die\1.00\Opc.Ua.PlasticsRubber.Extrusion.Die.NodeSet2.xml";;;;"2022-05-10T15:44:36.1053595Z";;
"UANodeSetValidation";Information;190380256;;"Entering ImportNodeSet and starting model import form file Opc.Ua.PlasticsRubber.Extrusion.Die.NodeSet2.xml";;;;"2022-05-10T15:44:36.1069203Z";;
"UANodeSetValidation";Warning;43988162;;"Trace: Warning, Error Focus: Diagnostic, Identifier: P0-0001010000 Description: The XML attribute or element is not supported and neglected. Extensions are omitted during the import";;;;"2022-05-10T15:44:36.2630112Z";;
"UANodeSetValidation";Verbose;43988162;;"Trace: Verbose, Error Focus: Diagnostic, Identifier: P0-0003010000 Description: It is diagnostic information Finished import UANodeSet for http://opcfoundation.org/UA/PlasticsRubber/Extrusion/Die/; Imported 33 nodes.";;;;"2022-05-10T15:44:37.8926296Z";;
"AddressSpacePrototyping";Verbose;1637887217;;"Validating and exporting a model from namespace http://opcfoundation.org/UA/PlasticsRubber/Extrusion/Die/";;;;"2022-05-10T15:44:37.9125759Z";;
"UANodeSetValidation";Information;856488909;;"Entering IAddressSpaceContext.ValidateAndExportModel - starting for the http://opcfoundation.org/UA/PlasticsRubber/Extrusion/Die/ namespace.";;;;"2022-05-10T15:44:38.6146484Z";;
"UANodeSetValidation";Verbose;938023414;;"Selected 1 types to be validated.";;;;"2022-05-10T15:44:38.9034935Z";;
"UANodeSetValidation";Verbose;863907859;;"Selected 0 instances referenced by the ObjectsFolder to be validated.";;;;"2022-05-10T15:44:38.9054892Z";;
"UANodeSetValidation";Information;711552454;;"Finishing Validator.ValidateExportModel - the model contains 1 nodes and no errors/warnings reported";;;;"2022-05-10T15:44:39.1728375Z";;
"AddressSpacePrototyping";Verbose;1637887217;;"Writing model to XML file Opc.Ua.PlasticsRubber.Extrusion.Die.Model.xml";;;;"2022-05-10T15:44:39.1728375Z";;
"UAModelDesignExport";Information;279330276;;"The ModelDesign XML has been saved to file Opc.Ua.PlasticsRubber.Extrusion.Die.Model.xml and decorated with the stylesheet XMLstylesheet";;;;"2022-05-10T15:44:39.9719762Z";;
"AddressSpacePrototyping";Verbose;918215642;;"Execution time = 100s";;;;"2022-05-10T15:44:40.4828644Z";;
